[    0.000000] Initializing cgroup subsys cpuset
[    0.000000] Initializing cgroup subsys cpu
[    0.000000] Initializing cgroup subsys cpuacct
[    0.000000] Linux version 4.4.0-210-generic (buildd@lgw01-amd64-009) (gcc version 5.4.0 20160609 (Ubuntu 5.4.0-6ubuntu1~16.04.12) ) #242-Ubuntu SMP Fri Apr 16 09:57:56 UTC 2021 (Ubuntu 4.4.0-210.242-generic 4.4.262)
[    0.000000] Command line: BOOT_IMAGE=/boot/vmlinuz-4.4.0-210-generic root=LABEL=cloudimg-rootfs ro console=tty1 console=ttyS0
[    0.000000] KERNEL supported cpus:
[    0.000000]   Intel GenuineIntel
[    0.000000]   AMD AuthenticAMD
[    0.000000]   Centaur CentaurHauls
[    0.000000] x86/fpu: xstate_offset[2]:  576, xstate_sizes[2]:  256
[    0.000000] x86/fpu: Supporting XSAVE feature 0x01: 'x87 floating point registers'
[    0.000000] x86/fpu: Supporting XSAVE feature 0x02: 'SSE registers'
[    0.000000] x86/fpu: Supporting XSAVE feature 0x04: 'AVX registers'
[    0.000000] x86/fpu: Enabled xstate features 0x7, context size is 832 bytes, using 'standard' format.
[    0.000000] e820: BIOS-provided physical RAM map:
[    0.000000] BIOS-e820: [mem 0x0000000000000000-0x000000000009fbff] usable
[    0.000000] BIOS-e820: [mem 0x000000000009fc00-0x000000000009ffff] reserved
[    0.000000] BIOS-e820: [mem 0x00000000000f0000-0x00000000000fffff] reserved
[    0.000000] BIOS-e820: [mem 0x0000000000100000-0x000000003ffeffff] usable
[    0.000000] BIOS-e820: [mem 0x000000003fff0000-0x000000003fffffff] ACPI data
[    0.000000] BIOS-e820: [mem 0x00000000fec00000-0x00000000fec00fff] reserved
[    0.000000] BIOS-e820: [mem 0x00000000fee00000-0x00000000fee00fff] reserved
[    0.000000] BIOS-e820: [mem 0x00000000fffc0000-0x00000000ffffffff] reserved
[    0.000000] NX (Execute Disable) protection: active
[    0.000000] SMBIOS 2.5 present.
[    0.000000] Hypervisor detected: KVM
[    0.000000] e820: last_pfn = 0x3fff0 max_arch_pfn = 0x400000000
[    0.000000] MTRR: Disabled
[    0.000000] x86/PAT: MTRRs disabled, skipping PAT initialization too.
[    0.000000] CPU MTRRs all blank - virtualized system.
[    0.000000] x86/PAT: Configuration [0-7]: WB  WT  UC- UC  WB  WT  UC- UC  
[    0.000000] found SMP MP-table at [mem 0x0009fff0-0x0009ffff] mapped at [ffff88000009fff0]
[    0.000000] Scanning 1 areas for low memory corruption
[    0.000000] RAMDISK: [mem 0x362de000-0x37166fff]
[    0.000000] ACPI: Early table checksum verification disabled
[    0.000000] ACPI: RSDP 0x00000000000E0000 000024 (v02 VBOX  )
[    0.000000] ACPI: XSDT 0x000000003FFF0030 00003C (v01 VBOX   VBOXXSDT 00000001 ASL  00000061)
[    0.000000] ACPI: FACP 0x000000003FFF00F0 0000F4 (v04 VBOX   VBOXFACP 00000001 ASL  00000061)
[    0.000000] ACPI: DSDT 0x000000003FFF0470 002325 (v02 VBOX   VBOXBIOS 00000002 INTL 20100528)
[    0.000000] ACPI: FACS 0x000000003FFF0200 000040
[    0.000000] ACPI: FACS 0x000000003FFF0200 000040
[    0.000000] ACPI: APIC 0x000000003FFF0240 00005C (v02 VBOX   VBOXAPIC 00000001 ASL  00000061)
[    0.000000] ACPI: SSDT 0x000000003FFF02A0 0001CC (v01 VBOX   VBOXCPUT 00000002 INTL 20100528)
[    0.000000] No NUMA configuration found
[    0.000000] Faking a node at [mem 0x0000000000000000-0x000000003ffeffff]
[    0.000000] NODE_DATA(0) allocated [mem 0x3ffeb000-0x3ffeffff]
[    0.000000] kvm-clock: Using msrs 4b564d01 and 4b564d00
[    0.000000] kvm-clock: cpu 0, msr 0:3ffe3001, primary cpu clock
[    0.000000] kvm-clock: using sched offset of 4475142619 cycles
[    0.000000] clocksource: kvm-clock: mask: 0xffffffffffffffff max_cycles: 0x1cd42e4dffb, max_idle_ns: 881590591483 ns
[    0.000000] Zone ranges:
[    0.000000]   DMA      [mem 0x0000000000001000-0x0000000000ffffff]
[    0.000000]   DMA32    [mem 0x0000000001000000-0x000000003ffeffff]
[    0.000000]   Normal   empty
[    0.000000]   Device   empty
[    0.000000] Movable zone start for each node
[    0.000000] Early memory node ranges
[    0.000000]   node   0: [mem 0x0000000000001000-0x000000000009efff]
[    0.000000]   node   0: [mem 0x0000000000100000-0x000000003ffeffff]
[    0.000000] Initmem setup node 0 [mem 0x0000000000001000-0x000000003ffeffff]
[    0.000000] ACPI: PM-Timer IO Port: 0x4008
[    0.000000] IOAPIC[0]: apic_id 2, version 32, address 0xfec00000, GSI 0-23
[    0.000000] ACPI: INT_SRC_OVR (bus 0 bus_irq 0 global_irq 2 dfl dfl)
[    0.000000] ACPI: INT_SRC_OVR (bus 0 bus_irq 9 global_irq 9 low level)
[    0.000000] Using ACPI (MADT) for SMP configuration information
[    0.000000] smpboot: Allowing 2 CPUs, 0 hotplug CPUs
[    0.000000] PM: Registered nosave memory: [mem 0x00000000-0x00000fff]
[    0.000000] PM: Registered nosave memory: [mem 0x0009f000-0x0009ffff]
[    0.000000] PM: Registered nosave memory: [mem 0x000a0000-0x000effff]
[    0.000000] PM: Registered nosave memory: [mem 0x000f0000-0x000fffff]
[    0.000000] e820: [mem 0x40000000-0xfebfffff] available for PCI devices
[    0.000000] Booting paravirtualized kernel on KVM
[    0.000000] clocksource: refined-jiffies: mask: 0xffffffff max_cycles: 0xffffffff, max_idle_ns: 7645519600211568 ns
[    0.000000] setup_percpu: NR_CPUS:512 nr_cpumask_bits:512 nr_cpu_ids:2 nr_node_ids:1
[    0.000000] PERCPU: Embedded 33 pages/cpu @ffff88003fc00000 s95192 r8192 d31784 u1048576
[    0.000000] Built 1 zonelists in Node order, mobility grouping on.  Total pages: 257912
[    0.000000] Policy zone: DMA32
[    0.000000] Kernel command line: BOOT_IMAGE=/boot/vmlinuz-4.4.0-210-generic root=LABEL=cloudimg-rootfs ro console=tty1 console=ttyS0
[    0.000000] PID hash table entries: 4096 (order: 3, 32768 bytes)
[    0.000000] Memory: 997796K/1048120K available (8644K kernel code, 1332K rwdata, 4044K rodata, 1492K init, 1164K bss, 50324K reserved, 0K cma-reserved)
[    0.000000] SLUB: HWalign=64, Order=0-3, MinObjects=0, CPUs=2, Nodes=1
[    0.000000] Kernel/User page tables isolation: enabled
[    0.000000] Hierarchical RCU implementation.
[    0.000000] 	Build-time adjustment of leaf fanout to 64.
[    0.000000] 	RCU restricting CPUs from NR_CPUS=512 to nr_cpu_ids=2.
[    0.000000] RCU: Adjusting geometry for rcu_fanout_leaf=64, nr_cpu_ids=2
[    0.000000] NR_IRQS:33024 nr_irqs:440 16
[    0.000000] Console: colour VGA+ 80x25
[    0.000000] console [tty1] enabled
[    0.000000] console [ttyS0] enabled
[    0.000000] tsc: Detected 2904.000 MHz processor
[    0.367100] Calibrating delay loop (skipped) preset value.. 5808.00 BogoMIPS (lpj=11616000)
[    0.369854] pid_max: default: 32768 minimum: 301
[    0.371347] ACPI: Core revision 20150930
[    0.375839] ACPI: 2 ACPI AML tables successfully acquired and loaded
[    0.378584] Security Framework initialized
[    0.381892] Yama: becoming mindful.
[    0.383291] AppArmor: AppArmor initialized
[    0.384880] Dentry cache hash table entries: 131072 (order: 8, 1048576 bytes)
[    0.426034] Inode-cache hash table entries: 65536 (order: 7, 524288 bytes)
[    0.429267] Mount-cache hash table entries: 2048 (order: 2, 16384 bytes)
[    0.432524] Mountpoint-cache hash table entries: 2048 (order: 2, 16384 bytes)
[    0.436339] Initializing cgroup subsys io
[    0.438072] Initializing cgroup subsys memory
[    0.440661] Initializing cgroup subsys devices
[    0.442920] Initializing cgroup subsys freezer
[    0.444521] Initializing cgroup subsys net_cls
[    0.446288] Initializing cgroup subsys perf_event
[    0.448822] Initializing cgroup subsys net_prio
[    0.451074] Initializing cgroup subsys hugetlb
[    0.453026] Initializing cgroup subsys pids
[    0.470438] mce: CPU supports 0 MCE banks
[    0.472401] Last level iTLB entries: 4KB 64, 2MB 8, 4MB 8
[    0.475396] Last level dTLB entries: 4KB 64, 2MB 0, 4MB 0, 1GB 4
[    0.478116] Spectre V1 : Mitigation: usercopy/swapgs barriers and __user pointer sanitization
[    0.482984] Spectre V2 : Mitigation: Full generic retpoline
[    0.486188] Spectre V2 : Spectre v2 / SpectreRSB mitigation: Filling RSB on context switch
[    0.491970] Speculative Store Bypass: Vulnerable
[    0.494375] SRBDS: Unknown: Dependent on hypervisor status
[    0.496731] MDS: Mitigation: Clear CPU buffers
[    0.505602] Freeing SMP alternatives memory: 36K
[    0.521785] ftrace: allocating 32380 entries in 127 pages
[    0.688769] smpboot: APIC(0) Converting physical 0 to logical package 0
[    0.694347] smpboot: Max logical packages: 1
[    0.697645] x2apic enabled
[    0.700027] Switched APIC routing to physical x2apic.
[    0.704539] ..TIMER: vector=0x30 apic1=0 pin1=2 apic2=-1 pin2=-1
[    0.814972] smpboot: CPU0: Intel(R) Core(TM) i7-7500U CPU @ 2.70GHz (family: 0x6, model: 0x8e, stepping: 0x9)
[    0.818417] Performance Events: unsupported p6 CPU model 142 no PMU driver, software events only.
[    0.878173] KVM setup paravirtual spinlock
[    0.882897] x86: Booting SMP configuration:
[    0.884397] .... node  #0, CPUs:      #1
[    0.885917] kvm-clock: cpu 1, msr 0:3ffe3041, secondary cpu clock
[    0.902588] mce: CPU supports 0 MCE banks
[    0.918665] x86: Booted up 1 node, 2 CPUs
[    0.921429] smpboot: Total of 2 processors activated (11616.00 BogoMIPS)
[    0.924979] devtmpfs: initialized
[    0.928477] evm: security.selinux
[    0.929697] evm: security.SMACK64
[    0.930857] evm: security.SMACK64EXEC
[    0.932444] evm: security.SMACK64TRANSMUTE
[    0.933884] evm: security.SMACK64MMAP
[    0.935176] evm: security.ima
[    0.936243] evm: security.capability
[    0.937743] clocksource: jiffies: mask: 0xffffffff max_cycles: 0xffffffff, max_idle_ns: 7645041785100000 ns
[    0.943003] futex hash table entries: 512 (order: 3, 32768 bytes)
[    0.947335] pinctrl core: initialized pinctrl subsystem
[    0.949781] RTC time:  9:03:31, date: 05/23/21
[    0.952727] NET: Registered protocol family 16
[    0.962484] cpuidle: using governor ladder
[    0.975663] cpuidle: using governor menu
[    0.977093] PCCT header not found.
[    0.978446] ACPI: bus type PCI registered
[    0.980354] acpiphp: ACPI Hot Plug PCI Controller Driver version: 0.5
[    0.983023] PCI: Using configuration type 1 for base access
[    1.003030] ACPI: Added _OSI(Module Device)
[    1.004750] ACPI: Added _OSI(Processor Device)
[    1.006428] ACPI: Added _OSI(3.0 _SCP Extensions)
[    1.008100] ACPI: Added _OSI(Processor Aggregator Device)
[    1.011045] ACPI: Executed 1 blocks of module-level executable AML code
[    1.016158] ACPI: Interpreter enabled
[    1.017568] ACPI: (supports S0 S5)
[    1.018892] ACPI: Using IOAPIC for interrupt routing
[    1.021060] PCI: Using host bridge windows from ACPI; if necessary, use "pci=nocrs" and report a bug
[    1.031126] ACPI: PCI Root Bridge [PCI0] (domain 0000 [bus 00-ff])
[    1.034228] acpi PNP0A03:00: _OSC: OS supports [ASPM ClockPM Segments MSI]
[    1.037260] acpi PNP0A03:00: _OSC: not requesting OS control; OS requires [ExtendedConfig ASPM ClockPM MSI]
[    1.041002] acpi PNP0A03:00: fail to add MMCONFIG information, can't access extended PCI configuration space under this bridge.
[    1.046970] PCI host bridge to bus 0000:00
[    1.048739] pci_bus 0000:00: root bus resource [io  0x0000-0x0cf7 window]
[    1.051040] pci_bus 0000:00: root bus resource [io  0x0d00-0xffff window]
[    1.052926] pci_bus 0000:00: root bus resource [mem 0x000a0000-0x000bffff window]
[    1.057660] pci_bus 0000:00: root bus resource [mem 0x40000000-0xfdffffff window]
[    1.060063] pci_bus 0000:00: root bus resource [bus 00-ff]
[    1.064820] pci 0000:00:01.1: legacy IDE quirk: reg 0x10: [io  0x01f0-0x01f7]
[    1.066849] pci 0000:00:01.1: legacy IDE quirk: reg 0x14: [io  0x03f6]
[    1.068824] pci 0000:00:01.1: legacy IDE quirk: reg 0x18: [io  0x0170-0x0177]
[    1.091103] pci 0000:00:01.1: legacy IDE quirk: reg 0x1c: [io  0x0376]
[    1.114779] pci 0000:00:07.0: quirk: [io  0x4000-0x403f] claimed by PIIX4 ACPI
[    1.117246] pci 0000:00:07.0: quirk: [io  0x4100-0x410f] claimed by PIIX4 SMB
[    1.135260] ACPI: PCI Interrupt Link [LNKA] (IRQs 5 9 10 *11)
[    1.138603] ACPI: PCI Interrupt Link [LNKB] (IRQs 5 9 *10 11)
[    1.141661] ACPI: PCI Interrupt Link [LNKC] (IRQs 5 *9 10 11)
[    1.145562] ACPI: PCI Interrupt Link [LNKD] (IRQs 5 9 10 *11)
[    1.149160] ACPI: Enabled 2 GPEs in block 00 to 07
[    1.151085] vgaarb: setting as boot device: PCI:0000:00:02.0
[    1.152808] vgaarb: device added: PCI:0000:00:02.0,decodes=io+mem,owns=io+mem,locks=none
[    1.155537] vgaarb: loaded
[    1.156623] vgaarb: bridge control possible 0000:00:02.0
[    1.159123] SCSI subsystem initialized
[    1.160716] ACPI: bus type USB registered
[    1.162262] usbcore: registered new interface driver usbfs
[    1.164991] usbcore: registered new interface driver hub
[    1.168446] usbcore: registered new device driver usb
[    1.205312] PCI: Using ACPI for IRQ routing
[    1.207350] NetLabel: Initializing
[    1.208632] NetLabel:  domain hash size = 128
[    1.210050] NetLabel:  protocols = UNLABELED CIPSOv4
[    1.211671] NetLabel:  unlabeled traffic allowed by default
[    1.213491] amd_nb: Cannot enumerate AMD northbridges
[    1.215172] clocksource: Switched to clocksource kvm-clock
[    1.289010] AppArmor: AppArmor Filesystem Enabled
[    1.291923] pnp: PnP ACPI init
[    1.294763] pnp: PnP ACPI: found 3 devices
[    1.304414] clocksource: acpi_pm: mask: 0xffffff max_cycles: 0xffffff, max_idle_ns: 2085701024 ns
[    1.309132] NET: Registered protocol family 2
[    1.311349] TCP established hash table entries: 8192 (order: 4, 65536 bytes)
[    1.313473] TCP bind hash table entries: 8192 (order: 5, 131072 bytes)
[    1.315376] TCP: Hash tables configured (established 8192 bind 8192)
[    1.317887] UDP hash table entries: 512 (order: 2, 16384 bytes)
[    1.320981] UDP-Lite hash table entries: 512 (order: 2, 16384 bytes)
[    1.323476] NET: Registered protocol family 1
[    1.324927] pci 0000:00:00.0: Limiting direct PCI/PCI transfers
[    1.326679] pci 0000:00:01.0: Activating ISA DMA hang workarounds
[    1.328743] Unpacking initramfs...
[    2.722122] Freeing initrd memory: 14884K
[    2.723761] clocksource: tsc: mask: 0xffffffffffffffff max_cycles: 0x29dc05e54fc, max_idle_ns: 440795291716 ns
[    2.726794] platform rtc_cmos: registered platform RTC device (no PNP device found)
[    2.730317] Scanning for low memory corruption every 60 seconds
[    2.735156] audit: initializing netlink subsys (disabled)
[    2.740905] audit: type=2000 audit(1621760618.476:1): initialized
[    2.743971] Initialise system trusted keyring
[    2.746998] HugeTLB registered 2 MB page size, pre-allocated 0 pages
[    2.754414] zbud: loaded
[    2.762492] VFS: Disk quotas dquot_6.6.0
[    2.766979] VFS: Dquot-cache hash table entries: 512 (order 0, 4096 bytes)
[    2.769384] squashfs: version 4.0 (2009/01/31) Phillip Lougher
[    2.771848] fuse init (API version 7.23)
[    2.774133] Key type big_key registered
[    2.775812] Allocating IMA MOK and blacklist keyrings.
[    2.780202] Key type asymmetric registered
[    2.782088] Asymmetric key parser 'x509' registered
[    2.784067] Block layer SCSI generic (bsg) driver version 0.4 loaded (major 249)
[    2.786801] io scheduler noop registered
[    2.788664] io scheduler deadline registered (default)
[    2.790372] io scheduler cfq registered
[    2.791859] pci_hotplug: PCI Hot Plug PCI Core version: 0.5
[    2.795689] pciehp: PCI Express Hot Plug Controller Driver version: 0.4
[    2.798673] ACPI: AC Adapter [AC] (off-line)
[    2.801183] input: Power Button as /devices/LNXSYSTM:00/LNXPWRBN:00/input/input0
[    2.805000] ACPI: Power Button [PWRF]
[    2.806838] input: Sleep Button as /devices/LNXSYSTM:00/LNXSLPBN:00/input/input1
[    2.812079] ACPI: Sleep Button [SLPF]
[    2.814448] GHES: HEST is not enabled!
[    2.815408] ACPI: Battery Slot [BAT0] (battery present)
[    2.819211] Serial: 8250/16550 driver, 32 ports, IRQ sharing enabled
[    2.849918] 00:02: ttyS0 at I/O 0x3f8 (irq = 4, base_baud = 115200) is a 16550A
[    2.855647] Linux agpgart interface v0.103
[    2.865977] loop: module loaded
[    2.868955] scsi host0: ata_piix
[    2.870634] scsi host1: ata_piix
[    2.872255] ata1: PATA max UDMA/33 cmd 0x1f0 ctl 0x3f6 bmdma 0xd000 irq 14
[    2.874250] ata2: PATA max UDMA/33 cmd 0x170 ctl 0x376 bmdma 0xd008 irq 15
[    2.876539] libphy: Fixed MDIO Bus: probed
[    2.878575] tun: Universal TUN/TAP device driver, 1.6
[    2.880169] tun: (C) 1999-2004 Max Krasnyansky <maxk@qualcomm.com>
[    2.882805] PPP generic driver version 2.4.2
[    2.895617] ehci_hcd: USB 2.0 'Enhanced' Host Controller (EHCI) Driver
[    2.908351] ehci-pci: EHCI PCI platform driver
[    2.911756] ehci-platform: EHCI generic platform driver
[    2.914010] ohci_hcd: USB 1.1 'Open' Host Controller (OHCI) Driver
[    2.919751] ohci-pci: OHCI PCI platform driver
[    2.924275] ohci-platform: OHCI generic platform driver
[    2.927437] uhci_hcd: USB Universal Host Controller Interface driver
[    2.930969] i8042: PNP: PS/2 Controller [PNP0303:PS2K,PNP0f03:PS2M] at 0x60,0x64 irq 1,12
[    2.941730] serio: i8042 KBD port at 0x60,0x64 irq 1
[    2.945024] serio: i8042 AUX port at 0x60,0x64 irq 12
[    2.946975] mousedev: PS/2 mouse device common for all mice
[    2.950888] input: AT Translated Set 2 keyboard as /devices/platform/i8042/serio0/input/input2
[    2.955774] rtc_cmos rtc_cmos: rtc core: registered rtc_cmos as rtc0
[    2.958167] rtc_cmos rtc_cmos: alarms up to one day, 114 bytes nvram
[    2.960008] i2c /dev entries driver
[    2.961683] device-mapper: uevent: version 1.0.3
[    2.963718] device-mapper: ioctl: 4.34.0-ioctl (2015-10-28) initialised: dm-devel@redhat.com
[    2.967172] ledtrig-cpu: registered to indicate activity on CPUs
[    2.971448] NET: Registered protocol family 10
[    2.973671] NET: Registered protocol family 17
[    2.975368] Key type dns_resolver registered
[    2.977545] registered taskstats version 1
[    2.979305] Loading compiled-in X.509 certificates
[    2.982168] Loaded X.509 cert 'Build time autogenerated kernel key: cf00e047681d67edb2720680708b7d9498083038'
[    2.985379] zswap: loaded using pool lzo/zbud
[    2.989300] Key type trusted registered
[    2.994559] Key type encrypted registered
[    2.997255] AppArmor: AppArmor sha1 policy hashing enabled
[    2.998887] ima: No TPM chip found, activating TPM-bypass!
[    3.001801] ima: Allocated hash algorithm: sha1
[    3.004306] evm: HMAC attrs: 0x1
[    3.006402]   Magic number: 5:189:71
[    3.007838] rtc_cmos rtc_cmos: setting system clock to 2021-05-23 09:03:33 UTC (1621760613)
[    3.010703] BIOS EDD facility v0.16 2004-Jun-25, 0 devices found
[    3.012840] EDD information not available.
[    3.060313] Freeing unused kernel memory: 1492K
[    3.063005] Write protecting the kernel read-only data: 14336k
[    3.066693] Freeing unused kernel memory: 1584K
[    3.068525] Freeing unused kernel memory: 52K
Loading, please wait...
starting version 229
[    3.087843] random: systemd-udevd: uninitialized urandom read (16 bytes read, 5 bits of entropy available)
[    3.088674] random: udevadm: uninitialized urandom read (16 bytes read, 5 bits of entropy available)
[    3.088709] random: udevadm: uninitialized urandom read (16 bytes read, 5 bits of entropy available)
[    3.099838] random: systemd-udevd: uninitialized urandom read (16 bytes read, 5 bits of entropy available)
[    3.101864] random: udevadm: uninitialized urandom read (16 bytes read, 5 bits of entropy available)
[    3.101930] random: udevadm: uninitialized urandom read (16 bytes read, 5 bits of entropy available)
[    3.102131] random: udevadm: uninitialized urandom read (16 bytes read, 5 bits of entropy available)
[    3.102209] random: udevadm: uninitialized urandom read (16 bytes read, 5 bits of entropy available)
[    3.102289] random: udevadm: uninitialized urandom read (16 bytes read, 5 bits of entropy available)
[    3.102368] random: udevadm: uninitialized urandom read (16 bytes read, 5 bits of entropy available)
[    3.190782] e1000: Intel(R) PRO/1000 Network Driver - version 7.3.21-k8-NAPI
[    3.199411] e1000: Copyright (c) 1999-2006 Intel Corporation.
[    3.202438] Fusion MPT base driver 3.04.20
[    3.204424] Copyright (c) 1999-2008 LSI Corporation
[    3.212658] Fusion MPT SPI Host driver 3.04.20
[    3.254598] AVX2 version of gcm_enc/dec engaged.
[    3.257066] AES CTR mode by8 optimization enabled
[    3.424553] input: ImExPS/2 Generic Explorer Mouse as /devices/platform/i8042/serio1/input/input4
[    3.736026] e1000 0000:00:03.0 eth0: (PCI:33MHz:32-bit) 02:ed:98:3c:8e:82
[    3.738910] e1000 0000:00:03.0 eth0: Intel(R) PRO/1000 Network Connection
[    3.741955] mptbase: ioc0: Initiating bringup
[    4.515769] ioc0: LSI53C1030 A0: Capabilities={Initiator}
[    6.325135] scsi host2: ioc0: LSI53C1030 A0, FwRev=00000000h, Ports=1, MaxQ=256, IRQ=20
[    7.325163] scsi 2:0:0:0: Direct-Access     VBOX     HARDDISK         1.0  PQ: 0 ANSI: 5
[    7.353049] scsi target2:0:0: Beginning Domain Validation
[    7.369595] scsi target2:0:0: Domain Validation skipping write tests
[    7.376501] scsi target2:0:0: Ending Domain Validation
[    7.387644] scsi target2:0:0: asynchronous
[    7.394758] scsi 2:0:1:0: Direct-Access     VBOX     HARDDISK         1.0  PQ: 0 ANSI: 5
[    7.403093] scsi target2:0:1: Beginning Domain Validation
[    7.411692] scsi target2:0:1: Domain Validation skipping write tests
[    7.417032] scsi target2:0:1: Ending Domain Validation
[    7.420970] scsi target2:0:1: asynchronous
[    7.481183] sd 2:0:0:0: Attached scsi generic sg0 type 0
[    7.485548] sd 2:0:1:0: Attached scsi generic sg1 type 0
[    7.488739] sd 2:0:0:0: [sda] 83886080 512-byte logical blocks: (42.9 GB/40.0 GiB)
[    7.493003] sd 2:0:1:0: [sdb] 20480 512-byte logical blocks: (10.5 MB/10.0 MiB)
[    7.497665] sd 2:0:0:0: [sda] Write Protect is off
[    7.500874] sd 2:0:1:0: [sdb] Write Protect is off
[    7.503429] sd 2:0:0:0: [sda] Incomplete mode parameter data
[    7.506777] sd 2:0:0:0: [sda] Assuming drive cache: write through
[    7.510873] sd 2:0:1:0: [sdb] Incomplete mode parameter data
[    7.514145] sd 2:0:1:0: [sdb] Assuming drive cache: write through
[    7.520889]  sda: sda1
[    7.525626] sd 2:0:0:0: [sda] Attached SCSI disk
[    7.530053] sd 2:0:1:0: [sdb] Attached SCSI disk
[    8.356112] e1000 0000:00:08.0 eth1: (PCI:33MHz:32-bit) 08:00:27:b0:08:f5
[    8.363385] e1000 0000:00:08.0 eth1: Intel(R) PRO/1000 Network Connection
[    8.370324] e1000 0000:00:03.0 enp0s3: renamed from eth0
[    8.387583] e1000 0000:00:08.0 enp0s8: renamed from eth1
Begin: Loading essential drivers ... [   10.293445] md: linear personality registered for level -1
[   10.305660] md: multipath personality registered for level -4
[   10.311906] md: raid0 personality registered for level 0
[   10.317304] md: raid1 personality registered for level 1
[   10.391184] raid6: sse2x1   gen()  8733 MB/s
[   10.459241] raid6: sse2x1   xor()  6460 MB/s
[   10.527221] raid6: sse2x2   gen()  8464 MB/s
[   10.595185] raid6: sse2x2   xor()  5392 MB/s
[   10.663200] raid6: sse2x4   gen()  9717 MB/s
[   10.731259] raid6: sse2x4   xor()  6500 MB/s
[   10.799211] raid6: avx2x1   gen() 11562 MB/s
[   10.867224] raid6: avx2x2   gen() 14352 MB/s
[   10.935224] raid6: avx2x4   gen() 18431 MB/s
[   10.936570] raid6: using algorithm avx2x4 gen() 18431 MB/s
[   10.938072] raid6: using avx2x2 recovery algorithm
[   10.941626] xor: automatically using best checksumming function:
[   10.979293]    avx       : 19385.000 MB/sec
[   10.983497] async_tx: api initialized (async)
[   10.998140] md: raid6 personality registered for level 6
[   10.999420] md: raid5 personality registered for level 5
[   11.000694] md: raid4 personality registered for level 4
[   11.009428] md: raid10 personality registered for level 10
done.
Begin: Running /scripts/init-premount ... done.
Begin: Mounting root file system ... Begin: Running /scripts/local-top ... done.
Begin: Running /scripts/local-premount ... [   11.047571] Btrfs loaded
Scanning for Btrfs filesystems
done.
Warning: fsck not present, so skipping root file system
[   11.085223] EXT4-fs (sda1): mounted filesystem with ordered data mode. Opts: (null)
done.
Begin: Running /scripts/local-bottom ... done.
Begin: Running /scripts/init-bottom ... done.
[   11.217006] systemd[1]: systemd 229 running in system mode. (+PAM +AUDIT +SELINUX +IMA +APPARMOR +SMACK +SYSVINIT +UTMP +LIBCRYPTSETUP +GCRYPT +GNUTLS +ACL +XZ -LZ4 +SECCOMP +BLKID +ELFUTILS +KMOD -IDN)
[   11.222790] systemd[1]: Detected virtualization oracle.
[   11.224254] systemd[1]: Detected architecture x86-64.

Welcome to [1mUbuntu 16.04.7 LTS[0m!

[   11.229066] systemd[1]: Set hostname to <ubuntu>.
[   11.232627] systemd[1]: Initializing machine ID from random generator.
[   11.234380] systemd[1]: Installed transient /etc/machine-id file.
[   11.413070] systemd[1]: Started Trigger resolvconf update for networkd DNS.
[[0;32m  OK  [0m] Started Trigger resolvconf update for networkd DNS.
[   11.423603] systemd[1]: Started Forward Password Requests to Wall Directory Watch.
[[0;32m  OK  [0m] Started Forward Password Requests to Wall Directory Watch.
[   11.432607] systemd[1]: Set up automount Arbitrary Executable File Formats File System Automount Point.
[[0;32m  OK  [0m] Set up automount Arbitrary Executab...ats File System Automount Point.
[   11.436883] systemd[1]: Reached target Swap.
[[0;32m  OK  [0m] Reached target Swap.
[   11.448819] systemd[1]: Created slice System Slice.
[[0;32m  OK  [0m] Created slice System Slice.
[   11.451652] systemd[1]: Listening on fsck to fsckd communication Socket.
[[0;32m  OK  [0m] Listening on fsck to fsckd communication Socket.
[   11.459728] systemd[1]: Created slice User and Session Slice.
[[0;32m  OK  [0m] Created slice User and Session Slice.
[   11.461886] systemd[1]: Listening on Device-mapper event daemon FIFOs.
[[0;32m  OK  [0m] Listening on Device-mapper event daemon FIFOs.
[   11.466540] systemd[1]: Listening on LVM2 poll daemon socket.
[[0;32m  OK  [0m] Listening on LVM2 poll daemon socket.
[   11.476132] systemd[1]: Listening on LVM2 metadata daemon socket.
[[0;32m  OK  [0m] Listening on LVM2 metadata daemon socket.
[   11.479815] systemd[1]: Listening on /dev/initctl Compatibility Named Pipe.
[[0;32m  OK  [0m] Listening on /dev/initctl Compatibility Named Pipe.
[   11.483469] systemd[1]: Listening on Journal Audit Socket.
[[0;32m  OK  [0m] Listening on Journal Audit Socket.
[   11.488786] systemd[1]: Reached target System Time Synchronized.
[[0;32m  OK  [0m] Reached target System Time Synchronized.
[   11.499778] systemd[1]: Listening on udev Control Socket.
[[0;32m  OK  [0m] Listening on udev Control Socket.
[   11.504226] systemd[1]: Reached target User and Group Name Lookups.
[[0;32m  OK  [0m] Reached target User and Group Name Lookups.
[   11.509624] systemd[1]: Listening on Journal Socket (/dev/log).
[[0;32m  OK  [0m] Listening on Journal Socket (/dev/log).
[   11.520018] systemd[1]: Reached target Encrypted Volumes.
[[0;32m  OK  [0m] Reached target Encrypted Volumes.
[   11.524585] systemd[1]: Listening on Journal Socket.
[[0;32m  OK  [0m] Listening on Journal Socket.
[   11.539610] systemd[1]: Starting Uncomplicated firewall...
         Starting Uncomplicated firewall...
[   11.548404] systemd[1]: Mounting Debug File System...
         Mounting Debug File System...
[   11.560609] systemd[1]: Starting Nameserver information manager...
         Starting Nameserver information manager...
[   11.567662] systemd[1]: Starting Load Kernel Modules...
         Starting Load Kernel Modules...
[   11.571396] systemd[1]: Starting Set console keymap...
         Starting Set console keymap...
[   11.576374] systemd[1]: Starting Monitoring of LVM2 mirrors, snapshots etc. using dmeventd or progress polling...
         Starting Monitoring of LVM2 mirrors... dmeventd or progress polling...
[   11.586750] Loading iSCSI transport class v2.0-870.
[   11.589735] systemd[1]: Mounting Huge Pages File System...
         Mounting Huge Pages File System...
[   11.595019] systemd[1]: Mounting POSIX Message Queue File System...
         Mounting POSIX Message Queue File System...
[   11.608581] systemd[1]: Starting File System Check on Root Device...
         Starting File System Check on Root Device...
[   11.612549] systemd[1]: Listening on udev Kernel Socket.
[[0;32m  OK  [0m] Listening on udev Kernel Socket.
[   11.620841] systemd[1]: Starting Create list of required static device nodes for the current kernel...
         Starting Create list of required st... nodes for the current kernel...
[   11.631155] iscsi: registered transport (tcp)
[   11.634836] systemd[1]: Created slice system-serial\x2dgetty.slice.
[[0;32m  OK  [0m] Created slice system-serial\x2dgetty.slice.
[   11.652717] systemd[1]: Reached target Slices.
[[0;32m  OK  [0m] Reached target Slices.
[   11.657714] systemd[1]: Listening on Syslog Socket.
[[0;32m  OK  [0m] Listening on Syslog Socket.
[   11.683589] systemd[1]: Starting Journal Service...
         Starting Journal Service...
[   11.690704] iscsi: registered transport (iser)
[   11.696624] systemd[1]: Mounted POSIX Message Queue File System.
[[0;32m  OK  [0m] Mounted POSIX Message Queue File System.
[   11.701699] systemd[1]: Mounted Debug File System.
[[0;32m  OK  [0m] Mounted Debug File System.
[   11.710371] systemd[1]: Mounted Huge Pages File System.
[[0;32m  OK  [0m] Mounted Huge Pages File System.
[   11.720563] systemd[1]: Started Uncomplicated firewall.
[[0;32m  OK  [0m] Started Uncomplicated firewall.
[   11.756553] systemd[1]: Started Load Kernel Modules.
[[0;32m  OK  [0m] Started Load Kernel Modules.
[   11.765003] systemd[1]: Started Set console keymap.
[[0;32m  OK  [0m] Started Set console keymap.
[   11.778076] systemd[1]: Started File System Check on Root Device.
[[0;32m  OK  [0m] Started File System Check on Root Device.
[   11.786646] systemd[1]: Started Create list of required static device nodes for the current kernel.
[[0;32m  OK  [0m] Started Create list of required sta...ce nodes for the current kernel.
[   11.812122] systemd[1]: Started Nameserver information manager.
[[0;32m  OK  [0m] Started Nameserver information manager.
[   11.833783] systemd[1]: Started Journal Service.
[[0;32m  OK  [0m] Started Journal Service.
[[0;32m  OK  [0m] Started File System Check Daemon to report status.
[[0;32m  OK  [0m] Started LVM2 metadata daemon.
         Starting Create Static Device Nodes in /dev...
         Starting Remount Root and Kernel File Systems...
         Mounting FUSE Control File System...
[   11.868138] random: nonblocking pool is initialized
         Starting Apply Kernel Variables...
[[0;32m  OK  [0m] Mounted FUSE Control File System.
[   11.879365] EXT4-fs (sda1): re-mounted. Opts: (null)
[[0;32m  OK  [0m] Started Remount Root and Kernel File Systems.
[[0;32m  OK  [0m] Started Create Static Device Nodes in /dev.
[[0;32m  OK  [0m] Started Apply Kernel Variables.
         Starting udev Kernel Device Manager...
         Starting Flush Journal to Persistent Storage...
         Starting Load/Save Random Seed...
         Starting udev Coldplug all Devices...
[[0;32m  OK  [0m] Started Load/Save Random Seed.
[[0;32m  OK  [0m] Started Flush Journal to Persistent Storage.
[[0;32m  OK  [0m] Started udev Kernel Device Manager.
[[0;32m  OK  [0m] Started udev Coldplug all Devices.
[[0;32m  OK  [0m] Started Dispatch Password Requests to Console Directory Watch.
[[0;32m  OK  [0m] Found device /dev/ttyS0.
[[0;32m  OK  [0m] Listening on Load/Save RF Kill Switch Status /dev/rfkill Watch.
[[0;32m  OK  [0m] Started Monitoring of LVM2 mirrors,...ng dmeventd or progress polling.
[[0;32m  OK  [0m] Reached target Local File Systems (Pre).
[[0;32m  OK  [0m] Reached target Local File Systems.
         Starting Commit a transient machine-id on disk...
         Starting Create Volatile Files and Directories...
         Starting Set console font and keymap...
         Starting LSB: AppArmor initialization...
         Starting Initial cloud-init job (pre-networking)...
         Starting Tell Plymouth To Write Out Runtime Data...
[[0;32m  OK  [0m] Started Create Volatile Files and Directories.
         Starting Update UTMP about System Boot/Shutdown...
[[0;32m  OK  [0m] Started Commit a transient machine-id on disk.
[[0;32m  OK  [0m] Started Tell Plymouth To Write Out Runtime Data.
[[0;32m  OK  [0m] Started Update UTMP about System Boot/Shutdown.
[   14.261206] cloud-init[533]: Cloud-init v. 21.1-19-gbad84ad4-0ubuntu1~16.04.2 running 'init-local' at Sun, 23 May 2021 09:03:44 +0000. Up 13.42 seconds.
[[0;32m  OK  [0m] Started Initial cloud-init job (pre-networking).
[[0;32m  OK  [0m] Reached target Network (Pre).
[[0;32m  OK  [0m] Started Set console font and keymap.
[[0;32m  OK  [0m] Created slice system-getty.slice.
[[0;32m  OK  [0m] Started LSB: AppArmor initialization.
         Starting Load AppArmor profiles managed internally by snapd...
         Starting Raise network interfaces...
[[0;32m  OK  [0m] Started Load AppArmor profiles managed internally by snapd.
[[0;32m  OK  [0m] Started Raise network interfaces.
         Starting Initial cloud-init job (metadata service crawler)...
[[0;32m  OK  [0m] Reached target Network.
[   17.530250] cloud-init[964]: Cloud-init v. 21.1-19-gbad84ad4-0ubuntu1~16.04.2 running 'init' at Sun, 23 May 2021 09:03:47 +0000. Up 16.77 seconds.
[   17.533574] cloud-init[964]: ci-info: ++++++++++++++++++++++++++++++++++++++Net device info+++++++++++++++++++++++++++++++++++++++
[   17.536984] cloud-init[964]: ci-info: +--------+-------+----------------------------+---------------+--------+-------------------+
[   17.541871] cloud-init[964]: ci-info: | Device |   Up  |          Address           |      Mask     | Scope  |     Hw-Address    |
[   17.545540] cloud-init[964]: ci-info: +--------+-------+----------------------------+---------------+--------+-------------------+
[   17.548456] cloud-init[964]: ci-info: | enp0s3 |  True |         10.0.2.15          | 255.255.255.0 | global | 02:ed:98:3c:8e:82 |
[   17.551514] cloud-init[964]: ci-info: | enp0s3 |  True | fe80::ed:98ff:fe3c:8e82/64 |       .       |  link  | 02:ed:98:3c:8e:82 |
[   17.554170] cloud-init[964]: ci-info: | enp0s8 | False |             .              |       .       |   .    | 08:00:27:b0:08:f5 |
[   17.564509] cloud-init[964]: ci-info: |   lo   |  True |         127.0.0.1          |   255.0.0.0   |  host  |         .         |
[   17.570304] cloud-init[964]: ci-info: |   lo   |  True |          ::1/128           |       .       |  host  |         .         |
[   17.580408] cloud-init[964]: ci-info: +--------+-------+----------------------------+---------------+--------+-------------------+
[   17.585120] cloud-init[964]: ci-info: +++++++++++++++++++++++++++Route IPv4 info++++++++++++++++++++++++++++
[   17.588265] cloud-init[964]: ci-info: +-------+-------------+----------+---------------+-----------+-------+
[   17.593201] cloud-init[964]: ci-info: | Route | Destination | Gateway  |    Genmask    | Interface | Flags |
[   17.603353] cloud-init[964]: ci-info: +-------+-------------+----------+---------------+-----------+-------+
[   17.616780] cloud-init[964]: ci-info: |   0   |   0.0.0.0   | 10.0.2.2 |    0.0.0.0    |   enp0s3  |   UG  |
[   17.620725] cloud-init[[0;32m  OK  [0m] Started Initial cloud-init job (metadata service crawler).
[[0;32m  OK  [0m] Reached target Cloud-config availability.
[964]: ci-info: |   1   |   10.0.2.0  | 0.0.0.0  | 255.255.255.0 |   enp0s3  |   U   |
[   17.626832] [cloud-init[0;32m  OK  [0m[964]: ] ci-info: +-------+-------------+----------+---------------+-----------+-------+Reached target System Initialization.

[   17.629465] cloud-init         [964]: Starting Socket activation for snappy daemon.ci-info: +++++++++++++++++++Route IPv6 info+++++++++++++++++++

[   17.632433] [[0;32m  OK  [0m] Listening on UUID daemon activation socket.
[[0;32m  OK  [0m] Started Daily Cleanup of Temporary Directories.
cloud-init[964]: ci-info: +-------+-------------+---------+-----------+-------+
[   17.636156] cloud-init[964]: ci-info: | Route | Destination | Gateway | Interface | Flags |
[   17.638456] [[0;32m  OK  [0m] Started ACPI Events Check.
[[0;32m  OK  [0m] Reached target Paths.
cloud-init[964]: ci-info: +-------+-------------+---------+-----------+-------+
[   17.642308] [[0;32m  OK  [0m] Listening on D-Bus System Message Bus Socket.
cloud-init[[0;32m  OK  [0m] Listening on ACPID Listen Socket.
[964]:          Starting LXD - unix socket.
[[0;32m  OK  [0m] Started Daily apt download activities.
[[0;32m  OK  [0m] Started Daily apt upgrade and clean activities.
[[0;32m  OK  [0m] Started Message of the Day.
[[0;32m  OK  [0m] Reached target Timers.
[[0;32m  OK  [0m] Reached target Network is Online.
ci-info: |   0   |  fe80::/64  |    ::   |   enp0s3  |   U   |
[   17.659405] cloud-init[964]: ci-info: |   3   |   ff00::/8  |    ::   |   enp0s3  |   U   |
[   17.661814] cloud-init[964]: ci-info: +-------+-------------+---------+-----------+-------+
[   17.664275]          Starting iSCSI initiator daemon (iscsid)...
[[0;32m  OK  [0m] Listening on Socket activation for snappy daemon.
[[0;32m  OK  [0m] Listening on LXD - unix socket.
[[0;32m  OK  [0m] Reached target Sockets.
[[0;32m  OK  [0m] Reached target Basic System.
cloud-init[964]: Generating public/private rsa key pair.
         Starting LXD - container startup/shutdown...
[[0;32m  OK  [0m] Started Deferred execution scheduler.
[[0;32m  OK  [0m] Started Regular background program processing daemon.
[   17.669708]          Starting Accounts Service...
[[0;32m  OK  [0m] Started FUSE filesystem for LXC.
cloud-init[964]: Your identification has been saved in /etc/ssh/ssh_host_rsa_key.
[   17.683358] cloud-init         Starting Pollinate to seed the pseudo random number generator...
[964]: Your public key has been saved in /etc/ssh/ssh_host_rsa_key.pub.[[0;32m  OK  [0m] Started ACPI event daemon.

[[0;32m  OK  [0m] Started D-Bus System Message Bus.
[   17.693100] cloud-init[964]: The key fingerprint is:
[   17.710349] cloud-init[964]: SHA256:E6KmrYeYwqlmXaxBcTzsUrKlFmUyIJiaJjs8Pj3mtMk root@ubuntu-xenial
[   17.712560] cloud-init[964]: The key's randomart image is:
[   17.714339] cloud-init[964]: +---[RSA 2048]----+
[   17.716566] cloud-init[964]: |oo.o+o           |
[   17.718521] cloud-init[964]: |+  ++B           |
[   17.721064] cloud-init[964]: |..  @ o .        |
[   17.726223] cloud-init[964]: |+. * o . .       |
[   17.730557] cloud-init[964]: |+.o =   S        |
[   17.736205] cloud-init[964]: |oo = o   .       |
[   17.739748] cloud-init[964]: |o+*o=            |
[   17.747067] cloud-init[964]: |+B+B+            |
[   17.749817] cloud-init[964]: |* =E.            |
[   17.756337] cloud-init[964]: +----[SHA256]-----+
[   17.758769] cloud-init[964]: Generating public/private dsa key pair.
[   17.760505] cloud-init[964]: Your identification has been saved in /etc/ssh/ssh_host_dsa_key.
[   17.762631] cloud-init[964]: Your public key has been saved in /etc/ssh/ssh_host_dsa_key.pub.
[   17.765039] cloud-init[964]: The key fingerprint is:
[   17.766730] cloud-init[964]: SHA256:UDuD0MFT1lBWU1uJq+iay3aAjGRAX/5a4kvigp1Zsqo root@ubuntu-xenial
[   17.776290]          Starting Virtualbox guest utils...
cloud-init         Starting /etc/rc.local Compatibility...
         Starting LSB: Record successful boot for GRUB...
         Starting Login Service...
         Starting System Logging Service...
         Starting LSB: MD monitoring daemon...
         Starting Snap Daemon...
[[0;32m  OK  [0m] Started /etc/rc.local Compatibility.
[964]: The key's randomart image is:
[   17.811824] cloud-init[964]: +---[DSA 1024]----+
[   17.826404] cloud-init[964]: |..  .+.o=+o.o.o o|
         Starting Authenticate and Authorize Users to Run Privileged Tasks...
[   17.834768] cloud-init[964]: | .. o.++ o.  o + |
[[0;32m  OK  [0m] Started iSCSI initiator daemon (iscsid).
[   17.845564] cloud-init[964]: |  .. .o.+     o  |
[   17.852210]          Starting Login to default iSCSI targets...
[[0;32m  OK  [0m] Started Login Service.
cloud-init[964]: |   o  .. o   .   |
[[0;32m  OK  [0m] Started Unattended Upgrades Shutdown.
[[0;32m  OK  [0m] Started System Logging Service.
[   17.857557] cloud-init[964]: |  o o..oS . .    |
[   17.884221] cloud-init[964]: |  ..oo+. . .     |
[   17.900613] cloud-init[964]: |.. B +  o        |
[   17.905404] cloud-init[964]: |..* o o..o       |
[[0;32m  OK  [0m] Started LSB: MD monitoring daemon.
[   17.912864] cloud-init[964]: [[0;32m  OK  [0m] Started Authenticate and Authorize Users to Run Privileged Tasks.
|E... ..=+        |
[   17.935574] cloud-init[964]: [+----[SHA256]-----+[0;32m  OK  [0m] Started Accounts Service.
[[0;32m  OK  [0m] Started Login to default iSCSI targets.
[[0;32m  OK  [0m] Reached target Remote File Systems (Pre).
[[0;32m  OK  [0m] Reached target Remote File Systems.
         Starting LSB: automatic crash report generation...
         Starting LSB: Set the CPU Frequency Scaling governor to "ondemand"...
         Starting Permit User Sessions...
         Starting LSB: daemon to balance interrupts for SMP systems...
[[0;32m  OK  [0m] Started LXD - container startup/shutdown.
[[0;32m  OK  [0m] Started Permit User Sessions.
         Starting Terminate Plymouth Boot Screen...
         Starting Hold until boot process finishes up...
[[0;32m  OK  [0m] Started Hold until boot process finishes up.
[[0;32m  OK  [0m] Started Serial Getty on ttyS0.
[[0;32m  OK  [0m] Started Getty on tty1.
[[0;32m  OK  [0m] Reached target Login Prompts.
         Starting Set console scheme...

[   17.991847] [[0;32m  OK  [0m] Started Terminate Plymouth Boot Screen.
[[0;32m  OK  [0m] Started Set console scheme.
[[0;32m  OK  [0m] Started LSB: Record successful boot for GRUB.
cloud-init[964]: Generating public/private ecdsa key pair.
[   18.019707] cloud-init[964]: Your identification has been saved in /etc/ssh/ssh_host_ecdsa_key.
[   18.025593] cloud-init[964]: Your public key has been saved in /etc/ssh/ssh_host_ecdsa_key.pub.
[   18.028872] cloud-init[964]: The key fingerprint is:
[   18.040326] cloud-init[964]: SHA256:dGziksZmlTkGkKUt6P3OLNeThq/lYxgQwe3ahLVW2O8 root@ubuntu-xenial
[   18.048435] cloud-init[964]: The key's randomart image is:
[   18.050027] [[0;32m  OK  [0m] Started LSB: Set the CPU Frequency Scaling governor to "ondemand".
cloud-init[964]: +---[ECDSA 256]---+
[   18.052326] cloud-init[964]: |   .o*oo         |
[   18.060297] cloud-init[964]: |   .+o+.o+       |
[[0;32m  OK  [0m] Started LSB: automatic crash report generation.
[   18.064189] cloud-init[964]: |  . o=.oO.+      |
[   18.065715] cloud-init[964]: | . .oo=* =.      |[[0;32m  OK  [0m] Started LSB: daemon to balance interrupts for SMP systems.

[   18.077045] cloud-init[964]: |  . .*B S.       |
[   18.078620] cloud-init[964]: |    .=o.  E      |
[   18.086953] cloud-init[964]: |      .=..       |
[   18.088888] cloud-init[964]: |    .++oB        |
[   18.090810] cloud-init[964]: |     o==oo       |
[   18.096188] cloud-init[964]: +----[SHA256]-----+
[   18.098328] cloud-init[964]: Generating public/private ed25519 key pair.
[   18.113681] cloud-init[964]: Your identification has been saved in /etc/ssh/ssh_host_ed25519_key.
[   18.120334] cloud-init[964]: Your public key has been saved in /etc/ssh/ssh_host_ed25519_key.pub.
[   18.130747] cloud-init[964]: The key fingerprint is:
[   18.132884] cloud-init[964]: SHA256:GZMHV02r6bL06O/echvgHaN46bSfQ0ltuvfMuj7axMc root@ubuntu-xenial
[   18.141785] cloud-init[964]: The key's randomart image is:
[   18.149349] [[0;32m  OK  [0m] Started Virtualbox guest utils.
cloud-init[964]: +--[ED25519 256]--+
[   18.160030] cloud-init[964]: |        . ...o.  |
[   18.165409] cloud-init[964]: |         +    .. |
[   18.176985] cloud-init[964]: |        + .   .. |
[   18.178269] cloud-init[964]: |         =   o. o|
[   18.179712] cloud-init[964]: |        S   +.o+ |
[   18.183749] cloud-init[964]: |           + *++ |
[   18.192468] cloud-init[964]: |          + B.=.E|
[   18.193668] cloud-init[964]: |         . O.==*.|
[   18.196843] cloud-init[964]: |         .++O*XB=|
[   18.208377] cloud-init[964]: +----[SHA256]-----+
[[0;32m  OK  [0m] Started Snap Daemon.
         Starting Wait until snapd is fully seeded...
[[0;32m  OK  [0m] Started Wait until snapd is fully seeded.
         Starting Apply the settings specified in cloud-config...
[   19.189150] cloud-init[1304]: Generating locales (this might take a while)...
[[0;32m  OK  [0m] Started Pollinate to seed the pseudo random number generator.
         Starting OpenBSD Secure Shell server...
[[0;32m  OK  [0m] Started OpenBSD Secure Shell server.
[[0;32m  OK  [0m] Reached target Multi-User System.
[[0;32m  OK  [0m] Reached target Graphical Interface.
         Starting Update UTMP about System Runlevel Changes...
[[0;32m  OK  [0m] Started Update UTMP about System Runlevel Changes.
[[0;32m  OK  [0m] Created slice User Slice of vagrant.
         Starting User Manager for UID 1000...
[[0;32m  OK  [0m] Started Session 1 of user vagrant.
[[0;32m  OK  [0m] Started User Manager for UID 1000.
[   20.848132] cloud-init[1304]:   en_US.UTF-8... done
[   20.850016] cloud-init[1304]: Generation complete.
[   21.431653] cloud-init[1304]: Cloud-init v. 21.1-19-gbad84ad4-0ubuntu1~16.04.2 running 'modules:config' at Sun, 23 May 2021 09:03:50 +0000. Up 18.98 seconds.
[[0;32m  OK  [0m] Started Apply the settings specified in cloud-config.
         Starting Execute cloud user/final scripts...
ci-info: no authorized SSH keys fingerprints found for user ubuntu.
<14>May 23 09:03:53 ec2: 
<14>May 23 09:03:53 ec2: #############################################################
<14>May 23 09:03:53 ec2: -----BEGIN SSH HOST KEY FINGERPRINTS-----
<14>May 23 09:03:53 ec2: 1024 SHA256:UDuD0MFT1lBWU1uJq+iay3aAjGRAX/5a4kvigp1Zsqo root@ubuntu-xenial (DSA)
<14>May 23 09:03:53 ec2: 256 SHA256:dGziksZmlTkGkKUt6P3OLNeThq/lYxgQwe3ahLVW2O8 root@ubuntu-xenial (ECDSA)
<14>May 23 09:03:53 ec2: 256 SHA256:GZMHV02r6bL06O/echvgHaN46bSfQ0ltuvfMuj7axMc root@ubuntu-xenial (ED25519)
<14>May 23 09:03:53 ec2: 2048 SHA256:E6KmrYeYwqlmXaxBcTzsUrKlFmUyIJiaJjs8Pj3mtMk root@ubuntu-xenial (RSA)
<14>May 23 09:03:53 ec2: -----END SSH HOST KEY FINGERPRINTS-----
<14>May 23 09:03:53 ec2: #############################################################
-----BEGIN SSH HOST KEY KEYS-----
ecdsa-sha2-nistp256 AAAAE2VjZHNhLXNoYTItbmlzdHAyNTYAAAAIbmlzdHAyNTYAAABBBNtSnI7IAK0EKrr/Cf7eb2wFNP2VfGkmex55rxOYGDvNBz1P1iaxob2AvyAJlx7PzTuojeM5SWdDAk3ARF6mz6M= root@ubuntu-xenial
ssh-ed25519 AAAAC3NzaC1lZDI1NTE5AAAAIKunFWv1CLtBkF0uK/Jz2KfuoyZHnWnljbyyHZXTn18b root@ubuntu-xenial
ssh-rsa AAAAB3NzaC1yc2EAAAADAQABAAABAQDtXreVbR5w5VE6d4rQ46hjv/fYHt1tg7Hoq6rw2lmrJLzvk46+tKlgp5EjxousahVM5jAFX0yxWpGUH2rJAlfvlGn781QDwWBRAvCQ2a5gJ6fs3+LPS3PdelZlqpaeyOxsKI6GzX0jUso9HB6AJhj0ppF8FVGvlBh6Ljpgcp/kmKPO6yuoE9WoJILNJrX8Oy3klotFr6IEwFTPgWjJZQLd+y+39zuXIQk5Pk5sFnRbxI6BIjCWjUc+nJrUP+/Rj1mMi0dHmIxprq9CQ3YrevLqKFwXH89jNymVTZUp0OCg74sFQMkgKYYQ61yvXXGU+WftHqRx4qL53kYtIWH5/KNx root@ubuntu-xenial
-----END SSH HOST KEY KEYS-----
[   22.836384] cloud-init[1438]: Cloud-init v. 21.1-19-gbad84ad4-0ubuntu1~16.04.2 running 'modules:final' at Sun, 23 May 2021 09:03:53 +0000. Up 22.53 seconds.
[   22.840707] cloud-init[1438]: ci-info: no authorized SSH keys fingerprints found for user ubuntu.
[   22.843043] cloud-init[1438]: Cloud-init v. 21.1-19-gbad84ad4-0ubuntu1~16.04.2 finished at Sun, 23 May 2021 09:03:53 +0000. Datasource DataSourceNoCloud [seed=/dev/sdb][dsmode=net].  Up 22.82 seconds
[[0;32m  OK  [0m] Started Execute cloud user/final scripts.
[[0;32m  OK  [0m] Reached target Cloud-init target.

Ubuntu 16.04.7 LTS ubuntu-xenial ttyS0

ubuntu-xenial login: 