[    0.000000] Initializing cgroup subsys cpuset
[    0.000000] Initializing cgroup subsys cpu
[    0.000000] Initializing cgroup subsys cpuacct
[    0.000000] Linux version 4.4.0-210-generic (buildd@lgw01-amd64-009) (gcc version 5.4.0 20160609 (Ubuntu 5.4.0-6ubuntu1~16.04.12) ) #242-Ubuntu SMP Fri Apr 16 09:57:56 UTC 2021 (Ubuntu 4.4.0-210.242-generic 4.4.262)
[    0.000000] Command line: BOOT_IMAGE=/boot/vmlinuz-4.4.0-210-generic root=LABEL=cloudimg-rootfs ro console=tty1 console=ttyS0
[    0.000000] KERNEL supported cpus:
[    0.000000]   Intel GenuineIntel
[    0.000000]   AMD AuthenticAMD
[    0.000000]   Centaur CentaurHauls
[    0.000000] x86/fpu: xstate_offset[2]:  576, xstate_sizes[2]:  256
[    0.000000] x86/fpu: Supporting XSAVE feature 0x01: 'x87 floating point registers'
[    0.000000] x86/fpu: Supporting XSAVE feature 0x02: 'SSE registers'
[    0.000000] x86/fpu: Supporting XSAVE feature 0x04: 'AVX registers'
[    0.000000] x86/fpu: Enabled xstate features 0x7, context size is 832 bytes, using 'standard' format.
[    0.000000] e820: BIOS-provided physical RAM map:
[    0.000000] BIOS-e820: [mem 0x0000000000000000-0x000000000009fbff] usable
[    0.000000] BIOS-e820: [mem 0x000000000009fc00-0x000000000009ffff] reserved
[    0.000000] BIOS-e820: [mem 0x00000000000f0000-0x00000000000fffff] reserved
[    0.000000] BIOS-e820: [mem 0x0000000000100000-0x000000003ffeffff] usable
[    0.000000] BIOS-e820: [mem 0x000000003fff0000-0x000000003fffffff] ACPI data
[    0.000000] BIOS-e820: [mem 0x00000000fec00000-0x00000000fec00fff] reserved
[    0.000000] BIOS-e820: [mem 0x00000000fee00000-0x00000000fee00fff] reserved
[    0.000000] BIOS-e820: [mem 0x00000000fffc0000-0x00000000ffffffff] reserved
[    0.000000] NX (Execute Disable) protection: active
[    0.000000] SMBIOS 2.5 present.
[    0.000000] Hypervisor detected: KVM
[    0.000000] e820: last_pfn = 0x3fff0 max_arch_pfn = 0x400000000
[    0.000000] MTRR: Disabled
[    0.000000] x86/PAT: MTRRs disabled, skipping PAT initialization too.
[    0.000000] CPU MTRRs all blank - virtualized system.
[    0.000000] x86/PAT: Configuration [0-7]: WB  WT  UC- UC  WB  WT  UC- UC  
[    0.000000] found SMP MP-table at [mem 0x0009fff0-0x0009ffff] mapped at [ffff88000009fff0]
[    0.000000] Scanning 1 areas for low memory corruption
[    0.000000] RAMDISK: [mem 0x362de000-0x37166fff]
[    0.000000] ACPI: Early table checksum verification disabled
[    0.000000] ACPI: RSDP 0x00000000000E0000 000024 (v02 VBOX  )
[    0.000000] ACPI: XSDT 0x000000003FFF0030 00003C (v01 VBOX   VBOXXSDT 00000001 ASL  00000061)
[    0.000000] ACPI: FACP 0x000000003FFF00F0 0000F4 (v04 VBOX   VBOXFACP 00000001 ASL  00000061)
[    0.000000] ACPI: DSDT 0x000000003FFF0470 002325 (v02 VBOX   VBOXBIOS 00000002 INTL 20100528)
[    0.000000] ACPI: FACS 0x000000003FFF0200 000040
[    0.000000] ACPI: FACS 0x000000003FFF0200 000040
[    0.000000] ACPI: APIC 0x000000003FFF0240 00005C (v02 VBOX   VBOXAPIC 00000001 ASL  00000061)
[    0.000000] ACPI: SSDT 0x000000003FFF02A0 0001CC (v01 VBOX   VBOXCPUT 00000002 INTL 20100528)
[    0.000000] No NUMA configuration found
[    0.000000] Faking a node at [mem 0x0000000000000000-0x000000003ffeffff]
[    0.000000] NODE_DATA(0) allocated [mem 0x3ffeb000-0x3ffeffff]
[    0.000000] kvm-clock: Using msrs 4b564d01 and 4b564d00
[    0.000000] kvm-clock: cpu 0, msr 0:3ffe3001, primary cpu clock
[    0.000000] kvm-clock: using sched offset of 4969048756 cycles
[    0.000000] clocksource: kvm-clock: mask: 0xffffffffffffffff max_cycles: 0x1cd42e4dffb, max_idle_ns: 881590591483 ns
[    0.000000] Zone ranges:
[    0.000000]   DMA      [mem 0x0000000000001000-0x0000000000ffffff]
[    0.000000]   DMA32    [mem 0x0000000001000000-0x000000003ffeffff]
[    0.000000]   Normal   empty
[    0.000000]   Device   empty
[    0.000000] Movable zone start for each node
[    0.000000] Early memory node ranges
[    0.000000]   node   0: [mem 0x0000000000001000-0x000000000009efff]
[    0.000000]   node   0: [mem 0x0000000000100000-0x000000003ffeffff]
[    0.000000] Initmem setup node 0 [mem 0x0000000000001000-0x000000003ffeffff]
[    0.000000] ACPI: PM-Timer IO Port: 0x4008
[    0.000000] IOAPIC[0]: apic_id 2, version 32, address 0xfec00000, GSI 0-23
[    0.000000] ACPI: INT_SRC_OVR (bus 0 bus_irq 0 global_irq 2 dfl dfl)
[    0.000000] ACPI: INT_SRC_OVR (bus 0 bus_irq 9 global_irq 9 low level)
[    0.000000] Using ACPI (MADT) for SMP configuration information
[    0.000000] smpboot: Allowing 2 CPUs, 0 hotplug CPUs
[    0.000000] PM: Registered nosave memory: [mem 0x00000000-0x00000fff]
[    0.000000] PM: Registered nosave memory: [mem 0x0009f000-0x0009ffff]
[    0.000000] PM: Registered nosave memory: [mem 0x000a0000-0x000effff]
[    0.000000] PM: Registered nosave memory: [mem 0x000f0000-0x000fffff]
[    0.000000] e820: [mem 0x40000000-0xfebfffff] available for PCI devices
[    0.000000] Booting paravirtualized kernel on KVM
[    0.000000] clocksource: refined-jiffies: mask: 0xffffffff max_cycles: 0xffffffff, max_idle_ns: 7645519600211568 ns
[    0.000000] setup_percpu: NR_CPUS:512 nr_cpumask_bits:512 nr_cpu_ids:2 nr_node_ids:1
[    0.000000] PERCPU: Embedded 33 pages/cpu @ffff88003fc00000 s95192 r8192 d31784 u1048576
[    0.000000] Built 1 zonelists in Node order, mobility grouping on.  Total pages: 257912
[    0.000000] Policy zone: DMA32
[    0.000000] Kernel command line: BOOT_IMAGE=/boot/vmlinuz-4.4.0-210-generic root=LABEL=cloudimg-rootfs ro console=tty1 console=ttyS0
[    0.000000] PID hash table entries: 4096 (order: 3, 32768 bytes)
[    0.000000] Memory: 997796K/1048120K available (8644K kernel code, 1332K rwdata, 4044K rodata, 1492K init, 1164K bss, 50324K reserved, 0K cma-reserved)
[    0.000000] SLUB: HWalign=64, Order=0-3, MinObjects=0, CPUs=2, Nodes=1
[    0.000000] Kernel/User page tables isolation: enabled
[    0.000000] Hierarchical RCU implementation.
[    0.000000] 	Build-time adjustment of leaf fanout to 64.
[    0.000000] 	RCU restricting CPUs from NR_CPUS=512 to nr_cpu_ids=2.
[    0.000000] RCU: Adjusting geometry for rcu_fanout_leaf=64, nr_cpu_ids=2
[    0.000000] NR_IRQS:33024 nr_irqs:440 16
[    0.000000] Console: colour VGA+ 80x25
[    0.000000] console [tty1] enabled
[    0.000000] console [ttyS0] enabled
[    0.000000] tsc: Detected 2904.000 MHz processor
[    0.258981] Calibrating delay loop (skipped) preset value.. 5808.00 BogoMIPS (lpj=11616000)
[    0.261234] pid_max: default: 32768 minimum: 301
[    0.262426] ACPI: Core revision 20150930
[    0.266477] ACPI: 2 ACPI AML tables successfully acquired and loaded
[    0.268581] Security Framework initialized
[    0.269695] Yama: becoming mindful.
[    0.270717] AppArmor: AppArmor initialized
[    0.271882] Dentry cache hash table entries: 131072 (order: 8, 1048576 bytes)
[    0.279956] Inode-cache hash table entries: 65536 (order: 7, 524288 bytes)
[    0.282193] Mount-cache hash table entries: 2048 (order: 2, 16384 bytes)
[    0.284207] Mountpoint-cache hash table entries: 2048 (order: 2, 16384 bytes)
[    0.286500] Initializing cgroup subsys io
[    0.287885] Initializing cgroup subsys memory
[    0.289338] Initializing cgroup subsys devices
[    0.290922] Initializing cgroup subsys freezer
[    0.292157] Initializing cgroup subsys net_cls
[    0.293493] Initializing cgroup subsys perf_event
[    0.295425] Initializing cgroup subsys net_prio
[    0.297829] Initializing cgroup subsys hugetlb
[    0.299349] Initializing cgroup subsys pids
[    0.322209] mce: CPU supports 0 MCE banks
[    0.323645] Last level iTLB entries: 4KB 64, 2MB 8, 4MB 8
[    0.325660] Last level dTLB entries: 4KB 64, 2MB 0, 4MB 0, 1GB 4
[    0.327568] Spectre V1 : Mitigation: usercopy/swapgs barriers and __user pointer sanitization
[    0.330448] Spectre V2 : Mitigation: Full generic retpoline
[    0.332459] Spectre V2 : Spectre v2 / SpectreRSB mitigation: Filling RSB on context switch
[    0.335646] Speculative Store Bypass: Vulnerable
[    0.337144] SRBDS: Unknown: Dependent on hypervisor status
[    0.339336] MDS: Mitigation: Clear CPU buffers
[    0.346677] Freeing SMP alternatives memory: 36K
[    0.361850] ftrace: allocating 32380 entries in 127 pages
[    0.486962] smpboot: APIC(0) Converting physical 0 to logical package 0
[    0.489086] smpboot: Max logical packages: 1
[    0.491016] x2apic enabled
[    0.492520] Switched APIC routing to physical x2apic.
[    0.496335] ..TIMER: vector=0x30 apic1=0 pin1=2 apic2=-1 pin2=-1
[    0.606656] smpboot: CPU0: Intel(R) Core(TM) i7-7500U CPU @ 2.70GHz (family: 0x6, model: 0x8e, stepping: 0x9)
[    0.610062] Performance Events: unsupported p6 CPU model 142 no PMU driver, software events only.
[    0.629051] KVM setup paravirtual spinlock
[    0.631954] x86: Booting SMP configuration:
[    0.633513] .... node  #0, CPUs:      #1
[    0.634931] kvm-clock: cpu 1, msr 0:3ffe3041, secondary cpu clock
[    0.656373] mce: CPU supports 0 MCE banks
[    0.659399] x86: Booted up 1 node, 2 CPUs
[    0.660956] smpboot: Total of 2 processors activated (11616.00 BogoMIPS)
[    0.663295] devtmpfs: initialized
[    0.667998] evm: security.selinux
[    0.669746] evm: security.SMACK64
[    0.671008] evm: security.SMACK64EXEC
[    0.672303] evm: security.SMACK64TRANSMUTE
[    0.673509] evm: security.SMACK64MMAP
[    0.674648] evm: security.ima
[    0.675702] evm: security.capability
[    0.676927] clocksource: jiffies: mask: 0xffffffff max_cycles: 0xffffffff, max_idle_ns: 7645041785100000 ns
[    0.679504] futex hash table entries: 512 (order: 3, 32768 bytes)
[    0.681265] pinctrl core: initialized pinctrl subsystem
[    0.682759] RTC time:  0:35:59, date: 05/27/21
[    0.684348] NET: Registered protocol family 16
[    0.696489] cpuidle: using governor ladder
[    0.708542] cpuidle: using governor menu
[    0.710435] PCCT header not found.
[    0.711903] ACPI: bus type PCI registered
[    0.713345] acpiphp: ACPI Hot Plug PCI Controller Driver version: 0.5
[    0.715545] PCI: Using configuration type 1 for base access
[    0.733784] ACPI: Added _OSI(Module Device)
[    0.737548] ACPI: Added _OSI(Processor Device)
[    0.741162] ACPI: Added _OSI(3.0 _SCP Extensions)
[    0.744981] ACPI: Added _OSI(Processor Aggregator Device)
[    0.751684] ACPI: Executed 1 blocks of module-level executable AML code
[    0.764831] ACPI: Interpreter enabled
[    0.767997] ACPI: (supports S0 S5)
[    0.770991] ACPI: Using IOAPIC for interrupt routing
[    0.775788] PCI: Using host bridge windows from ACPI; if necessary, use "pci=nocrs" and report a bug
[    0.789931] ACPI: PCI Root Bridge [PCI0] (domain 0000 [bus 00-ff])
[    0.793122] acpi PNP0A03:00: _OSC: OS supports [ASPM ClockPM Segments MSI]
[    0.797343] acpi PNP0A03:00: _OSC: not requesting OS control; OS requires [ExtendedConfig ASPM ClockPM MSI]
[    0.802857] acpi PNP0A03:00: fail to add MMCONFIG information, can't access extended PCI configuration space under this bridge.
[    0.809274] PCI host bridge to bus 0000:00
[    0.811489] pci_bus 0000:00: root bus resource [io  0x0000-0x0cf7 window]
[    0.814752] pci_bus 0000:00: root bus resource [io  0x0d00-0xffff window]
[    0.818176] pci_bus 0000:00: root bus resource [mem 0x000a0000-0x000bffff window]
[    0.822254] pci_bus 0000:00: root bus resource [mem 0x40000000-0xfdffffff window]
[    0.826199] pci_bus 0000:00: root bus resource [bus 00-ff]
[    0.832993] pci 0000:00:01.1: legacy IDE quirk: reg 0x10: [io  0x01f0-0x01f7]
[    0.836339] pci 0000:00:01.1: legacy IDE quirk: reg 0x14: [io  0x03f6]
[    0.839532] pci 0000:00:01.1: legacy IDE quirk: reg 0x18: [io  0x0170-0x0177]
[    0.873709] pci 0000:00:01.1: legacy IDE quirk: reg 0x1c: [io  0x0376]
[    0.902003] pci 0000:00:07.0: quirk: [io  0x4000-0x403f] claimed by PIIX4 ACPI
[    0.907210] pci 0000:00:07.0: quirk: [io  0x4100-0x410f] claimed by PIIX4 SMB
[    0.928979] ACPI: PCI Interrupt Link [LNKA] (IRQs 5 9 10 *11)
[    0.934253] ACPI: PCI Interrupt Link [LNKB] (IRQs 5 9 *10 11)
[    0.939273] ACPI: PCI Interrupt Link [LNKC] (IRQs 5 *9 10 11)
[    0.944343] ACPI: PCI Interrupt Link [LNKD] (IRQs 5 9 10 *11)
[    0.947955] ACPI: Enabled 2 GPEs in block 00 to 07
[    0.950822] vgaarb: setting as boot device: PCI:0000:00:02.0
[    0.953419] vgaarb: device added: PCI:0000:00:02.0,decodes=io+mem,owns=io+mem,locks=none
[    0.957590] vgaarb: loaded
[    0.958950] vgaarb: bridge control possible 0000:00:02.0
[    0.960777] SCSI subsystem initialized
[    0.962081] ACPI: bus type USB registered
[    0.963334] usbcore: registered new interface driver usbfs
[    0.965265] usbcore: registered new interface driver hub
[    0.967479] usbcore: registered new device driver usb
[    0.972493] PCI: Using ACPI for IRQ routing
[    0.974233] NetLabel: Initializing
[    0.975538] NetLabel:  domain hash size = 128
[    0.977084] NetLabel:  protocols = UNLABELED CIPSOv4
[    0.978793] NetLabel:  unlabeled traffic allowed by default
[    0.980717] amd_nb: Cannot enumerate AMD northbridges
[    0.982085] clocksource: Switched to clocksource kvm-clock
[    0.997590] AppArmor: AppArmor Filesystem Enabled
[    0.998870] pnp: PnP ACPI init
[    1.000739] pnp: PnP ACPI: found 3 devices
[    1.012883] clocksource: acpi_pm: mask: 0xffffff max_cycles: 0xffffff, max_idle_ns: 2085701024 ns
[    1.015238] NET: Registered protocol family 2
[    1.016544] TCP established hash table entries: 8192 (order: 4, 65536 bytes)
[    1.018250] TCP bind hash table entries: 8192 (order: 5, 131072 bytes)
[    1.019760] TCP: Hash tables configured (established 8192 bind 8192)
[    1.021271] UDP hash table entries: 512 (order: 2, 16384 bytes)
[    1.022729] UDP-Lite hash table entries: 512 (order: 2, 16384 bytes)
[    1.024300] NET: Registered protocol family 1
[    1.025521] pci 0000:00:00.0: Limiting direct PCI/PCI transfers
[    1.027357] pci 0000:00:01.0: Activating ISA DMA hang workarounds
[    1.029005] Unpacking initramfs...
[    1.503505] Freeing initrd memory: 14884K
[    1.505272] clocksource: tsc: mask: 0xffffffffffffffff max_cycles: 0x29dc05e54fc, max_idle_ns: 440795291716 ns
[    1.509268] platform rtc_cmos: registered platform RTC device (no PNP device found)
[    1.513453] Scanning for low memory corruption every 60 seconds
[    1.516350] audit: initializing netlink subsys (disabled)
[    1.517788] audit: type=2000 audit(1622075766.699:1): initialized
[    1.519590] Initialise system trusted keyring
[    1.521007] HugeTLB registered 2 MB page size, pre-allocated 0 pages
[    1.523737] zbud: loaded
[    1.524903] VFS: Disk quotas dquot_6.6.0
[    1.525996] VFS: Dquot-cache hash table entries: 512 (order 0, 4096 bytes)
[    1.528355] squashfs: version 4.0 (2009/01/31) Phillip Lougher
[    1.530184] fuse init (API version 7.23)
[    1.531502] Key type big_key registered
[    1.532662] Allocating IMA MOK and blacklist keyrings.
[    1.536318] Key type asymmetric registered
[    1.537809] Asymmetric key parser 'x509' registered
[    1.539880] Block layer SCSI generic (bsg) driver version 0.4 loaded (major 249)
[    1.543007] io scheduler noop registered
[    1.544425] io scheduler deadline registered (default)
[    1.546336] io scheduler cfq registered
[    1.547948] pci_hotplug: PCI Hot Plug PCI Core version: 0.5
[    1.550277] pciehp: PCI Express Hot Plug Controller Driver version: 0.4
[    1.552544] ACPI: AC Adapter [AC] (off-line)
[    1.554322] input: Power Button as /devices/LNXSYSTM:00/LNXPWRBN:00/input/input0
[    1.557350] ACPI: Power Button [PWRF]
[    1.559121] input: Sleep Button as /devices/LNXSYSTM:00/LNXSLPBN:00/input/input1
[    1.561681] ACPI: Sleep Button [SLPF]
[    1.563386] GHES: HEST is not enabled!
[    1.564560] ACPI: Battery Slot [BAT0] (battery present)
[    1.567383] Serial: 8250/16550 driver, 32 ports, IRQ sharing enabled
[    1.590280] 00:02: ttyS0 at I/O 0x3f8 (irq = 4, base_baud = 115200) is a 16550A
[    1.598332] Linux agpgart interface v0.103
[    1.602545] loop: module loaded
[    1.604439] scsi host0: ata_piix
[    1.605967] scsi host1: ata_piix
[    1.607299] ata1: PATA max UDMA/33 cmd 0x1f0 ctl 0x3f6 bmdma 0xd000 irq 14
[    1.609428] ata2: PATA max UDMA/33 cmd 0x170 ctl 0x376 bmdma 0xd008 irq 15
[    1.611716] libphy: Fixed MDIO Bus: probed
[    1.613108] tun: Universal TUN/TAP device driver, 1.6
[    1.614845] tun: (C) 1999-2004 Max Krasnyansky <maxk@qualcomm.com>
[    1.616615] PPP generic driver version 2.4.2
[    1.618019] ehci_hcd: USB 2.0 'Enhanced' Host Controller (EHCI) Driver
[    1.619640] ehci-pci: EHCI PCI platform driver
[    1.620908] ehci-platform: EHCI generic platform driver
[    1.622254] ohci_hcd: USB 1.1 'Open' Host Controller (OHCI) Driver
[    1.623687] ohci-pci: OHCI PCI platform driver
[    1.624889] ohci-platform: OHCI generic platform driver
[    1.626295] uhci_hcd: USB Universal Host Controller Interface driver
[    1.628485] i8042: PNP: PS/2 Controller [PNP0303:PS2K,PNP0f03:PS2M] at 0x60,0x64 irq 1,12
[    1.631079] serio: i8042 KBD port at 0x60,0x64 irq 1
[    1.632295] serio: i8042 AUX port at 0x60,0x64 irq 12
[    1.633793] mousedev: PS/2 mouse device common for all mice
[    1.635843] input: AT Translated Set 2 keyboard as /devices/platform/i8042/serio0/input/input2
[    1.638817] rtc_cmos rtc_cmos: rtc core: registered rtc_cmos as rtc0
[    1.640401] rtc_cmos rtc_cmos: alarms up to one day, 114 bytes nvram
[    1.642274] i2c /dev entries driver
[    1.643624] device-mapper: uevent: version 1.0.3
[    1.644922] device-mapper: ioctl: 4.34.0-ioctl (2015-10-28) initialised: dm-devel@redhat.com
[    1.647255] ledtrig-cpu: registered to indicate activity on CPUs
[    1.649216] NET: Registered protocol family 10
[    1.650664] NET: Registered protocol family 17
[    1.651818] Key type dns_resolver registered
[    1.653271] registered taskstats version 1
[    1.655372] Loading compiled-in X.509 certificates
[    1.657177] Loaded X.509 cert 'Build time autogenerated kernel key: cf00e047681d67edb2720680708b7d9498083038'
[    1.659730] zswap: loaded using pool lzo/zbud
[    1.664318] Key type trusted registered
[    1.670161] Key type encrypted registered
[    1.672187] AppArmor: AppArmor sha1 policy hashing enabled
[    1.675025] ima: No TPM chip found, activating TPM-bypass!
[    1.676488] ima: Allocated hash algorithm: sha1
[    1.677690] evm: HMAC attrs: 0x1
[    1.679050]   Magic number: 5:50:558
[    1.680138] tty ttyS30: hash matches
[    1.681169] misc vga_arbiter: hash matches
[    1.682398] rtc_cmos rtc_cmos: setting system clock to 2021-05-27 00:36:00 UTC (1622075760)
[    1.684727] BIOS EDD facility v0.16 2004-Jun-25, 0 devices found
[    1.686316] EDD information not available.
[    1.802772] Freeing unused kernel memory: 1492K
[    1.805536] Write protecting the kernel read-only data: 14336k
[    1.809792] Freeing unused kernel memory: 1584K
[    1.812972] Freeing unused kernel memory: 52K
Loading, please wait...
starting version 229
[    1.844028] random: systemd-udevd: uninitialized urandom read (16 bytes read, 5 bits of entropy available)
[    1.845857] random: udevadm: uninitialized urandom read (16 bytes read, 5 bits of entropy available)
[    1.845914] random: udevadm: uninitialized urandom read (16 bytes read, 5 bits of entropy available)
[    1.868959] random: systemd-udevd: uninitialized urandom read (16 bytes read, 5 bits of entropy available)
[    1.873567] random: udevadm: uninitialized urandom read (16 bytes read, 5 bits of entropy available)
[    1.873798] random: udevadm: uninitialized urandom read (16 bytes read, 5 bits of entropy available)
[    1.874396] random: udevadm: uninitialized urandom read (16 bytes read, 5 bits of entropy available)
[    1.874567] random: udevadm: uninitialized urandom read (16 bytes read, 5 bits of entropy available)
[    1.874728] random: udevadm: uninitialized urandom read (16 bytes read, 5 bits of entropy available)
[    1.874896] random: udevadm: uninitialized urandom read (16 bytes read, 5 bits of entropy available)
[    2.021475] Fusion MPT base driver 3.04.20
[    2.023381] Copyright (c) 1999-2008 LSI Corporation
[    2.026921] e1000: Intel(R) PRO/1000 Network Driver - version 7.3.21-k8-NAPI
[    2.030318] e1000: Copyright (c) 1999-2006 Intel Corporation.
[    2.041853] AVX2 version of gcm_enc/dec engaged.
[    2.044150] AES CTR mode by8 optimization enabled
[    2.051829] Fusion MPT SPI Host driver 3.04.20
[    2.237725] input: ImExPS/2 Generic Explorer Mouse as /devices/platform/i8042/serio1/input/input4
[    2.496692] e1000 0000:00:03.0 eth0: (PCI:33MHz:32-bit) 02:ed:98:3c:8e:82
[    2.503018] e1000 0000:00:03.0 eth0: Intel(R) PRO/1000 Network Connection
[    2.976950] e1000 0000:00:08.0 eth1: (PCI:33MHz:32-bit) 08:00:27:27:b5:d2
[    2.979416] e1000 0000:00:08.0 eth1: Intel(R) PRO/1000 Network Connection
[    2.983895] mptbase: ioc0: Initiating bringup
[    2.985056] e1000 0000:00:08.0 enp0s8: renamed from eth1
[    2.995395] e1000 0000:00:03.0 enp0s3: renamed from eth0
[    3.104997] ioc0: LSI53C1030 A0: Capabilities={Initiator}
[    5.201559] scsi host2: ioc0: LSI53C1030 A0, FwRev=00000000h, Ports=1, MaxQ=256, IRQ=20
[    6.152736] scsi 2:0:0:0: Direct-Access     VBOX     HARDDISK         1.0  PQ: 0 ANSI: 5
[    6.163191] scsi target2:0:0: Beginning Domain Validation
[    6.174959] scsi target2:0:0: Domain Validation skipping write tests
[    6.181673] scsi target2:0:0: Ending Domain Validation
[    6.187652] scsi target2:0:0: asynchronous
[    6.232618] scsi 2:0:1:0: Direct-Access     VBOX     HARDDISK         1.0  PQ: 0 ANSI: 5
[    6.237623] scsi target2:0:1: Beginning Domain Validation
[    6.242862] scsi target2:0:1: Domain Validation skipping write tests
[    6.245498] scsi target2:0:1: Ending Domain Validation
[    6.247626] scsi target2:0:1: asynchronous
[    6.261122] sd 2:0:0:0: Attached scsi generic sg0 type 0
[    6.263584] sd 2:0:0:0: [sda] 83886080 512-byte logical blocks: (42.9 GB/40.0 GiB)
[    6.267763] sd 2:0:1:0: Attached scsi generic sg1 type 0
[    6.269845] sd 2:0:0:0: [sda] Write Protect is off
[    6.270187] sd 2:0:1:0: [sdb] 20480 512-byte logical blocks: (10.5 MB/10.0 MiB)
[    6.270527] sd 2:0:1:0: [sdb] Write Protect is off
[    6.270719] sd 2:0:1:0: [sdb] Incomplete mode parameter data
[    6.270722] sd 2:0:1:0: [sdb] Assuming drive cache: write through
[    6.280341] sd 2:0:1:0: [sdb] Attached SCSI disk
[    6.285535] sd 2:0:0:0: [sda] Incomplete mode parameter data
[    6.287583] sd 2:0:0:0: [sda] Assuming drive cache: write through
[    6.292070]  sda: sda1
[    6.294474] sd 2:0:0:0: [sda] Attached SCSI disk
Begin: Loading essential drivers ... [    8.229752] md: linear personality registered for level -1
[    8.236444] md: multipath personality registered for level -4
[    8.242068] md: raid0 personality registered for level 0
[    8.251570] md: raid1 personality registered for level 1
[    8.326173] raid6: sse2x1   gen()  5451 MB/s
[    8.394130] raid6: sse2x1   xor()  5164 MB/s
[    8.462195] raid6: sse2x2   gen() 11199 MB/s
[    8.530187] raid6: sse2x2   xor()  5468 MB/s
[    8.598188] raid6: sse2x4   gen()  7046 MB/s
[    8.666198] raid6: sse2x4   xor()  5621 MB/s
[    8.734159] raid6: avx2x1   gen()  8650 MB/s
[    8.802203] raid6: avx2x2   gen()  8867 MB/s
[    8.886200] raid6: avx2x4   gen()  9710 MB/s
[    8.889970] raid6: using algorithm sse2x2 gen() 11199 MB/s
[    8.894885] raid6: .... xor() 5468 MB/s, rmw enabled
[    8.899481] raid6: using avx2x2 recovery algorithm
[    8.908591] xor: automatically using best checksumming function:
[    8.950188]    avx       : 12079.000 MB/sec
[    8.954324] async_tx: api initialized (async)
[    8.973185] md: raid6 personality registered for level 6
[    8.975584] md: raid5 personality registered for level 5
[    8.976828] md: raid4 personality registered for level 4
[    8.988444] md: raid10 personality registered for level 10
done.
Begin: Running /scripts/init-premount ... done.
Begin: Mounting root file system ... Begin: Running /scripts/local-top ... done.
Begin: Running /scripts/local-premount ... [    9.046629] Btrfs loaded
Scanning for Btrfs filesystems
done.
Warning: fsck not present, so skipping root file system
[    9.088868] EXT4-fs (sda1): mounted filesystem with ordered data mode. Opts: (null)
done.
Begin: Running /scripts/local-bottom ... done.
Begin: Running /scripts/init-bottom ... done.
[    9.273004] systemd[1]: systemd 229 running in system mode. (+PAM +AUDIT +SELINUX +IMA +APPARMOR +SMACK +SYSVINIT +UTMP +LIBCRYPTSETUP +GCRYPT +GNUTLS +ACL +XZ -LZ4 +SECCOMP +BLKID +ELFUTILS +KMOD -IDN)
[    9.284131] systemd[1]: Detected virtualization oracle.
[    9.287524] systemd[1]: Detected architecture x86-64.

Welcome to [1mUbuntu 16.04.7 LTS[0m!

[    9.297267] systemd[1]: Set hostname to <ubuntu-xenial-webapp>.
[    9.656969] systemd[1]: Listening on LVM2 metadata daemon socket.
[[0;32m  OK  [0m] Listening on LVM2 metadata daemon socket.
[    9.660058] systemd[1]: Set up automount Arbitrary Executable File Formats File System Automount Point.
[[0;32m  OK  [0m] Set up automount Arbitrary Executab...ats File System Automount Point.
[    9.664240] systemd[1]: Reached target Swap.
[[0;32m  OK  [0m] Reached target Swap.
[    9.666985] systemd[1]: Created slice System Slice.
[[0;32m  OK  [0m] Created slice System Slice.
[    9.670540] systemd[1]: Listening on udev Control Socket.
[[0;32m  OK  [0m] Listening on udev Control Socket.
[    9.678634] systemd[1]: Listening on Syslog Socket.
[[0;32m  OK  [0m] Listening on Syslog Socket.
[    9.681070] systemd[1]: Reached target User and Group Name Lookups.
[[0;32m  OK  [0m] Reached target User and Group Name Lookups.
[    9.684132] systemd[1]: Started Forward Password Requests to Wall Directory Watch.
[[0;32m  OK  [0m] Started Forward Password Requests to Wall Directory Watch.
[    9.688115] systemd[1]: Created slice User and Session Slice.
[[0;32m  OK  [0m] Created slice User and Session Slice.
[    9.691495] systemd[1]: Reached target Slices.
[[0;32m  OK  [0m] Reached target Slices.
[    9.694337] systemd[1]: Listening on /dev/initctl Compatibility Named Pipe.
[[0;32m  OK  [0m] Listening on /dev/initctl Compatibility Named Pipe.
[    9.697980] systemd[1]: Reached target System Time Synchronized.
[[0;32m  OK  [0m] Reached target System Time Synchronized.
[    9.701275] systemd[1]: Reached target Encrypted Volumes.
[[0;32m  OK  [0m] Reached target Encrypted Volumes.
[    9.704987] systemd[1]: Listening on Journal Audit Socket.
[[0;32m  OK  [0m] Listening on Journal Audit Socket.
[    9.708232] systemd[1]: Listening on fsck to fsckd communication Socket.
[[0;32m  OK  [0m] Listening on fsck to fsckd communication Socket.
[    9.712263] systemd[1]: Created slice system-serial\x2dgetty.slice.
[[0;32m  OK  [0m] Created slice system-serial\x2dgetty.slice.
[    9.715927] systemd[1]: Listening on Journal Socket.
[[0;32m  OK  [0m] Listening on Journal Socket.
[    9.730313] systemd[1]: Starting Create list of required static device nodes for the current kernel...
         Starting Create list of required st... nodes for the current kernel...
[    9.738712] systemd[1]: Mounting Huge Pages File System...
         Mounting Huge Pages File System...
[    9.743330] systemd[1]: Starting File System Check on Root Device...
         Starting File System Check on Root Device...
[    9.752880] systemd[1]: Starting Uncomplicated firewall...
         Starting Uncomplicated firewall...
[    9.757908] systemd[1]: Starting Nameserver information manager...
         Starting Nameserver information manager...
[    9.762063] systemd[1]: Starting Set console keymap...
         Starting Set console keymap...
[    9.775481] systemd[1]: Started Trigger resolvconf update for networkd DNS.
[[0;32m  OK  [0m] Started Trigger resolvconf update for networkd DNS.
[    9.787820] systemd[1]: Mounting POSIX Message Queue File System...
         Mounting POSIX Message Queue File System...
[    9.793290] systemd[1]: Listening on LVM2 poll daemon socket.
[[0;32m  OK  [0m] Listening on LVM2 poll daemon socket.
[    9.802372] systemd[1]: Starting Load Kernel Modules...
         Starting Load Kernel Modules...
[    9.810629] systemd[1]: Listening on Journal Socket (/dev/log).
[[0;32m  OK  [0m] Listening on Journal Socket (/dev/log).
[    9.815648] systemd[1]: Starting Journal Service...
         Starting Journal Service...
[    9.823119] systemd[1]: Mounting Debug File System...
         Mounting Debug File System...
[    9.828359] systemd[1]: Listening on udev Kernel Socket.
[[0;32m  OK  [0m] Listening on udev Kernel Socket.
[    9.834832] systemd[1]: Listening on Device-mapper event daemon FIFOs.
[[0;32m  OK  [0m] Listening on Device-mapper event daemon FIFOs.
[    9.843421] systemd[1]: Starting Monitoring of LVM2 mirrors, snapshots etc. using dmeventd or progress polling...
         Starting Monitoring of LVM2 mirrors... dmeventd or progress polling...[    9.850473] Loading iSCSI transport class v2.0-870.

[    9.852385] random: nonblocking pool is initialized
[    9.857325] systemd[1]: Mounted POSIX Message Queue File System.
[[0;32m  OK  [0m] Mounted POSIX Message Queue File System.
[    9.862238] systemd[1]: Mounted Debug File System.
[[0;32m  OK  [0m] Mounted Debug File System.
[    9.870313] systemd[1]: Mounted Huge Pages File System.
[[0;32m  OK  [0m] Mounted Huge Pages File System.
[    9.881569] iscsi: registered transport (tcp)
[    9.883654] systemd[1]: Started Journal Service.
[[0;32m  OK  [0m] Started Journal Service.
[[0;32m  OK  [0m] Started Create list of required sta...ce nodes for the current kernel.
[[0;32m  OK  [0m] Started File System Check on Root Device.
[[0;32m  OK  [0m] Started Uncomplicated firewall.
[[0;32m  OK  [0m] Started Nameserver information manager.
[[0;32m  OK  [0m] Started LVM2 metadata daemon.
[[0;32m  OK  [0m] Started File System Check Daemon to report status.
         Starting Remount Root and Kernel File Systems...
[    9.941337] EXT4-fs (sda1): re-mounted. Opts: (null)
         Starting Create Static Device Nodes in /dev...
[[0;32m  OK  [0m] Started Set console keymap.
[[0;32m  OK  [0m] Started Remount Root and Kernel File Systems.
[    9.974678] iscsi: registered transport (iser)
         Starting Load/Save Random Seed...
         Starting Flush Journal to Persistent Storage...
         Starting udev Coldplug all Devices...
[[0;32m  OK  [0m] Started Load Kernel Modules.
[[0;32m  OK  [0m] Started Create Static Device Nodes in /dev.
[[0;32m  OK  [0m] Started Load/Save Random Seed.
         Starting udev Kernel Device Manager...
         Starting Apply Kernel Variables...
         Mounting FUSE Control File System...
[[0;32m  OK  [0m] Mounted FUSE Control File System.
[[0;32m  OK  [0m] Started Apply Kernel Variables.
[[0;32m  OK  [0m] Started Flush Journal to Persistent Storage.
[[0;32m  OK  [0m] Started udev Kernel Device Manager.
[[0;32m  OK  [0m] Started Monitoring of LVM2 mirrors,...ng dmeventd or progress polling.
[[0;32m  OK  [0m] Started udev Coldplug all Devices.
[[0;32m  OK  [0m] Started Dispatch Password Requests to Console Directory Watch.
[[0;32m  OK  [0m] Reached target Local File Systems (Pre).
[[0;32m  OK  [0m] Reached target Local File Systems.
         Starting LSB: AppArmor initialization...
         Starting Create Volatile Files and Directories...
         Starting Set console font and keymap...
         Starting Initial cloud-init job (pre-networking)...
         Starting Tell Plymouth To Write Out Runtime Data...
[[0;32m  OK  [0m] Started Create Volatile Files and Directories.
         Starting Update UTMP about System Boot/Shutdown...
[[0;32m  OK  [0m] Started Tell Plymouth To Write Out Runtime Data.
[[0;32m  OK  [0m] Started Update UTMP about System Boot/Shutdown.
[[0;32m  OK  [0m] Started LSB: AppArmor initialization.
         Starting Load AppArmor profiles managed internally by snapd...
[[0;32m  OK  [0m] Started Load AppArmor profiles managed internally by snapd.
[[0;32m  OK  [0m] Found device /dev/ttyS0.
[[0;32m  OK  [0m] Listening on Load/Save RF Kill Switch Status /dev/rfkill Watch.
[[0;32m  OK  [0m] Found device 82540EM Gigabit Ethern...r (PRO/1000 MT Desktop Adapter).
[[0;32m  OK  [0m] Found device 82540EM Gigabit Ethern...r (PRO/1000 MT Desktop Adapter).
[   11.838304] cloud-init[498]: Cloud-init v. 21.1-19-gbad84ad4-0ubuntu1~16.04.2 running 'init-local' at Thu, 27 May 2021 00:36:10 +0000. Up 11.22 seconds.
[[0;32m  OK  [0m] Started Set console font and keymap.
[[0;32m  OK  [0m] Created slice system-getty.slice.
[[0;32m  OK  [0m] Started Initial cloud-init job (pre-networking).
[[0;32m  OK  [0m] Reached target Network (Pre).
[[0;32m  OK  [0m] Started ifup for enp0s3.
[[0;32m  OK  [0m] Started ifup for enp0s8.
         Starting Raise network interfaces...
[[0;32m  OK  [0m] Started Raise network interfaces.
[[0;32m  OK  [0m] Reached target Network.
         Starting Initial cloud-init job (metadata service crawler)...
[   13.740872] cloud-init[1083]: Cloud-init v. 21.1-19-gbad84ad4-0ubuntu1~16.04.2 running 'init' at Thu, 27 May 2021 00:36:12 +0000. Up 13.32 seconds.
[   13.744443] cloud-init[1083]: ci-info: ++++++++++++++++++++++++++++++++++++++Net device info+++++++++++++++++++++++++++++++++++++++
[   13.746700] cloud-init[1083]: ci-info: +--------+------+-----------------------------+---------------+--------+-------------------+
[   13.750965] cloud-init[1083]: ci-info: | Device |  Up  |           Address           |      Mask     | Scope  |     Hw-Address    |
[   13.753075] cloud-init[1083]: ci-info: +--------+------+-----------------------------+---------------+--------+-------------------+
[   13.755950] cloud-init[1083]: ci-info: | enp0s3 | True |          10.0.2.15          | 255.255.255.0 | global | 02:ed:98:3c:8e:82 |
[   13.761439] cloud-init[1083]: ci-info: | enp0s3 | True |  fe80::ed:98ff:fe3c:8e82/64 |       .       |  link  | 02:ed:98:3c:8e:82 |
[   13.765540] cloud-init[1083]: ci-info: | enp0s8 | True |        192.168.56.100       | 255.255.255.0 | global | 08:00:27:27:b5:d2 |
[   13.768262] cloud-init[1083]: ci-info: | enp0s8 | True | fe80::a00:27ff:fe27:b5d2/64 |       .       |  link  | 08:00:27:27:b5:d2 |
[   13.771589] cloud-init[1083]: ci-info: |   lo   | True |          127.0.0.1          |   255.0.0.0   |  host  |         .         |
[   13.774267] cloud-init[1083]: ci-info: |   lo   | True |           ::1/128           |       .       |  host  |         .         |
[   13.784592] cloud-init[1083]: ci-info: +--------+------+-----------------------------+---------------+--------+-------------------+
[   13.787807] cloud-init[1083]: ci-info: ++++++++++++++++++++++++++++Route IPv4 info++++++++++++++++++++++++++++
[   13.791854] cloud-init[1083]: ci-info: +-------+--------------+----------+---------------+-----------+-------+
[   13.794330] cloud-init[1083]: ci-info: | Route | Destination  | Gateway  |    Genmask    | Interface | Flags |
[   13.796740] cloud-init[1083]: ci-info: +-------+--------------+----------+---------------+-----------+-------+
[   13.804462] cloud-init[1083]: ci-info: |   0   |   0.0.0.0    | 10.0.2.2 |    0.0.0.0    |   enp0s3  |   UG  |
[   13.807895] cloud-init[1083]: ci-info: |   1   |   10.0.2.0   | 0.0.0.0  | 255.255.255.0 |   enp0s3  |   U   |
[   13.810960] cloud-init[1083]: ci-info: |   2   | 192.168.56.0 | 0.0.0.0  | 255.255.255.0 |   enp0s8  |   U   |
[   13.813198] cloud-init[1083]: ci-info: +-------+--------------+----------+---------------+-----------+-------+
[   13.815731] cloud-init[1083]: ci-info: +++++++++++++++++++Route IPv6 info+++++++++++++++++++
[   13.818057] cloud-init[1083]: ci-info: +-------+-------------+---------+-----------+-------+
[   13.820126] cloud-init[1083]: ci-info: | Route | Destination | Gateway | Interface | Flags |
[   13.822853] cloud-init[1083]: ci-info: +-------+-------------+---------+-----------+-------+
[   13.824897] cloud-init[1083]: ci-info: |   0   |  fe80::/64  |    ::   |   enp0s3  |   U   |
[   13.827075] cloud-init[1083]: ci-info: |   1   |  fe80::/64  |    ::   |   enp0s8  |   U   |
[   13.829318] cloud-init[1083]: ci-info: |   4   |   ff00::/8  |    ::   |   enp0s3  |   U   |
[   13.831480] cloud-init[1083]: ci-info: |   5   |   ff00::/8  |    ::   |   enp0s8  |   U   |
[   13.833561] cloud-init[1083]: ci-info: +-------+-------------+---------+-----------+-------+
[[0;32m  OK  [0m] Started Initial cloud-init job (metadata service crawler).
[[0;32m  OK  [0m] Reached target Cloud-config availability.
[[0;32m  OK  [0m] Reached target System Initialization.
[[0;32m  OK  [0m] Started Daily Cleanup of Temporary Directories.
[[0;32m  OK  [0m] Started Daily apt download activities.
[[0;32m  OK  [0m] Started Daily apt upgrade and clean activities.
         Starting Socket activation for snappy daemon.
[[0;32m  OK  [0m] Started Message of the Day.
[[0;32m  OK  [0m] Reached target Timers.
[[0;32m  OK  [0m] Started ACPI Events Check.
[[0;32m  OK  [0m] Reached target Paths.
[[0;32m  OK  [0m] Listening on UUID daemon activation socket.
[[0;32m  OK  [0m] Listening on ACPID Listen Socket.
[[0;32m  OK  [0m] Listening on D-Bus System Message Bus Socket.
         Starting LXD - unix socket.
[[0;32m  OK  [0m] Reached target Network is Online.
         Starting iSCSI initiator daemon (iscsid)...
[[0;32m  OK  [0m] Listening on Socket activation for snappy daemon.
[[0;32m  OK  [0m] Listening on LXD - unix socket.
[[0;32m  OK  [0m] Reached target Sockets.
[[0;32m  OK  [0m] Reached target Basic System.
         Starting Accounts Service...
[[0;32m  OK  [0m] Started Deferred execution scheduler.
         Starting Snap Daemon...
[[0;32m  OK  [0m] Started Regular background program processing daemon.
         Starting LXD - container startup/shutdown...
         Starting OpenBSD Secure Shell server...
         Starting Login Service...
         Starting LSB: Record successful boot for GRUB...
         Starting LSB: MD monitoring daemon...
         Starting Virtualbox guest utils...
         Starting System Logging Service...
         Starting /etc/rc.local Compatibility...
[[0;32m  OK  [0m] Started FUSE filesystem for LXC.
[[0;32m  OK  [0m] Started ACPI event daemon.
[[0;32m  OK  [0m] Started D-Bus System Message Bus.
[[0;32m  OK  [0m] Started System Logging Service.
[[0;32m  OK  [0m] Started /etc/rc.local Compatibility.
[[0;32m  OK  [0m] Started iSCSI initiator daemon (iscsid).
[[0;32m  OK  [0m] Started Login Service.
[[0;32m  OK  [0m] Started Unattended Upgrades Shutdown.
         Starting Authenticate and Authorize Users to Run Privileged Tasks...
         Starting Login to default iSCSI targets...
[[0;32m  OK  [0m] Started OpenBSD Secure Shell server.
[[0;32m  OK  [0m] Started LXD - container startup/shutdown.
[[0;32m  OK  [0m] Started LSB: Record successful boot for GRUB.
[[0;32m  OK  [0m] Started LSB: MD monitoring daemon.
[[0;32m  OK  [0m] Started Authenticate and Authorize Users to Run Privileged Tasks.
[[0;32m  OK  [0m] Started Accounts Service.
[[0;32m  OK  [0m] Started Login to default iSCSI targets.
[[0;32m  OK  [0m] Reached target Remote File Systems (Pre).
         Mounting /vagrant...
[[0;32m  OK  [0m] Mounted /vagrant.
[[0;32m  OK  [0m] Reached target Remote File Systems.
         Starting LSB: daemon to balance interrupts for SMP systems...
         Starting Permit User Sessions...
         Starting LSB: automatic crash report generation...
         Starting LSB: Set the CPU Frequency Scaling governor to "ondemand"...
[[0;32m  OK  [0m] Started Virtualbox guest utils.
[[0;32m  OK  [0m] Started Permit User Sessions.
         Starting Hold until boot process finishes up...
         Starting Terminate Plymouth Boot Screen...
[[0;32m  OK  [0m] Started Hold until boot process finishes up.
[[0;32m  OK  [0m] Started Terminate Plymouth Boot Screen.
[[0;32m  OK  [0m] Started Getty on tty1.
[[0;32m  OK  [0m] Started Serial Getty on ttyS0.
[[0;32m  OK  [0m] Reached target Login Prompts.
         Starting Set console scheme...
[[0;32m  OK  [0m] Started LSB: daemon to balance interrupts for SMP systems.
[[0;32m  OK  [0m] Started LSB: automatic crash report generation.
[[0;32m  OK  [0m] Started LSB: Set the CPU Frequency Scaling governor to "ondemand".
[[0;32m  OK  [0m] Started Set console scheme.
[[0;32m  OK  [0m] Started Snap Daemon.
         Starting Wait until snapd is fully seeded...
[[0;32m  OK  [0m] Started Wait until snapd is fully seeded.
[[0;32m  OK  [0m] Reached target Multi-User System.
[[0;32m  OK  [0m] Reached target Graphical Interface.
         Starting Update UTMP about System Runlevel Changes...
         Starting Apply the settings specified in cloud-config...
[[0;32m  OK  [0m] Started Update UTMP about System Runlevel Changes.
[   15.817384] cloud-init[1350]: Cloud-init v. 21.1-19-gbad84ad4-0ubuntu1~16.04.2 running 'modules:config' at Thu, 27 May 2021 00:36:14 +0000. Up 15.57 seconds.
[[0;32m  OK  [0m] Started Apply the settings specified in cloud-config.
         Starting Execute cloud user/final scripts...
[   16.774731] cloud-init[1361]: Cloud-init v. 21.1-19-gbad84ad4-0ubuntu1~16.04.2 running 'modules:final' at Thu, 27 May 2021 00:36:15 +0000. Up 16.49 seconds.
[   16.779951] cloud-init[1361]: Cloud-init v. 21.1-19-gbad84ad4-0ubuntu1~16.04.2 finished at Thu, 27 May 2021 00:36:15 +0000. Datasource DataSourceNoCloud [seed=/dev/sdb][dsmode=net].  Up 16.75 seconds
[[0;32m  OK  [0m] Started Execute cloud user/final scripts.
[[0;32m  OK  [0m] Reached target Cloud-init target.

Ubuntu 16.04.7 LTS ubuntu-xenial-webapp ttyS0

ubuntu-xenial-webapp login: [[0;32m  OK  [0m] Closed Load/Save RF Kill Switch Status /dev/rfkill Watch.
[[0;32m  OK  [0m] Stopped target Graphical Interface.
         Stopping Authenticate and Authorize Users to Run Privileged Tasks...
         Stopping Accounts Service...
         Stopping Session 4 of user vagrant.
[[0;32m  OK  [0m] Stopped target Cloud-init target.
         Stopping ACPI event daemon...
         Stopping Session 8 of user vagrant.
[[0;32m  OK  [0m] Stopped Execute cloud user/final scripts.
[[0;32m  OK  [0m] Stopped Apply the settings specified in cloud-config.
[[0;32m  OK  [0m] Stopped target Cloud-config availability.
[[0;32m  OK  [0m] Stopped target Multi-User System.
         Stopping LXD - container startup/shutdown...
         Stopping Regular background program processing daemon...
         Stopping D-Bus System Message Bus...
[[0;32m  OK  [0m] Stopped Wait until snapd is fully seeded.
         Stopping Unattended Upgrades Shutdown...
         Stopping LSB: Set the CPU Frequency Scaling governor to "ondemand"...
         Stopping Virtualbox guest utils...
         Stopping FUSE filesystem for LXC...
         Stopping LSB: Record successful boot for GRUB...
         Stopping OpenBSD Secure Shell server...
[[0;32m  OK  [0m] Stopped target Login Prompts.
         Stopping Serial Getty on ttyS0...
[[0;32m  OK  [0m] Stopped target Timers.
[[0;32m  OK  [0m] Stopped Message of the Day.
         Stopping LSB: MD monitoring daemon...
         Stopping System Logging Service...
[[0;32m  OK  [0m] Stopped Daily apt upgrade and clean activities.
[[0;32m  OK  [0m] Stopped Daily apt download activities.
[[0;32m  OK  [0m] Stopped target System Time Synchronized.
         Stopping Deferred execution scheduler...
         Stopping Getty on tty1...
         Stopping User Manager for UID 1000...
[[0;32m  OK  [0m] Stopped Daily Cleanup of Temporary Directories.
         Stopping LSB: Apache2 web server...
         Stopping LSB: daemon to balance interrupts for SMP systems...
         Stopping LSB: automatic crash report generation...
[[0;32m  OK  [0m] Unmounted /var/lib/lxcfs.
[[0;32m  OK  [0m] Stopped Accounts Service.
[[0;32m  OK  [0m] Stopped Deferred execution scheduler.
[[0;32m  OK  [0m] Stopped Regular background program processing daemon.
[[0;32m  OK  [0m] Stopped System Logging Service.
[[0;32m  OK  [0m] Stopped ACPI event daemon.
[[0;32m  OK  [0m] Stopped OpenBSD Secure Shell server.
[[0;32m  OK  [0m] Stopped Unattended Upgrades Shutdown.
[[0;32m  OK  [0m] Stopped Authenticate and Authorize Users to Run Privileged Tasks.
[[0;32m  OK  [0m] Stopped Getty on tty1.
[[0;32m  OK  [0m] Stopped Serial Getty on ttyS0.
[[0;32m  OK  [0m] Stopped User Manager for UID 1000.
[[0;32m  OK  [0m] Stopped Session 8 of user vagrant.
[[0;32m  OK  [0m] Stopped Session 4 of user vagrant.
[[0;32m  OK  [0m] Stopped D-Bus System Message Bus.
[[0;32m  OK  [0m] Stopped FUSE filesystem for LXC.
[[0;32m  OK  [0m] Stopped LSB: MD monitoring daemon.
[[0;32m  OK  [0m] Stopped LXD - container startup/shutdown.
[[0;32m  OK  [0m] Stopped LSB: Set the CPU Frequency Scaling governor to "ondemand".
[[0;32m  OK  [0m] Stopped LSB: Record successful boot for GRUB.
[[0;32m  OK  [0m] Stopped LSB: daemon to balance interrupts for SMP systems.
[[0;32m  OK  [0m] Stopped LSB: automatic crash report generation.
[[0;32m  OK  [0m] Stopped Virtualbox guest utils.
[[0;32m  OK  [0m] Removed slice User Slice of vagrant.
[[0;32m  OK  [0m] Removed slice system-serial\x2dgetty.slice.
[[0;32m  OK  [0m] Stopped /etc/rc.local Compatibility.
[[0;32m  OK  [0m] Removed slice system-getty.slice.
         Stopping Permit User Sessions...
         Stopping Login Service...
[[0;32m  OK  [0m] Stopped Permit User Sessions.
[[0;32m  OK  [0m] Stopped Login Service.
[[0;32m  OK  [0m] Stopped target User and Group Name Lookups.
[[0;32m  OK  [0m] Stopped LSB: Apache2 web server.
[[0;32m  OK  [0m] Stopped target Basic System.
[[0;32m  OK  [0m] Stopped target Slices.
[[0;32m  OK  [0m] Removed slice User and Session Slice.
[[0;32m  OK  [0m] Stopped target Paths.
[[0;32m  OK  [0m] Stopped Forward Password Requests to Wall Directory Watch.
[[0;32m  OK  [0m] Stopped ACPI Events Check.
[[0;32m  OK  [0m] Stopped Dispatch Password Requests to Console Directory Watch.
[[0;32m  OK  [0m] Stopped target Sockets.
[[0;32m  OK  [0m] Closed ACPID Listen Socket.
[[0;32m  OK  [0m] Closed Syslog Socket.
[[0;32m  OK  [0m] Closed Socket activation for snappy daemon.
[[0;32m  OK  [0m] Closed LXD - unix socket.
[[0;32m  OK  [0m] Closed UUID daemon activation socket.
[[0;32m  OK  [0m] Closed D-Bus System Message Bus Socket.
[[0;32m  OK  [0m] Stopped target System Initialization.
[[0;32m  OK  [0m] Stopped target Swap.
         Stopping Update UTMP about System Boot/Shutdown...
[[0;32m  OK  [0m] Stopped target Encrypted Volumes.
         Stopping Load/Save Random Seed...
[[0;32m  OK  [0m] Stopped target Remote File Systems.
         Unmounting /vagrant...
[[0;32m  OK  [0m] Stopped Load/Save Random Seed.
[[0;32m  OK  [0m] Stopped Update UTMP about System Boot/Shutdown.
[[0;32m  OK  [0m] Stopped Create Volatile Files and Directories.
[[0;32m  OK  [0m] Unmounted /vagrant.
[[0;32m  OK  [0m] Stopped target Remote File Systems (Pre).
         Stopping Login to default iSCSI targets...
[[0;32m  OK  [0m] Stopped Login to default iSCSI targets.
         Stopping iSCSI initiator daemon (iscsid)...
[[0;32m  OK  [0m] Stopped iSCSI initiator daemon (iscsid).
[[0;32m  OK  [0m] Stopped target Network is Online.
[[0;32m  OK  [0m] Stopped Initial cloud-init job (metadata service crawler).
[[0;32m  OK  [0m] Stopped target Network.
         Stopping Raise network interfaces...
[[0;32m  OK  [0m] Stopped Raise network interfaces.
[[0;32m  OK  [0m] Stopped target Local File Systems.
         Unmounting /run/user/1000...
[[0;32m  OK  [0m] Stopped target Network (Pre).
[[0;32m  OK  [0m] Stopped Initial cloud-init job (pre-networking).
[[0;32m  OK  [0m] Stopped Apply Kernel Variables.
[[0;32m  OK  [0m] Stopped Load Kernel Modules.
[[0;32m  OK  [0m] Unmounted /run/user/1000.
[[0;32m  OK  [0m] Reached target Unmount All Filesystems.
[[0;32m  OK  [0m] Stopped target Local File Systems (Pre).
         Stopping Monitoring of LVM2 mirrors... dmeventd or progress polling...
[[0;32m  OK  [0m] Stopped Remount Root and Kernel File Systems.
[[0;32m  OK  [0m] Stopped Create Static Device Nodes in /dev.
[[0;32m  OK  [0m] Reached target Shutdown.
[ 2068.227900] reboot: Restarting system
[    0.000000] Initializing cgroup subsys cpuset
[    0.000000] Initializing cgroup subsys cpu
[    0.000000] Initializing cgroup subsys cpuacct
[    0.000000] Linux version 4.4.0-210-generic (buildd@lgw01-amd64-009) (gcc version 5.4.0 20160609 (Ubuntu 5.4.0-6ubuntu1~16.04.12) ) #242-Ubuntu SMP Fri Apr 16 09:57:56 UTC 2021 (Ubuntu 4.4.0-210.242-generic 4.4.262)
[    0.000000] Command line: BOOT_IMAGE=/boot/vmlinuz-4.4.0-210-generic root=LABEL=cloudimg-rootfs ro console=tty1 console=ttyS0
[    0.000000] KERNEL supported cpus:
[    0.000000]   Intel GenuineIntel
[    0.000000]   AMD AuthenticAMD
[    0.000000]   Centaur CentaurHauls
[    0.000000] x86/fpu: xstate_offset[2]:  576, xstate_sizes[2]:  256
[    0.000000] x86/fpu: Supporting XSAVE feature 0x01: 'x87 floating point registers'
[    0.000000] x86/fpu: Supporting XSAVE feature 0x02: 'SSE registers'
[    0.000000] x86/fpu: Supporting XSAVE feature 0x04: 'AVX registers'
[    0.000000] x86/fpu: Enabled xstate features 0x7, context size is 832 bytes, using 'standard' format.
[    0.000000] e820: BIOS-provided physical RAM map:
[    0.000000] BIOS-e820: [mem 0x0000000000000000-0x000000000009fbff] usable
[    0.000000] BIOS-e820: [mem 0x000000000009fc00-0x000000000009ffff] reserved
[    0.000000] BIOS-e820: [mem 0x00000000000f0000-0x00000000000fffff] reserved
[    0.000000] BIOS-e820: [mem 0x0000000000100000-0x000000003ffeffff] usable
[    0.000000] BIOS-e820: [mem 0x000000003fff0000-0x000000003fffffff] ACPI data
[    0.000000] BIOS-e820: [mem 0x00000000fec00000-0x00000000fec00fff] reserved
[    0.000000] BIOS-e820: [mem 0x00000000fee00000-0x00000000fee00fff] reserved
[    0.000000] BIOS-e820: [mem 0x00000000fffc0000-0x00000000ffffffff] reserved
[    0.000000] NX (Execute Disable) protection: active
[    0.000000] SMBIOS 2.5 present.
[    0.000000] Hypervisor detected: KVM
[    0.000000] e820: last_pfn = 0x3fff0 max_arch_pfn = 0x400000000
[    0.000000] MTRR: Disabled
[    0.000000] x86/PAT: MTRRs disabled, skipping PAT initialization too.
[    0.000000] CPU MTRRs all blank - virtualized system.
[    0.000000] x86/PAT: Configuration [0-7]: WB  WT  UC- UC  WB  WT  UC- UC  
[    0.000000] found SMP MP-table at [mem 0x0009fff0-0x0009ffff] mapped at [ffff88000009fff0]
[    0.000000] Scanning 1 areas for low memory corruption
[    0.000000] RAMDISK: [mem 0x362de000-0x37166fff]
[    0.000000] ACPI: Early table checksum verification disabled
[    0.000000] ACPI: RSDP 0x00000000000E0000 000024 (v02 VBOX  )
[    0.000000] ACPI: XSDT 0x000000003FFF0030 00003C (v01 VBOX   VBOXXSDT 00000001 ASL  00000061)
[    0.000000] ACPI: FACP 0x000000003FFF00F0 0000F4 (v04 VBOX   VBOXFACP 00000001 ASL  00000061)
[    0.000000] ACPI: DSDT 0x000000003FFF0470 002325 (v02 VBOX   VBOXBIOS 00000002 INTL 20100528)
[    0.000000] ACPI: FACS 0x000000003FFF0200 000040
[    0.000000] ACPI: FACS 0x000000003FFF0200 000040
[    0.000000] ACPI: APIC 0x000000003FFF0240 00005C (v02 VBOX   VBOXAPIC 00000001 ASL  00000061)
[    0.000000] ACPI: SSDT 0x000000003FFF02A0 0001CC (v01 VBOX   VBOXCPUT 00000002 INTL 20100528)
[    0.000000] No NUMA configuration found
[    0.000000] Faking a node at [mem 0x0000000000000000-0x000000003ffeffff]
[    0.000000] NODE_DATA(0) allocated [mem 0x3ffeb000-0x3ffeffff]
[    0.000000] kvm-clock: Using msrs 4b564d01 and 4b564d00
[    0.000000] kvm-clock: cpu 0, msr 0:3ffe3001, primary cpu clock
[    0.000000] kvm-clock: using sched offset of 4058801720 cycles
[    0.000000] clocksource: kvm-clock: mask: 0xffffffffffffffff max_cycles: 0x1cd42e4dffb, max_idle_ns: 881590591483 ns
[    0.000000] Zone ranges:
[    0.000000]   DMA      [mem 0x0000000000001000-0x0000000000ffffff]
[    0.000000]   DMA32    [mem 0x0000000001000000-0x000000003ffeffff]
[    0.000000]   Normal   empty
[    0.000000]   Device   empty
[    0.000000] Movable zone start for each node
[    0.000000] Early memory node ranges
[    0.000000]   node   0: [mem 0x0000000000001000-0x000000000009efff]
[    0.000000]   node   0: [mem 0x0000000000100000-0x000000003ffeffff]
[    0.000000] Initmem setup node 0 [mem 0x0000000000001000-0x000000003ffeffff]
[    0.000000] ACPI: PM-Timer IO Port: 0x4008
[    0.000000] IOAPIC[0]: apic_id 2, version 32, address 0xfec00000, GSI 0-23
[    0.000000] ACPI: INT_SRC_OVR (bus 0 bus_irq 0 global_irq 2 dfl dfl)
[    0.000000] ACPI: INT_SRC_OVR (bus 0 bus_irq 9 global_irq 9 low level)
[    0.000000] Using ACPI (MADT) for SMP configuration information
[    0.000000] smpboot: Allowing 2 CPUs, 0 hotplug CPUs
[    0.000000] PM: Registered nosave memory: [mem 0x00000000-0x00000fff]
[    0.000000] PM: Registered nosave memory: [mem 0x0009f000-0x0009ffff]
[    0.000000] PM: Registered nosave memory: [mem 0x000a0000-0x000effff]
[    0.000000] PM: Registered nosave memory: [mem 0x000f0000-0x000fffff]
[    0.000000] e820: [mem 0x40000000-0xfebfffff] available for PCI devices
[    0.000000] Booting paravirtualized kernel on KVM
[    0.000000] clocksource: refined-jiffies: mask: 0xffffffff max_cycles: 0xffffffff, max_idle_ns: 7645519600211568 ns
[    0.000000] setup_percpu: NR_CPUS:512 nr_cpumask_bits:512 nr_cpu_ids:2 nr_node_ids:1
[    0.000000] PERCPU: Embedded 33 pages/cpu @ffff88003fc00000 s95192 r8192 d31784 u1048576
[    0.000000] Built 1 zonelists in Node order, mobility grouping on.  Total pages: 257912
[    0.000000] Policy zone: DMA32
[    0.000000] Kernel command line: BOOT_IMAGE=/boot/vmlinuz-4.4.0-210-generic root=LABEL=cloudimg-rootfs ro console=tty1 console=ttyS0
[    0.000000] PID hash table entries: 4096 (order: 3, 32768 bytes)
[    0.000000] Memory: 997796K/1048120K available (8644K kernel code, 1332K rwdata, 4044K rodata, 1492K init, 1164K bss, 50324K reserved, 0K cma-reserved)
[    0.000000] SLUB: HWalign=64, Order=0-3, MinObjects=0, CPUs=2, Nodes=1
[    0.000000] Kernel/User page tables isolation: enabled
[    0.000000] Hierarchical RCU implementation.
[    0.000000] 	Build-time adjustment of leaf fanout to 64.
[    0.000000] 	RCU restricting CPUs from NR_CPUS=512 to nr_cpu_ids=2.
[    0.000000] RCU: Adjusting geometry for rcu_fanout_leaf=64, nr_cpu_ids=2
[    0.000000] NR_IRQS:33024 nr_irqs:440 16
[    0.000000] Console: colour VGA+ 80x25
[    0.000000] console [tty1] enabled
[    0.000000] console [ttyS0] enabled
[    0.000000] tsc: Detected 2904.000 MHz processor
[    0.226166] Calibrating delay loop (skipped) preset value.. 5808.00 BogoMIPS (lpj=11616000)
[    0.228450] pid_max: default: 32768 minimum: 301
[    0.229728] ACPI: Core revision 20150930
[    0.232835] ACPI: 2 ACPI AML tables successfully acquired and loaded
[    0.234565] Security Framework initialized
[    0.235703] Yama: becoming mindful.
[    0.236735] AppArmor: AppArmor initialized
[    0.240049] Dentry cache hash table entries: 131072 (order: 8, 1048576 bytes)
[    0.243095] Inode-cache hash table entries: 65536 (order: 7, 524288 bytes)
[    0.245407] Mount-cache hash table entries: 2048 (order: 2, 16384 bytes)
[    0.247605] Mountpoint-cache hash table entries: 2048 (order: 2, 16384 bytes)
[    0.250061] Initializing cgroup subsys io
[    0.251483] Initializing cgroup subsys memory
[    0.252908] Initializing cgroup subsys devices
[    0.254122] Initializing cgroup subsys freezer
[    0.255902] Initializing cgroup subsys net_cls
[    0.257019] Initializing cgroup subsys perf_event
[    0.258347] Initializing cgroup subsys net_prio
[    0.259519] Initializing cgroup subsys hugetlb
[    0.260796] Initializing cgroup subsys pids
[    0.275789] mce: CPU supports 0 MCE banks
[    0.277041] Last level iTLB entries: 4KB 64, 2MB 8, 4MB 8
[    0.278427] Last level dTLB entries: 4KB 64, 2MB 0, 4MB 0, 1GB 4
[    0.280336] Spectre V1 : Mitigation: usercopy/swapgs barriers and __user pointer sanitization
[    0.282629] Spectre V2 : Mitigation: Full generic retpoline
[    0.283980] Spectre V2 : Spectre v2 / SpectreRSB mitigation: Filling RSB on context switch
[    0.286126] Speculative Store Bypass: Vulnerable
[    0.287415] SRBDS: Unknown: Dependent on hypervisor status
[    0.288890] MDS: Mitigation: Clear CPU buffers
[    0.293253] Freeing SMP alternatives memory: 36K
[    0.302495] ftrace: allocating 32380 entries in 127 pages
[    0.441915] smpboot: APIC(0) Converting physical 0 to logical package 0
[    0.443524] smpboot: Max logical packages: 1
[    0.445172] x2apic enabled
[    0.447348] Switched APIC routing to physical x2apic.
[    0.451010] ..TIMER: vector=0x30 apic1=0 pin1=2 apic2=-1 pin2=-1
[    0.561290] smpboot: CPU0: Intel(R) Core(TM) i7-7500U CPU @ 2.70GHz (family: 0x6, model: 0x8e, stepping: 0x9)
[    0.566197] Performance Events: unsupported p6 CPU model 142 no PMU driver, software events only.
[    0.584633] KVM setup paravirtual spinlock
[    0.587982] x86: Booting SMP configuration:
[    0.589453] .... node  #0, CPUs:      #1
[    0.591021] kvm-clock: cpu 1, msr 0:3ffe3041, secondary cpu clock
[    0.608936] mce: CPU supports 0 MCE banks
[    0.611899] x86: Booted up 1 node, 2 CPUs
[    0.613307] smpboot: Total of 2 processors activated (11616.00 BogoMIPS)
[    0.615421] devtmpfs: initialized
[    0.618345] evm: security.selinux
[    0.619319] evm: security.SMACK64
[    0.620346] evm: security.SMACK64EXEC
[    0.621562] evm: security.SMACK64TRANSMUTE
[    0.622737] evm: security.SMACK64MMAP
[    0.623816] evm: security.ima
[    0.624725] evm: security.capability
[    0.626014] clocksource: jiffies: mask: 0xffffffff max_cycles: 0xffffffff, max_idle_ns: 7645041785100000 ns
[    0.628714] futex hash table entries: 512 (order: 3, 32768 bytes)
[    0.630456] pinctrl core: initialized pinctrl subsystem
[    0.631889] RTC time:  1:10:31, date: 05/27/21
[    0.633567] NET: Registered protocol family 16
[    0.645717] cpuidle: using governor ladder
[    0.657612] cpuidle: using governor menu
[    0.659406] PCCT header not found.
[    0.660886] ACPI: bus type PCI registered
[    0.662313] acpiphp: ACPI Hot Plug PCI Controller Driver version: 0.5
[    0.664498] PCI: Using configuration type 1 for base access
[    0.678268] ACPI: Added _OSI(Module Device)
[    0.679692] ACPI: Added _OSI(Processor Device)
[    0.681229] ACPI: Added _OSI(3.0 _SCP Extensions)
[    0.682850] ACPI: Added _OSI(Processor Aggregator Device)
[    0.685625] ACPI: Executed 1 blocks of module-level executable AML code
[    0.691343] ACPI: Interpreter enabled
[    0.692734] ACPI: (supports S0 S5)
[    0.693926] ACPI: Using IOAPIC for interrupt routing
[    0.697642] PCI: Using host bridge windows from ACPI; if necessary, use "pci=nocrs" and report a bug
[    0.715670] ACPI: PCI Root Bridge [PCI0] (domain 0000 [bus 00-ff])
[    0.720102] acpi PNP0A03:00: _OSC: OS supports [ASPM ClockPM Segments MSI]
[    0.725695] acpi PNP0A03:00: _OSC: not requesting OS control; OS requires [ExtendedConfig ASPM ClockPM MSI]
[    0.732809] acpi PNP0A03:00: fail to add MMCONFIG information, can't access extended PCI configuration space under this bridge.
[    0.742349] PCI host bridge to bus 0000:00
[    0.745573] pci_bus 0000:00: root bus resource [io  0x0000-0x0cf7 window]
[    0.750226] pci_bus 0000:00: root bus resource [io  0x0d00-0xffff window]
[    0.755290] pci_bus 0000:00: root bus resource [mem 0x000a0000-0x000bffff window]
[    0.758879] pci_bus 0000:00: root bus resource [mem 0x40000000-0xfdffffff window]
[    0.763654] pci_bus 0000:00: root bus resource [bus 00-ff]
[    0.770260] pci 0000:00:01.1: legacy IDE quirk: reg 0x10: [io  0x01f0-0x01f7]
[    0.773332] pci 0000:00:01.1: legacy IDE quirk: reg 0x14: [io  0x03f6]
[    0.776231] pci 0000:00:01.1: legacy IDE quirk: reg 0x18: [io  0x0170-0x0177]
[    0.806558] pci 0000:00:01.1: legacy IDE quirk: reg 0x1c: [io  0x0376]
[    0.836670] pci 0000:00:07.0: quirk: [io  0x4000-0x403f] claimed by PIIX4 ACPI
[    0.840616] pci 0000:00:07.0: quirk: [io  0x4100-0x410f] claimed by PIIX4 SMB
[    0.859273] ACPI: PCI Interrupt Link [LNKA] (IRQs 5 9 10 *11)
[    0.864170] ACPI: PCI Interrupt Link [LNKB] (IRQs 5 9 *10 11)
[    0.868580] ACPI: PCI Interrupt Link [LNKC] (IRQs 5 *9 10 11)
[    0.873334] ACPI: PCI Interrupt Link [LNKD] (IRQs 5 9 10 *11)
[    0.877849] ACPI: Enabled 2 GPEs in block 00 to 07
[    0.880707] vgaarb: setting as boot device: PCI:0000:00:02.0
[    0.883669] vgaarb: device added: PCI:0000:00:02.0,decodes=io+mem,owns=io+mem,locks=none
[    0.887380] vgaarb: loaded
[    0.888888] vgaarb: bridge control possible 0000:00:02.0
[    0.892018] SCSI subsystem initialized
[    0.894296] ACPI: bus type USB registered
[    0.896338] usbcore: registered new interface driver usbfs
[    0.899357] usbcore: registered new interface driver hub
[    0.901862] usbcore: registered new device driver usb
[    0.906278] PCI: Using ACPI for IRQ routing
[    0.908990] NetLabel: Initializing
[    0.910762] NetLabel:  domain hash size = 128
[    0.913717] NetLabel:  protocols = UNLABELED CIPSOv4
[    0.916151] NetLabel:  unlabeled traffic allowed by default
[    0.919676] amd_nb: Cannot enumerate AMD northbridges
[    0.922808] clocksource: Switched to clocksource kvm-clock
[    0.936405] AppArmor: AppArmor Filesystem Enabled
[    0.938760] pnp: PnP ACPI init
[    0.941875] pnp: PnP ACPI: found 3 devices
[    0.959030] clocksource: acpi_pm: mask: 0xffffff max_cycles: 0xffffff, max_idle_ns: 2085701024 ns
[    0.964232] NET: Registered protocol family 2
[    0.967192] TCP established hash table entries: 8192 (order: 4, 65536 bytes)
[    0.970017] TCP bind hash table entries: 8192 (order: 5, 131072 bytes)
[    0.972814] TCP: Hash tables configured (established 8192 bind 8192)
[    0.976375] UDP hash table entries: 512 (order: 2, 16384 bytes)
[    0.979395] UDP-Lite hash table entries: 512 (order: 2, 16384 bytes)
[    0.982722] NET: Registered protocol family 1
[    0.986139] pci 0000:00:00.0: Limiting direct PCI/PCI transfers
[    0.989682] pci 0000:00:01.0: Activating ISA DMA hang workarounds
[    0.994265] Unpacking initramfs...
[    1.378266] Freeing initrd memory: 14884K
[    1.380571] clocksource: tsc: mask: 0xffffffffffffffff max_cycles: 0x29dc05e54fc, max_idle_ns: 440795291716 ns
[    1.385028] platform rtc_cmos: registered platform RTC device (no PNP device found)
[    1.388698] Scanning for low memory corruption every 60 seconds
[    1.391759] audit: initializing netlink subsys (disabled)
[    1.394166] audit: type=2000 audit(1622077837.982:1): initialized
[    1.398275] Initialise system trusted keyring
[    1.400730] HugeTLB registered 2 MB page size, pre-allocated 0 pages
[    1.406121] zbud: loaded
[    1.408208] VFS: Disk quotas dquot_6.6.0
[    1.410782] VFS: Dquot-cache hash table entries: 512 (order 0, 4096 bytes)
[    1.414296] squashfs: version 4.0 (2009/01/31) Phillip Lougher
[    1.417600] fuse init (API version 7.23)
[    1.419801] Key type big_key registered
[    1.421650] Allocating IMA MOK and blacklist keyrings.
[    1.426755] Key type asymmetric registered
[    1.428774] Asymmetric key parser 'x509' registered
[    1.431113] Block layer SCSI generic (bsg) driver version 0.4 loaded (major 249)
[    1.435344] io scheduler noop registered
[    1.437229] io scheduler deadline registered (default)
[    1.440222] io scheduler cfq registered
[    1.442769] pci_hotplug: PCI Hot Plug PCI Core version: 0.5
[    1.446253] pciehp: PCI Express Hot Plug Controller Driver version: 0.4
[    1.450439] ACPI: AC Adapter [AC] (off-line)
[    1.453742] input: Power Button as /devices/LNXSYSTM:00/LNXPWRBN:00/input/input0
[    1.457859] ACPI: Power Button [PWRF]
[    1.459862] input: Sleep Button as /devices/LNXSYSTM:00/LNXSLPBN:00/input/input1
[    1.464235] ACPI: Sleep Button [SLPF]
[    1.466615] GHES: HEST is not enabled!
[    1.468324] ACPI: Battery Slot [BAT0] (battery present)
[    1.471998] Serial: 8250/16550 driver, 32 ports, IRQ sharing enabled
[    1.496132] 00:02: ttyS0 at I/O 0x3f8 (irq = 4, base_baud = 115200) is a 16550A
[    1.504591] Linux agpgart interface v0.103
[    1.510647] loop: module loaded
[    1.513512] scsi host0: ata_piix
[    1.515760] scsi host1: ata_piix
[    1.517433] ata1: PATA max UDMA/33 cmd 0x1f0 ctl 0x3f6 bmdma 0xd000 irq 14
[    1.520483] ata2: PATA max UDMA/33 cmd 0x170 ctl 0x376 bmdma 0xd008 irq 15
[    1.523890] libphy: Fixed MDIO Bus: probed
[    1.525830] tun: Universal TUN/TAP device driver, 1.6
[    1.528232] tun: (C) 1999-2004 Max Krasnyansky <maxk@qualcomm.com>
[    1.531365] PPP generic driver version 2.4.2
[    1.533491] ehci_hcd: USB 2.0 'Enhanced' Host Controller (EHCI) Driver
[    1.536306] ehci-pci: EHCI PCI platform driver
[    1.538505] ehci-platform: EHCI generic platform driver
[    1.540993] ohci_hcd: USB 1.1 'Open' Host Controller (OHCI) Driver
[    1.543899] ohci-pci: OHCI PCI platform driver
[    1.545991] ohci-platform: OHCI generic platform driver
[    1.548368] uhci_hcd: USB Universal Host Controller Interface driver
[    1.551350] i8042: PNP: PS/2 Controller [PNP0303:PS2K,PNP0f03:PS2M] at 0x60,0x64 irq 1,12
[    1.556312] serio: i8042 KBD port at 0x60,0x64 irq 1
[    1.558725] serio: i8042 AUX port at 0x60,0x64 irq 12
[    1.561834] mousedev: PS/2 mouse device common for all mice
[    1.565296] input: AT Translated Set 2 keyboard as /devices/platform/i8042/serio0/input/input2
[    1.569978] rtc_cmos rtc_cmos: rtc core: registered rtc_cmos as rtc0
[    1.573190] rtc_cmos rtc_cmos: alarms up to one day, 114 bytes nvram
[    1.575690] i2c /dev entries driver
[    1.577839] device-mapper: uevent: version 1.0.3
[    1.580264] device-mapper: ioctl: 4.34.0-ioctl (2015-10-28) initialised: dm-devel@redhat.com
[    1.584446] ledtrig-cpu: registered to indicate activity on CPUs
[    1.588169] NET: Registered protocol family 10
[    1.590674] NET: Registered protocol family 17
[    1.593100] Key type dns_resolver registered
[    1.596280] registered taskstats version 1
[    1.598330] Loading compiled-in X.509 certificates
[    1.601510] Loaded X.509 cert 'Build time autogenerated kernel key: cf00e047681d67edb2720680708b7d9498083038'
[    1.606324] zswap: loaded using pool lzo/zbud
[    1.611845] Key type trusted registered
[    1.619768] Key type encrypted registered
[    1.621749] AppArmor: AppArmor sha1 policy hashing enabled
[    1.624122] ima: No TPM chip found, activating TPM-bypass!
[    1.626536] ima: Allocated hash algorithm: sha1
[    1.628856] evm: HMAC attrs: 0x1
[    1.631270]   Magic number: 5:741:155
[    1.633341] rtc_cmos rtc_cmos: setting system clock to 2021-05-27 01:10:32 UTC (1622077832)
[    1.637222] BIOS EDD facility v0.16 2004-Jun-25, 0 devices found
[    1.639730] EDD information not available.
[    1.717050] Freeing unused kernel memory: 1492K
[    1.722037] Write protecting the kernel read-only data: 14336k
[    1.729612] Freeing unused kernel memory: 1584K
[    1.735035] Freeing unused kernel memory: 52K
Loading, please wait...
starting version 229
[    1.798701] random: systemd-udevd: uninitialized urandom read (16 bytes read, 3 bits of entropy available)
[    1.802158] random: udevadm: uninitialized urandom read (16 bytes read, 3 bits of entropy available)
[    1.802297] random: udevadm: uninitialized urandom read (16 bytes read, 3 bits of entropy available)
[    1.853280] random: systemd-udevd: uninitialized urandom read (16 bytes read, 3 bits of entropy available)
[    1.860825] random: udevadm: uninitialized urandom read (16 bytes read, 3 bits of entropy available)
[    1.860977] random: udevadm: uninitialized urandom read (16 bytes read, 3 bits of entropy available)
[    1.861557] random: udevadm: uninitialized urandom read (16 bytes read, 3 bits of entropy available)
[    1.861806] random: udevadm: uninitialized urandom read (16 bytes read, 3 bits of entropy available)
[    1.862010] random: udevadm: uninitialized urandom read (16 bytes read, 3 bits of entropy available)
[    1.862243] random: udevadm: uninitialized urandom read (16 bytes read, 3 bits of entropy available)
[    2.012364] e1000: Intel(R) PRO/1000 Network Driver - version 7.3.21-k8-NAPI
[    2.014306] e1000: Copyright (c) 1999-2006 Intel Corporation.
[    2.026729] Fusion MPT base driver 3.04.20
[    2.027927] Copyright (c) 1999-2008 LSI Corporation
[    2.038529] Fusion MPT SPI Host driver 3.04.20
[    2.052709] AVX2 version of gcm_enc/dec engaged.
[    2.055300] AES CTR mode by8 optimization enabled
[    2.255420] input: ImExPS/2 Generic Explorer Mouse as /devices/platform/i8042/serio1/input/input4
[    2.717823] e1000 0000:00:03.0 eth0: (PCI:33MHz:32-bit) 02:ed:98:3c:8e:82
[    2.725726] e1000 0000:00:03.0 eth0: Intel(R) PRO/1000 Network Connection
[    2.736565] mptbase: ioc0: Initiating bringup
[    3.637567] ioc0: LSI53C1030 A0: Capabilities={Initiator}
[    6.698585] scsi host2: ioc0: LSI53C1030 A0, FwRev=00000000h, Ports=1, MaxQ=256, IRQ=20
[    7.805647] scsi 2:0:0:0: Direct-Access     VBOX     HARDDISK         1.0  PQ: 0 ANSI: 5
[    7.823246] scsi target2:0:0: Beginning Domain Validation
[    7.838012] scsi target2:0:0: Domain Validation skipping write tests
[    7.843853] scsi target2:0:0: Ending Domain Validation
[    7.849455] scsi target2:0:0: asynchronous
[    7.857116] scsi 2:0:1:0: Direct-Access     VBOX     HARDDISK         1.0  PQ: 0 ANSI: 5
[    7.867411] scsi target2:0:1: Beginning Domain Validation
[    7.872262] scsi target2:0:1: Domain Validation skipping write tests
[    7.875004] scsi target2:0:1: Ending Domain Validation
[    7.877603] scsi target2:0:1: asynchronous
[    7.928292] sd 2:0:0:0: Attached scsi generic sg0 type 0
[    7.930952] sd 2:0:0:0: [sda] 83886080 512-byte logical blocks: (42.9 GB/40.0 GiB)
[    7.937049] sd 2:0:1:0: Attached scsi generic sg1 type 0
[    7.939995] sd 2:0:1:0: [sdb] 20480 512-byte logical blocks: (10.5 MB/10.0 MiB)
[    7.943022] sd 2:0:0:0: [sda] Write Protect is off
[    7.945535] sd 2:0:0:0: [sda] Incomplete mode parameter data
[    7.947944] sd 2:0:0:0: [sda] Assuming drive cache: write through
[    7.952935] sd 2:0:1:0: [sdb] Write Protect is off
[    7.955360] sd 2:0:1:0: [sdb] Incomplete mode parameter data
[    7.958103] sd 2:0:1:0: [sdb] Assuming drive cache: write through
[    7.964372]  sda: sda1
[    7.969539] sd 2:0:0:0: [sda] Attached SCSI disk
[    7.971732] sd 2:0:1:0: [sdb] Attached SCSI disk
[    8.407963] e1000 0000:00:08.0 eth1: (PCI:33MHz:32-bit) 08:00:27:27:b5:d2
[    8.412438] e1000 0000:00:08.0 eth1: Intel(R) PRO/1000 Network Connection
[    8.424184] e1000 0000:00:03.0 enp0s3: renamed from eth0
[    8.451525] e1000 0000:00:08.0 enp0s8: renamed from eth1
Begin: Loading essential drivers ... [   10.840784] md: linear personality registered for level -1
[   10.852025] md: multipath personality registered for level -4
[   10.863188] md: raid0 personality registered for level 0
[   10.872986] md: raid1 personality registered for level 1
[   10.946882] raid6: sse2x1   gen()  6410 MB/s
[   11.015005] raid6: sse2x1   xor()  4407 MB/s
[   11.082867] raid6: sse2x2   gen() 10872 MB/s
[   11.150888] raid6: sse2x2   xor()  6914 MB/s
[   11.218866] raid6: sse2x4   gen() 11682 MB/s
[   11.286877] raid6: sse2x4   xor()  6958 MB/s
[   11.354862] raid6: avx2x1   gen() 14280 MB/s
[   11.422862] raid6: avx2x2   gen() 18214 MB/s
[   11.490856] raid6: avx2x4   gen() 20291 MB/s
[   11.493154] raid6: using algorithm avx2x4 gen() 20291 MB/s
[   11.494707] raid6: using avx2x2 recovery algorithm
[   11.497765] xor: automatically using best checksumming function:
[   11.538875]    avx       : 19166.000 MB/sec
[   11.541596] async_tx: api initialized (async)
[   11.558125] md: raid6 personality registered for level 6
[   11.561168] md: raid5 personality registered for level 5
[   11.562965] md: raid4 personality registered for level 4
[   11.575319] md: raid10 personality registered for level 10
done.
Begin: Running /scripts/init-premount ... done.
Begin: Mounting root file system ... Begin: Running /scripts/local-top ... done.
Begin: Running /scripts/local-premount ... [   11.618620] Btrfs loaded
Scanning for Btrfs filesystems
done.
Warning: fsck not present, so skipping root file system
[   11.668110] EXT4-fs (sda1): mounted filesystem with ordered data mode. Opts: (null)
done.
Begin: Running /scripts/local-bottom ... done.
Begin: Running /scripts/init-bottom ... done.
[   11.858487] systemd[1]: systemd 229 running in system mode. (+PAM +AUDIT +SELINUX +IMA +APPARMOR +SMACK +SYSVINIT +UTMP +LIBCRYPTSETUP +GCRYPT +GNUTLS +ACL +XZ -LZ4 +SECCOMP +BLKID +ELFUTILS +KMOD -IDN)
[   11.880778] systemd[1]: Detected virtualization oracle.
[   11.886247] systemd[1]: Detected architecture x86-64.

Welcome to [1mUbuntu 16.04.7 LTS[0m!

[   12.386765] systemd[1]: Set hostname to <ubuntu-xenial-webapp>.
[   12.990395] systemd[1]: Started Trigger resolvconf update for networkd DNS.
[[0;32m  OK  [0m] Started Trigger resolvconf update for networkd DNS.
[   13.150194] systemd[1]: Listening on Journal Audit Socket.
[[0;32m  OK  [0m] Listening on Journal Audit Socket.
[   13.160235] systemd[1]: Reached target Swap.
[[0;32m  OK  [0m] Reached target Swap.
[   13.167888] systemd[1]: Set up automount Arbitrary Executable File Formats File System Automount Point.
[[0;32m  OK  [0m] Set up automount Arbitrary Executab...ats File System Automount Point.
[   13.182130] systemd[1]: Started Forward Password Requests to Wall Directory Watch.
[[0;32m  OK  [0m] Started Forward Password Requests to Wall Directory Watch.
[   13.195163] systemd[1]: Listening on fsck to fsckd communication Socket.
[[0;32m  OK  [0m] Listening on fsck to fsckd communication Socket.
[   13.202558] systemd[1]: Listening on udev Control Socket.
[[0;32m  OK  [0m] Listening on udev Control Socket.
[   13.213262] systemd[1]: Listening on /dev/initctl Compatibility Named Pipe.
[[0;32m  OK  [0m] Listening on /dev/initctl Compatibility Named Pipe.
[   13.220765] systemd[1]: Listening on LVM2 metadata daemon socket.
[[0;32m  OK  [0m] Listening on LVM2 metadata daemon socket.
[   13.231500] systemd[1]: Listening on Device-mapper event daemon FIFOs.
[[0;32m  OK  [0m] Listening on Device-mapper event daemon FIFOs.
[   13.242639] systemd[1]: Listening on Journal Socket (/dev/log).
[[0;32m  OK  [0m] Listening on Journal Socket (/dev/log).
[   13.383750] systemd[1]: Listening on Syslog Socket.
[[0;32m  OK  [0m] Listening on Syslog Socket.
[   13.394443] systemd[1]: Created slice User and Session Slice.
[[0;32m  OK  [0m] Created slice User and Session Slice.
[   13.401481] systemd[1]: Reached target User and Group Name Lookups.
[[0;32m  OK  [0m] Reached target User and Group Name Lookups.
[   13.411418] systemd[1]: Reached target Encrypted Volumes.
[[0;32m  OK  [0m] Reached target Encrypted Volumes.
[   13.418707] systemd[1]: Listening on LVM2 poll daemon socket.
[[0;32m  OK  [0m] Listening on LVM2 poll daemon socket.
[   13.697363] systemd[1]: Reached target System Time Synchronized.
[[0;32m  OK  [0m] Reached target System Time Synchronized.
[   13.717842] systemd[1]: Listening on Journal Socket.
[[0;32m  OK  [0m] Listening on Journal Socket.
[   14.697576] systemd[1]: Listening on udev Kernel Socket.
[[0;32m  OK  [0m] Listening on udev Kernel Socket.
[   14.724143] systemd[1]: Created slice System Slice.
[[0;32m  OK  [0m] Created slice System Slice.
[   14.763886] systemd[1]: Mounting Huge Pages File System...
[   14.777320] random: nonblocking pool is initialized
         Mounting Huge Pages File System...
[   14.801115] systemd[1]: Starting File System Check on Root Device...
         Starting File System Check on Root Device...
[   14.826067] systemd[1]: Startig Journal Service...
         Starting Journal Service...
[   14.835639] systemd[1]: Starting Set console keymap...
         Starting Set console keymap...
[   14.845664] systemd[1]: Starting Monitoring of LVM2 mirrors, snapshots etc. using dmeventd or progress polling...
         Starting Monitoring of LVM2 mirrors... dmeventd or progress polling...
[   14.866766] systemd[1]: Starting Load Kernel Modules...
         Starting Load Kernel Modules...
[   14.872504] systemd[1]: Mounting POSIX Message Queue File System...
         Mounting POSIX Message Queue File System...
[   14.884270] systemd[1]: Starting Uncomplicated firewall...
         Starting Uncomplicated firewall...
[   14.892126] systemd[1]: Mounting Debug File System...
         Mounting Debug File System...
[   14.900983] systemd[1]: Starting Create list of required static device nodes for the current kernel...
         Starting Create list of required st... nodes for the current kernel...
[   14.907707] systemd[1]: Starting Nameserver information manager...
         Starting Nameserver information manager...
[   14.914345] systemd[1]: Created slice system-serial\x2dgetty.slice.
[[0;32m  OK  [0m] Created slice system-serial\x2dgetty.slice.
[   14.918396] systemd[1]: Reached target Slices.
[[0;32m  OK  [0m] Reached target Slices.
[   14.922506] systemd[1]: Mounted POSIX Message Queue File System.
[[0;32m  OK  [0m] Mounted POSIX Message Queue File System.
[   14.928281] Loading iSCSI transport class v2.0-870.
[   14.935018] systemd[1]: Mounted Debug File System.
[[0;32m  OK  [0m] Mounted Debug File System.
[   14.938351] systemd[1]: Mounted Huge Pages File System.
[[0;32m  OK  [0m] Mounted Huge Pages File System.
[   14.941953] systemd[1]: Started Journal Service.
[[0;32m  OK  [0m] Started Journal Service.
[[0;32m  OK  [0m] Started File System Check on Root Device.
[[0;32m  OK  [0m] Started Uncomplicated firewall.
[[0;32m  OK  [0m] Started Create list of required sta...ce nodes for the current kernel.
[   14.952130] iscsi: registered transport (tcp)
[[0;32m  OK  [0m] Started LVM2 metadata daemon.
[[0;32m  OK  [0m] Started File System Check Daemon to report status.
         Starting Create Static Device Nodes in /dev...
         Starting Remount Root and Kernel File Systems...
[[0;32m  OK  [0m] Started Nameserver information manager.
[   14.985016] EXT4-fs (sda1): re-mounted. Opts: (null)
[[0;32m  OK  [0m] Started Remount Root and Kernel File Systems.
         Starting Load/Save Random Seed...
         Starting udev Coldplug all Devices...
         Starting Flush Journal to Persistent Storage...
[   15.006223] systemd-journald[376]: Received request to flush runtime journal from PID 1
[[0;32m  OK  [0m] Started Load/Save Random Seed.
[[0;32m  OK  [0m] Started Flush Journal to Persistent Storage.
[   15.019161] iscsi: registered transport (iser)
[[0;32m  OK  [0m] Started Load Kernel Modules.
[[0;32m  OK  [0m] Started Create Static Device Nodes in /dev.
         Starting udev Kernel Device Manager...
         Starting Apply Kernel Variables...
         Mounting FUSE Control File System...
[[0;32m  OK  [0m] Mounted FUSE Control File System.
[[0;32m  OK  [0m] Started Apply Kernel Variables.
[[0;32m  OK  [0m] Started Set console keymap.
[[0;32m  OK  [0m] Started udev Kernel Device Manager.
[[0;32m  OK  [0m] Started udev Coldplug all Devices.
[[0;32m  OK  [0m] Started Dispatch Password Requests to Console Directory Watch.
[[0;32m  OK  [0m] Started Monitoring of LVM2 mirrors,...ng dmeventd or progress polling.
[[0;32m  OK  [0m] Reached target Local File Systems (Pre).
[[0;32m  OK  [0m] Reached target Local File Systems.
         Starting LSB: AppArmor initialization...
         Starting Initial cloud-init job (pre-networking)...
         Starting Create Volatile Files and Directories...
         Starting Tell Plymouth To Write Out Runtime Data...
         Starting Set console font and keymap...
[[0;32m  OK  [0m] Found device /dev/ttyS0.
[[0;32m  OK  [0m] Started Tell Plymouth To Write Out Runtime Data.
[[0;32m  OK  [0m] Started Create Volatile Files and Directories.
         Starting Update UTMP about System Boot/Shutdown...
[[0;32m  OK  [0m] Started Update UTMP about System Boot/Shutdown.
[[0;32m  OK  [0m] Listening on Load/Save RF Kill Switch Status /dev/rfkill Watch.
[[0;32m  OK  [0m] Started LSB: AppArmor initialization.
         Starting Load AppArmor profiles managed internally by snapd...
[[0;32m  OK  [0m] Started Load AppArmor profiles managed internally by snapd.
[[0;32m  OK  [0m] Found device 82540EM Gigabit Ethern...r (PRO/1000 MT Desktop Adapter).
[[0;32m  OK  [0m] Found device 82540EM Gigabit Ethern...r (PRO/1000 MT Desktop Adapter).
[   16.640734] cloud-init[533]: Cloud-init v. 21.1-19-gbad84ad4-0ubuntu1~16.04.2 running 'init-local' at Thu, 27 May 2021 01:10:47 +0000. Up 16.11 seconds.
[[0;32m  OK  [0m] Started Initial cloud-init job (pre-networking).
[[0;32m  OK  [0m] Reached target Network (Pre).
         Starting Raise network interfaces...
[[0;32m  OK  [0m] Started ifup for enp0s8.
[[0;32m  OK  [0m] Started ifup for enp0s3.
[[0;32m  OK  [0m] Started Set console font and keymap.
[[0;32m  OK  [0m] Created slice system-getty.slice.
[[0;32m  OK  [0m] Started Raise network interfaces.
[[0;32m  OK  [0m] Reached target Network.
         Starting Initial cloud-init job (metadata service crawler)...
[   18.569342] cloud-init[1089]: Cloud-init v. 21.1-19-gbad84ad4-0ubuntu1~16.04.2 running 'init' at Thu, 27 May 2021 01:10:49 +0000. Up 17.87 seconds.
[   18.573296] cloud-init[1089]: ci-info: ++++++++++++++++++++++++++++++++++++++Net device info+++++++++++++++++++++++++++++++++++++++
[   18.584965] cloud-init[1089]: ci-info: +--------+------+-----------------------------+---------------+--------+-------------------+
[   18.591226] cloud-init[1089]: ci-info: | Device |  Up  |           Address           |      Mask     | Scope  |     Hw-Address    |
[   18.596662] cloud-init[1089]: ci-info: +--------+------+-----------------------------+---------------+--------+-------------------+
[   18.612612] cloud-init[1089]: ci-info: | enp0s3 | True |          10.0.2.15          | 255.255.255.0 | global | 02:ed:98:3c:8e:82 |
[   18.618214] cloud-init[1089]: ci-info: | enp0s3 | True |  fe80::ed:98ff:fe3c:8e82/64 |       .       |  link  | 02:ed:98:3c:8e:82 |
[   18.624591] cloud-init[1089]: ci-info: | enp0s8 | True |        192.168.56.100       | 255.255.255.0 | global | 08:00:27:27:b5:d2 |
[   18.629925] cloud-init[1089]: ci-info: | enp0s8 | True | fe80::a00:27ff:fe27:b5d2/64 |       .       |  link  | 08:00:27:27:b5:d2 |
[   18.634373] cloud-init[1089]: ci-info: |   lo   | True |          127.0.0.1          |   255.0.0.0   |  host  |         .         |
[   18.637077] cloud-init[1089]: ci-info: |   lo   | True |           ::1/128           |       .       |  host  |         .         |
[   18.639913] cloud-init[1089]: ci-info: +--------+------+-----------------------------+---------------+--------+-------------------+
[   18.642419] cloud-init[1089]: ci-info: ++++++++++++++++++++++++++++Route IPv4 info++++++++++++++++++++++++++++
[   18.644299] cloud-init[1089]: ci-info: +-------+--------------+----------+---------------+-----------+-------+
[   18.646533] cloud-init[1089]: ci-info: | Route | Destination  | Gateway  |    Genmask    | Interface | Flags |
[   18.648484] cloud-init[1089]: ci-info: +-------+--------------+----------+---------------+-----------+-------+
[   18.650222] cloud-init[1089]: ci-info: |   0   |   0.0.0.0    | 10.0.2.2 |    0.0.0.0    |   enp0s3  |   UG  |
[   18.652573] cloud-init[1089]: ci-info: |   1   |   10.0.2.0   | 0.0.0.0  | 255.255.255.0 |   enp0s3  |   U   |
[   18.654840] cloud-init[1089]: ci-info: |   2   | 192.168.56.0 | 0.0.0.0  | 255.255.255.0 |   enp0s8  |   U   |
[   18.657192] cloud-init[1089]: ci-info: +-------+--------------+----------+---------------+-----------+-------+
[   18.659141] cloud-init[1089]: ci-info: +++++++++++++++++++Route IPv6 info+++++++++++++++++++
[   18.668963] cloud-init[1089]: ci-info: +-------+-------------+---------+-----------+-------+
[   18.670947] cloud-init[1089]: ci-info: | Route | Destination | Gateway | Interface | Flags |
[   18.672402] cloud-init[1089]: ci-info: +-------+-------------+---------+-----------+-------+
[   18.680670] cloud-init[1089]: ci-info: |   0   |  fe80::/64  |    ::   |   enp0s8  |   U   |
[   18.688551] cloud-init[1089]: ci-info: |   1   |  fe80::/64  |    ::   |   enp0s3  |   U   |
[   18.690144] cloud-init[1089]: ci-info: |   4   |   ff00::/8  |    ::   |   enp0s8  |   U   |
[   18.691559] cloud-init[1089]: ci-info: |   5   |   ff00::/8  |    ::   |   enp0s3  |   U   |
[   18.693608] cloud-init[1089]: ci-info: +-------+-------------+---------+-----------+-------+
[[0;32m  OK  [0m] Started Initial cloud-init job (metadata service crawler).
[[0;32m  OK  [0m] Reached target Cloud-config availability.
[[0;32m  OK  [0m] Reached target System Initialization.
[[0;32m  OK  [0m] Listening on ACPID Listen Socket.
[[0;32m  OK  [0m] Started Daily apt download activities.
[[0;32m  OK  [0m] Listening on UUID daemon activation socket.
[[0;32m  OK  [0m] Started Daily Cleanup of Temporary Directories.
[[0;32m  OK  [0m] Started ACPI Events Check.
[[0;32m  OK  [0m] Reached target Paths.
[[0;32m  OK  [0m] Listening on D-Bus System Message Bus Socket.
[[0;32m  OK  [0m] Started Message of the Day.
         Starting LXD - unix socket.
[[0;32m  OK  [0m] Started Daily apt upgrade and clean activities.
[[0;32m  OK  [0m] Reached target Timers.
         Starting Socket activation for snappy daemon.
[[0;32m  OK  [0m] Reached target Network is Online.
         Starting iSCSI initiator daemon (iscsid)...
[[0;32m  OK  [0m] Listening on LXD - unix socket.
[[0;32m  OK  [0m] Listening on Socket activation for snappy daemon.
[[0;32m  OK  [0m] Reached target Sockets.
[[0;32m  OK  [0m] Reached target Basic System.
         Starting Login Service...
[[0;32m  OK  [0m] Started D-Bus System Message Bus.
[[0;32m  OK  [0m] Started Deferred execution scheduler.
         Starting Virtualbox guest utils...
         Starting LSB: Record successful boot for GRUB...
         Starting LSB: MD monitoring daemon...
[[0;32m  OK  [0m] Started FUSE filesystem for LXC.
[[0;32m  OK  [0m] Started Regular background program processing daemon.
[[0;32m  OK  [0m] Started ACPI event daemon.
         Starting Snap Daemon...
         Starting OpenBSD Secure Shell server...
         Starting /etc/rc.local Compatibility...
         Starting Accounts Service...
         Starting System Logging Service...
         Starting LXD - container startup/shutdown...
[[0;32m  OK  [0m] Started iSCSI initiator daemon (iscsid).
[[0;32m  OK  [0m] Started /etc/rc.local Compatibility.
         Starting Login to default iSCSI targets...
[[0;32m  OK  [0m] Started System Logging Service.
[[0;32m  OK  [0m] Started Login Service.
[[0;32m  OK  [0m] Started Unattended Upgrades Shutdown.
[[0;32m  OK  [0m] Started LSB: MD monitoring daemon.
[[0;32m  OK  [0m] Started LSB: Record successful boot for GRUB.
[[0;32m  OK  [0m] Started Login to default iSCSI targets.
[[0;32m  OK  [0m] Reached target Remote File Systems (Pre).
         Mounting /vagrant...
[[0;1;31mFAILED[0m] Failed to mount /vagrant.
See 'systemctl status vagrant.mount' for details.
[[0;1;33mDEPEND[0m] Dependency failed for Remote File Systems.
         Starting Permit User Sessions...
         Starting LSB: Set the CPU Frequency Scaling governor to "ondemand"...
         Starting LSB: Apache2 web server...
         Starting LSB: automatic crash report generation...
         Starting LSB: daemon to balance interrupts for SMP systems...
[[0;32m  OK  [0m] Started Permit User Sessions.
         Starting Terminate Plymouth Boot Screen...
         Starting Hold until boot process finishes up...
[[0;32m  OK  [0m] Started OpenBSD Secure Shell server.
[[0;32m  OK  [0m] Started Hold until boot process finishes up.
[[0;32m  OK  [0m] Started Terminate Plymouth Boot Screen.
[[0;32m  OK  [0m] Started Serial Getty on ttyS0.
[[0;32m  OK  [0m] Started Getty on tty1.
[[0;32m  OK  [0m] Reached target Login Prompts.
         Starting Set console scheme...
[[0;32m  OK  [0m] Started Set console scheme.
[[0;32m  OK  [0m] Started LSB: Set the CPU Frequency Scaling governor to "ondemand".
         Starting Authenticate and Authorize Users to Run Privileged Tasks...
[[0;32m  OK  [0m] Started LSB: automatic crash report generation.
[[0;32m  OK  [0m] Started LSB: daemon to balance interrupts for SMP systems.
[[0;32m  OK  [0m] Started LXD - container startup/shutdown.
[[0;32m  OK  [0m] Started Authenticate and Authorize Users to Run Privileged Tasks.
[[0;32m  OK  [0m] Started Accounts Service.
[[0;32m  OK  [0m] Started Virtualbox guest utils.
[[0;32m  OK  [0m] Started Snap Daemon.
         Starting Wait until snapd is fully seeded...
[[0;32m  OK  [0m] Started Wait until snapd is fully seeded.
         Starting Apply the settings specified in cloud-config...
[   20.241449] cloud-init[1369]: Cloud-init v. 21.1-19-gbad84ad4-0ubuntu1~16.04.2 running 'modules:config' at Thu, 27 May 2021 01:10:51 +0000. Up 20.06 seconds.
[[0;32m  OK  [0m] Started Apply the settings specified in cloud-config.
[[0;32m  OK  [0m] Started LSB: Apache2 web server.
[[0;32m  OK  [0m] Reached target Multi-User System.
[[0;32m  OK  [0m] Reached target Graphical Interface.
         Starting Update UTMP about System Runlevel Changes...
         Starting Execute cloud user/final scripts...
[[0;32m  OK  [0m] Started Update UTMP about System Runlevel Changes.
[   21.703043] cloud-init[1443]: Cloud-init v. 21.1-19-gbad84ad4-0ubuntu1~16.04.2 running 'modules:final' at Thu, 27 May 2021 01:10:52 +0000. Up 21.39 seconds.
[   21.705544] cloud-init[1443]: Cloud-init v. 21.1-19-gbad84ad4-0ubuntu1~16.04.2 finished at Thu, 27 May 2021 01:10:52 +0000. Datasource DataSourceNoCloud [seed=/dev/sdb][dsmode=net].  Up 21.69 seconds
[[0;32m  OK  [0m] Started Execute cloud user/final scripts.
[[0;32m  OK  [0m] Reached target Cloud-init target.

Ubuntu 16.04.7 LTS ubuntu-xenial-webapp ttyS0

ubuntu-xenial-webapp login: [[0;32m  OK  [0m] Stopped Unattended Upgrades Shutdown.
         Stopping ACPI event daemon...
[[0;32m  OK  [0m] Stopped target Graphical Interface.
[[0;32m  OK  [0m] Stopped target Cloud-init target.
[[0;32m  OK  [0m] Stopped Execute cloud user/final scripts.
         Stopping Authenticate and Authorize Users to Run Privileged Tasks...
[[0;32m  OK  [0m] Stopped Apply the settings specified in cloud-config.
[[0;32m  OK  [0m] Stopped target Multi-User System.
         Stopping LSB: automatic crash report generation...
         Stopping Regular background program processing daemon...
         Stopping LSB: daemon to balance interrupts for SMP systems...
         Stopping LXD - container startup/shutdown...
         Stopping MySQL Community Server...
         Stopping LSB: Set the CPU Frequency Scaling governor to "ondemand"...
[[0;32m  OK  [0m] Stopped Wait until snapd is fully seeded.
         Stopping The PHP 7.0 FastCGI Process Manager...
         Stopping LSB: Apache2 web server...
[[0;32m  OK  [0m] Stopped target Cloud-config availability.
         Stopping LSB: Record successful boot for GRUB...
         Stopping Accounts Service...
         Stopping OpenBSD Secure Shell server...
         Stopping Deferred execution scheduler...
         Stopping LSB: MD monitoring daemon...
[[0;32m  OK  [0m] Closed Load/Save RF Kill Switch Status /dev/rfkill Watch.
[[0;32m  OK  [0m] Stopped target Login Prompts.
         Stopping Getty on tty1...
[[0;32m  OK  [0m] Stopped target Timers.
[[0;32m  OK  [0m] Stopped Message of the Day.
         Stopping System Logging Service...
         Stopping FUSE filesystem for LXC...
         Stopping Virtualbox guest utils...
[[0;32m  OK  [0m] Stopped Daily Cleanup of Temporary Directories.
[[0;32m  OK  [0m] Stopped target Remote File Systems (Pre).
         Stopping Login to default iSCSI targets...
         Stopping D-Bus System Message Bus...
[[0;32m  OK  [0m] Stopped Daily apt upgrade and clean activities.
[[0;32m  OK  [0m] Stopped Daily apt download activities.
[[0;32m  OK  [0m] Stopped target System Time Synchronized.
         Stopping User Manager for UID 1000...
         Stopping Session 33 of user vagrant.
         Stopping Serial Getty on ttyS0...
[[0;32m  OK  [0m] Unmounted /var/lib/lxcfs.
[[0;32m  OK  [0m] Stopped Deferred execution scheduler.
[[0;32m  OK  [0m] Stopped Regular background program processing daemon.
[[0;32m  OK  [0m] Stopped ACPI event daemon.
[[0;32m  OK  [0m] Stopped Accounts Service.
[[0;32m  OK  [0m] Stopped System Logging Service.
[[0;32m  OK  [0m] Stopped OpenBSD Secure Shell server.
[[0;32m  OK  [0m] Stopped Serial Getty on ttyS0.
[[0;32m  OK  [0m] Stopped Getty on tty1.
[[0;32m  OK  [0m] Stopped Authenticate and Authorize Users to Run Privileged Tasks.
[[0;32m  OK  [0m] Stopped The PHP 7.0 FastCGI Process Manager.
[[0;32m  OK  [0m] Stopped User Manager for UID 1000.
[[0;32m  OK  [0m] Stopped D-Bus System Message Bus.
[[0;32m  OK  [0m] Stopped Session 33 of user vagrant.
[[0;32m  OK  [0m] Stopped FUSE filesystem for LXC.
[[0;32m  OK  [0m] Stopped LSB: daemon to balance interrupts for SMP systems.
[[0;32m  OK  [0m] Stopped LSB: Set the CPU Frequency Scaling governor to "ondemand".
[[0;32m  OK  [0m] Stopped LSB: automatic crash report generation.
[[0;32m  OK  [0m] Stopped Login to default iSCSI targets.
[[0;32m  OK  [0m] Stopped LXD - container startup/shutdown.
[[0;32m  OK  [0m] Stopped LSB: Record successful boot for GRUB.
[[0;32m  OK  [0m] Stopped LSB: MD monitoring daemon.
         Stopping iSCSI initiator daemon (iscsid)...
[[0;32m  OK  [0m] Removed slice User Slice of vagrant.
         Stopping Login Service...
[[0;32m  OK  [0m] Removed slice system-getty.slice.
[[0;32m  OK  [0m] Stopped /etc/rc.local Compatibility.
[[0;32m  OK  [0m] Removed slice system-serial\x2dgetty.slice.
         Stopping Permit User Sessions...
[[0;32m  OK  [0m] Stopped Virtualbox guest utils.
[[0;32m  OK  [0m] Stopped iSCSI initiator daemon (iscsid).
[[0;32m  OK  [0m] Stopped Permit User Sessions.
[[0;32m  OK  [0m] Stopped Login Service.
[[0;32m  OK  [0m] Stopped target User and Group Name Lookups.
[[0;32m  OK  [0m] Stopped LSB: Apache2 web server.
[[0;32m  OK  [0m] Stopped target Network is Online.
[[0;32m  OK  [0m] Stopped MySQL Community Server.
[[0;32m  OK  [0m] Stopped target Basic System.
[[0;32m  OK  [0m] Stopped target Paths.
[[0;32m  OK  [0m] Stopped Forward Password Requests to Wall Directory Watch.
[[0;32m  OK  [0m] Stopped Dispatch Password Requests to Console Directory Watch.
[[0;32m  OK  [0m] Stopped ACPI Events Check.
[[0;32m  OK  [0m] Stopped target Slices.
[[0;32m  OK  [0m] Removed slice User and Session Slice.
[[0;32m  OK  [0m] Stopped target Sockets.
[[0;32m  OK  [0m] Closed ACPID Listen Socket.
[[0;32m  OK  [0m] Closed UUID daemon activation socket.
[[0;32m  OK  [0m] Closed D-Bus System Message Bus Socket.
[[0;32m  OK  [0m] Closed Socket activation for snappy daemon.
[[0;32m  OK  [0m] Closed Syslog Socket.
[[0;32m  OK  [0m] Closed LXD - unix socket.
[[0;32m  OK  [0m] Stopped target System Initialization.
[[0;32m  OK  [0m] Stopped Create Volatile Files and Directories.
[[0;32m  OK  [0m] Stopped Initial cloud-init job (metadata service crawler).
[[0;32m  OK  [0m] Stopped target Swap.
         Stopping Load/Save Random Seed...
[[0;32m  OK  [0m] Stopped target Encrypted Volumes.
[[0;32m  OK  [0m] Stopped target Network.
         Stopping Raise network interfaces...
[[0;32m  OK  [0m] Stopped Load/Save Random Seed.
[[0;32m  OK  [0m] Stopped Raise network interfaces.
[[0;32m  OK  [0m] Stopped target Network (Pre).
[[0;32m  OK  [0m] Stopped Initial cloud-init job (pre-networking).
[[0;32m  OK  [0m] Stopped target Local File Systems.
         Unmounting /run/user/1000...
[[0;32m  OK  [0m] Stopped Apply Kernel Variables.
[[0;32m  OK  [0m] Stopped Load Kernel Modules.
[[0;32m  OK  [0m] Unmounted /run/user/1000.
[[0;32m  OK  [0m] Reached target Unmount All Filesystems.
[[0;32m  OK  [0m] Stopped target Local File Systems (Pre).
[[0;32m  OK  [0m] Stopped Remount Root and Kernel File Systems.
[[0;32m  OK  [0m] Stopped Create Static Device Nodes in /dev.
[[0;32m  OK  [0m] Reached target Shutdown.
[46100.580579] reboot: Power down
