[    0.000000] Initializing cgroup subsys cpuset
[    0.000000] Initializing cgroup subsys cpu
[    0.000000] Initializing cgroup subsys cpuacct
[    0.000000] Linux version 4.4.0-210-generic (buildd@lgw01-amd64-009) (gcc version 5.4.0 20160609 (Ubuntu 5.4.0-6ubuntu1~16.04.12) ) #242-Ubuntu SMP Fri Apr 16 09:57:56 UTC 2021 (Ubuntu 4.4.0-210.242-generic 4.4.262)
[    0.000000] Command line: BOOT_IMAGE=/boot/vmlinuz-4.4.0-210-generic root=LABEL=cloudimg-rootfs ro console=tty1 console=ttyS0
[    0.000000] KERNEL supported cpus:
[    0.000000]   Intel GenuineIntel
[    0.000000]   AMD AuthenticAMD
[    0.000000]   Centaur CentaurHauls
[    0.000000] x86/fpu: xstate_offset[2]:  576, xstate_sizes[2]:  256
[    0.000000] x86/fpu: Supporting XSAVE feature 0x01: 'x87 floating point registers'
[    0.000000] x86/fpu: Supporting XSAVE feature 0x02: 'SSE registers'
[    0.000000] x86/fpu: Supporting XSAVE feature 0x04: 'AVX registers'
[    0.000000] x86/fpu: Enabled xstate features 0x7, context size is 832 bytes, using 'standard' format.
[    0.000000] e820: BIOS-provided physical RAM map:
[    0.000000] BIOS-e820: [mem 0x0000000000000000-0x000000000009fbff] usable
[    0.000000] BIOS-e820: [mem 0x000000000009fc00-0x000000000009ffff] reserved
[    0.000000] BIOS-e820: [mem 0x00000000000f0000-0x00000000000fffff] reserved
[    0.000000] BIOS-e820: [mem 0x0000000000100000-0x000000003ffeffff] usable
[    0.000000] BIOS-e820: [mem 0x000000003fff0000-0x000000003fffffff] ACPI data
[    0.000000] BIOS-e820: [mem 0x00000000fec00000-0x00000000fec00fff] reserved
[    0.000000] BIOS-e820: [mem 0x00000000fee00000-0x00000000fee00fff] reserved
[    0.000000] BIOS-e820: [mem 0x00000000fffc0000-0x00000000ffffffff] reserved
[    0.000000] NX (Execute Disable) protection: active
[    0.000000] SMBIOS 2.5 present.
[    0.000000] Hypervisor detected: KVM
[    0.000000] e820: last_pfn = 0x3fff0 max_arch_pfn = 0x400000000
[    0.000000] MTRR: Disabled
[    0.000000] x86/PAT: MTRRs disabled, skipping PAT initialization too.
[    0.000000] CPU MTRRs all blank - virtualized system.
[    0.000000] x86/PAT: Configuration [0-7]: WB  WT  UC- UC  WB  WT  UC- UC  
[    0.000000] found SMP MP-table at [mem 0x0009fff0-0x0009ffff] mapped at [ffff88000009fff0]
[    0.000000] Scanning 1 areas for low memory corruption
[    0.000000] RAMDISK: [mem 0x362de000-0x37166fff]
[    0.000000] ACPI: Early table checksum verification disabled
[    0.000000] ACPI: RSDP 0x00000000000E0000 000024 (v02 VBOX  )
[    0.000000] ACPI: XSDT 0x000000003FFF0030 00003C (v01 VBOX   VBOXXSDT 00000001 ASL  00000061)
[    0.000000] ACPI: FACP 0x000000003FFF00F0 0000F4 (v04 VBOX   VBOXFACP 00000001 ASL  00000061)
[    0.000000] ACPI: DSDT 0x000000003FFF0470 002325 (v02 VBOX   VBOXBIOS 00000002 INTL 20100528)
[    0.000000] ACPI: FACS 0x000000003FFF0200 000040
[    0.000000] ACPI: FACS 0x000000003FFF0200 000040
[    0.000000] ACPI: APIC 0x000000003FFF0240 00005C (v02 VBOX   VBOXAPIC 00000001 ASL  00000061)
[    0.000000] ACPI: SSDT 0x000000003FFF02A0 0001CC (v01 VBOX   VBOXCPUT 00000002 INTL 20100528)
[    0.000000] No NUMA configuration found
[    0.000000] Faking a node at [mem 0x0000000000000000-0x000000003ffeffff]
[    0.000000] NODE_DATA(0) allocated [mem 0x3ffeb000-0x3ffeffff]
[    0.000000] kvm-clock: Using msrs 4b564d01 and 4b564d00
[    0.000000] kvm-clock: cpu 0, msr 0:3ffe3001, primary cpu clock
[    0.000000] kvm-clock: using sched offset of 3458226969 cycles
[    0.000000] clocksource: kvm-clock: mask: 0xffffffffffffffff max_cycles: 0x1cd42e4dffb, max_idle_ns: 881590591483 ns
[    0.000000] Zone ranges:
[    0.000000]   DMA      [mem 0x0000000000001000-0x0000000000ffffff]
[    0.000000]   DMA32    [mem 0x0000000001000000-0x000000003ffeffff]
[    0.000000]   Normal   empty
[    0.000000]   Device   empty
[    0.000000] Movable zone start for each node
[    0.000000] Early memory node ranges
[    0.000000]   node   0: [mem 0x0000000000001000-0x000000000009efff]
[    0.000000]   node   0: [mem 0x0000000000100000-0x000000003ffeffff]
[    0.000000] Initmem setup node 0 [mem 0x0000000000001000-0x000000003ffeffff]
[    0.000000] ACPI: PM-Timer IO Port: 0x4008
[    0.000000] IOAPIC[0]: apic_id 2, version 32, address 0xfec00000, GSI 0-23
[    0.000000] ACPI: INT_SRC_OVR (bus 0 bus_irq 0 global_irq 2 dfl dfl)
[    0.000000] ACPI: INT_SRC_OVR (bus 0 bus_irq 9 global_irq 9 low level)
[    0.000000] Using ACPI (MADT) for SMP configuration information
[    0.000000] smpboot: Allowing 2 CPUs, 0 hotplug CPUs
[    0.000000] PM: Registered nosave memory: [mem 0x00000000-0x00000fff]
[    0.000000] PM: Registered nosave memory: [mem 0x0009f000-0x0009ffff]
[    0.000000] PM: Registered nosave memory: [mem 0x000a0000-0x000effff]
[    0.000000] PM: Registered nosave memory: [mem 0x000f0000-0x000fffff]
[    0.000000] e820: [mem 0x40000000-0xfebfffff] available for PCI devices
[    0.000000] Booting paravirtualized kernel on KVM
[    0.000000] clocksource: refined-jiffies: mask: 0xffffffff max_cycles: 0xffffffff, max_idle_ns: 7645519600211568 ns
[    0.000000] setup_percpu: NR_CPUS:512 nr_cpumask_bits:512 nr_cpu_ids:2 nr_node_ids:1
[    0.000000] PERCPU: Embedded 33 pages/cpu @ffff88003fc00000 s95192 r8192 d31784 u1048576
[    0.000000] Built 1 zonelists in Node order, mobility grouping on.  Total pages: 257912
[    0.000000] Policy zone: DMA32
[    0.000000] Kernel command line: BOOT_IMAGE=/boot/vmlinuz-4.4.0-210-generic root=LABEL=cloudimg-rootfs ro console=tty1 console=ttyS0
[    0.000000] PID hash table entries: 4096 (order: 3, 32768 bytes)
[    0.000000] Memory: 997796K/1048120K available (8644K kernel code, 1332K rwdata, 4044K rodata, 1492K init, 1164K bss, 50324K reserved, 0K cma-reserved)
[    0.000000] SLUB: HWalign=64, Order=0-3, MinObjects=0, CPUs=2, Nodes=1
[    0.000000] Kernel/User page tables isolation: enabled
[    0.000000] Hierarchical RCU implementation.
[    0.000000] 	Build-time adjustment of leaf fanout to 64.
[    0.000000] 	RCU restricting CPUs from NR_CPUS=512 to nr_cpu_ids=2.
[    0.000000] RCU: Adjusting geometry for rcu_fanout_leaf=64, nr_cpu_ids=2
[    0.000000] NR_IRQS:33024 nr_irqs:440 16
[    0.000000] Console: colour VGA+ 80x25
[    0.000000] console [tty1] enabled
[    0.000000] console [ttyS0] enabled
[    0.000000] tsc: Detected 2904.000 MHz processor
[    0.181752] Calibrating delay loop (skipped) preset value.. 5808.00 BogoMIPS (lpj=11616000)
[    0.183754] pid_max: default: 32768 minimum: 301
[    0.184831] ACPI: Core revision 20150930
[    0.187853] ACPI: 2 ACPI AML tables successfully acquired and loaded
[    0.189365] Security Framework initialized
[    0.190354] Yama: becoming mindful.
[    0.191241] AppArmor: AppArmor initialized
[    0.192313] Dentry cache hash table entries: 131072 (order: 8, 1048576 bytes)
[    0.196697] Inode-cache hash table entries: 65536 (order: 7, 524288 bytes)
[    0.198457] Mount-cache hash table entries: 2048 (order: 2, 16384 bytes)
[    0.200051] Mountpoint-cache hash table entries: 2048 (order: 2, 16384 bytes)
[    0.202020] Initializing cgroup subsys io
[    0.202994] Initializing cgroup subsys memory
[    0.204029] Initializing cgroup subsys devices
[    0.205064] Initializing cgroup subsys freezer
[    0.206128] Initializing cgroup subsys net_cls
[    0.207178] Initializing cgroup subsys perf_event
[    0.208251] Initializing cgroup subsys net_prio
[    0.209296] Initializing cgroup subsys hugetlb
[    0.210911] Initializing cgroup subsys pids
[    0.225467] mce: CPU supports 0 MCE banks
[    0.226640] Last level iTLB entries: 4KB 64, 2MB 8, 4MB 8
[    0.227860] Last level dTLB entries: 4KB 64, 2MB 0, 4MB 0, 1GB 4
[    0.229240] Spectre V1 : Mitigation: usercopy/swapgs barriers and __user pointer sanitization
[    0.231400] Spectre V2 : Mitigation: Full generic retpoline
[    0.232937] Spectre V2 : Spectre v2 / SpectreRSB mitigation: Filling RSB on context switch
[    0.235106] Speculative Store Bypass: Vulnerable
[    0.236182] SRBDS: Unknown: Dependent on hypervisor status
[    0.237560] MDS: Mitigation: Clear CPU buffers
[    0.242030] Freeing SMP alternatives memory: 36K
[    0.249871] ftrace: allocating 32380 entries in 127 pages
[    0.323109] smpboot: APIC(0) Converting physical 0 to logical package 0
[    0.326013] smpboot: Max logical packages: 1
[    0.327563] x2apic enabled
[    0.328625] Switched APIC routing to physical x2apic.
[    0.331279] ..TIMER: vector=0x30 apic1=0 pin1=2 apic2=-1 pin2=-1
[    0.441165] smpboot: CPU0: Intel(R) Core(TM) i7-7500U CPU @ 2.70GHz (family: 0x6, model: 0x8e, stepping: 0x9)
[    0.445312] Performance Events: unsupported p6 CPU model 142 no PMU driver, software events only.
[    0.459896] KVM setup paravirtual spinlock
[    0.461813] x86: Booting SMP configuration:
[    0.462941] .... node  #0, CPUs:      #1
[    0.464118] kvm-clock: cpu 1, msr 0:3ffe3041, secondary cpu clock
[    0.479005] mce: CPU supports 0 MCE banks
[    0.482083] x86: Booted up 1 node, 2 CPUs
[    0.483626] smpboot: Total of 2 processors activated (11616.00 BogoMIPS)
[    0.485872] devtmpfs: initialized
[    0.488588] evm: security.selinux
[    0.489915] evm: security.SMACK64
[    0.490877] evm: security.SMACK64EXEC
[    0.491924] evm: security.SMACK64TRANSMUTE
[    0.493002] evm: security.SMACK64MMAP
[    0.494066] evm: security.ima
[    0.494963] evm: security.capability
[    0.496282] clocksource: jiffies: mask: 0xffffffff max_cycles: 0xffffffff, max_idle_ns: 7645041785100000 ns
[    0.498720] futex hash table entries: 512 (order: 3, 32768 bytes)
[    0.500360] pinctrl core: initialized pinctrl subsystem
[    0.501780] RTC time:  9:10:39, date: 05/28/21
[    0.503366] NET: Registered protocol family 16
[    0.514836] cpuidle: using governor ladder
[    0.525590] cpuidle: using governor menu
[    0.526990] PCCT header not found.
[    0.528139] ACPI: bus type PCI registered
[    0.529452] acpiphp: ACPI Hot Plug PCI Controller Driver version: 0.5
[    0.531178] PCI: Using configuration type 1 for base access
[    0.547118] ACPI: Added _OSI(Module Device)
[    0.548256] ACPI: Added _OSI(Processor Device)
[    0.549457] ACPI: Added _OSI(3.0 _SCP Extensions)
[    0.550823] ACPI: Added _OSI(Processor Aggregator Device)
[    0.552942] ACPI: Executed 1 blocks of module-level executable AML code
[    0.557181] ACPI: Interpreter enabled
[    0.558271] ACPI: (supports S0 S5)
[    0.559588] ACPI: Using IOAPIC for interrupt routing
[    0.561355] PCI: Using host bridge windows from ACPI; if necessary, use "pci=nocrs" and report a bug
[    0.569068] ACPI: PCI Root Bridge [PCI0] (domain 0000 [bus 00-ff])
[    0.570659] acpi PNP0A03:00: _OSC: OS supports [ASPM ClockPM Segments MSI]
[    0.572745] acpi PNP0A03:00: _OSC: not requesting OS control; OS requires [ExtendedConfig ASPM ClockPM MSI]
[    0.575296] acpi PNP0A03:00: fail to add MMCONFIG information, can't access extended PCI configuration space under this bridge.
[    0.578556] PCI host bridge to bus 0000:00
[    0.579627] pci_bus 0000:00: root bus resource [io  0x0000-0x0cf7 window]
[    0.581220] pci_bus 0000:00: root bus resource [io  0x0d00-0xffff window]
[    0.582783] pci_bus 0000:00: root bus resource [mem 0x000a0000-0x000bffff window]
[    0.584747] pci_bus 0000:00: root bus resource [mem 0x40000000-0xfdffffff window]
[    0.586838] pci_bus 0000:00: root bus resource [bus 00-ff]
[    0.590202] pci 0000:00:01.1: legacy IDE quirk: reg 0x10: [io  0x01f0-0x01f7]
[    0.591947] pci 0000:00:01.1: legacy IDE quirk: reg 0x14: [io  0x03f6]
[    0.593639] pci 0000:00:01.1: legacy IDE quirk: reg 0x18: [io  0x0170-0x0177]
[    0.609342] pci 0000:00:01.1: legacy IDE quirk: reg 0x1c: [io  0x0376]
[    0.627978] pci 0000:00:07.0: quirk: [io  0x4000-0x403f] claimed by PIIX4 ACPI
[    0.630022] pci 0000:00:07.0: quirk: [io  0x4100-0x410f] claimed by PIIX4 SMB
[    0.641762] ACPI: PCI Interrupt Link [LNKA] (IRQs 5 9 10 *11)
[    0.643899] ACPI: PCI Interrupt Link [LNKB] (IRQs 5 9 *10 11)
[    0.645867] ACPI: PCI Interrupt Link [LNKC] (IRQs 5 *9 10 11)
[    0.648110] ACPI: PCI Interrupt Link [LNKD] (IRQs 5 9 10 *11)
[    0.650313] ACPI: Enabled 2 GPEs in block 00 to 07
[    0.652044] vgaarb: setting as boot device: PCI:0000:00:02.0
[    0.653517] vgaarb: device added: PCI:0000:00:02.0,decodes=io+mem,owns=io+mem,locks=none
[    0.655646] vgaarb: loaded
[    0.656723] vgaarb: bridge control possible 0000:00:02.0
[    0.658516] SCSI subsystem initialized
[    0.659959] ACPI: bus type USB registered
[    0.661181] usbcore: registered new interface driver usbfs
[    0.662584] usbcore: registered new interface driver hub
[    0.663915] usbcore: registered new device driver usb
[    0.668339] PCI: Using ACPI for IRQ routing
[    0.669855] NetLabel: Initializing
[    0.670830] NetLabel:  domain hash size = 128
[    0.671960] NetLabel:  protocols = UNLABELED CIPSOv4
[    0.673415] NetLabel:  unlabeled traffic allowed by default
[    0.675158] amd_nb: Cannot enumerate AMD northbridges
[    0.676574] clocksource: Switched to clocksource kvm-clock
[    0.689028] AppArmor: AppArmor Filesystem Enabled
[    0.690560] pnp: PnP ACPI init
[    0.692347] pnp: PnP ACPI: found 3 devices
[    0.702821] clocksource: acpi_pm: mask: 0xffffff max_cycles: 0xffffff, max_idle_ns: 2085701024 ns
[    0.705184] NET: Registered protocol family 2
[    0.706689] TCP established hash table entries: 8192 (order: 4, 65536 bytes)
[    0.708508] TCP bind hash table entries: 8192 (order: 5, 131072 bytes)
[    0.710175] TCP: Hash tables configured (established 8192 bind 8192)
[    0.711794] UDP hash table entries: 512 (order: 2, 16384 bytes)
[    0.713238] UDP-Lite hash table entries: 512 (order: 2, 16384 bytes)
[    0.714739] NET: Registered protocol family 1
[    0.715896] pci 0000:00:00.0: Limiting direct PCI/PCI transfers
[    0.717407] pci 0000:00:01.0: Activating ISA DMA hang workarounds
[    0.719002] Unpacking initramfs...
[    0.964300] Freeing initrd memory: 14884K
[    0.965617] clocksource: tsc: mask: 0xffffffffffffffff max_cycles: 0x29dc05e54fc, max_idle_ns: 440795291716 ns
[    0.968143] platform rtc_cmos: registered platform RTC device (no PNP device found)
[    0.970243] Scanning for low memory corruption every 60 seconds
[    0.972050] audit: initializing netlink subsys (disabled)
[    0.973611] audit: type=2000 audit(1622193044.880:1): initialized
[    0.975293] Initialise system trusted keyring
[    0.976751] HugeTLB registered 2 MB page size, pre-allocated 0 pages
[    0.979477] zbud: loaded
[    0.980733] VFS: Disk quotas dquot_6.6.0
[    0.981812] VFS: Dquot-cache hash table entries: 512 (order 0, 4096 bytes)
[    0.983879] squashfs: version 4.0 (2009/01/31) Phillip Lougher
[    0.985810] fuse init (API version 7.23)
[    0.987082] Key type big_key registered
[    0.988165] Allocating IMA MOK and blacklist keyrings.
[    0.991717] Key type asymmetric registered
[    0.992807] Asymmetric key parser 'x509' registered
[    0.994044] Block layer SCSI generic (bsg) driver version 0.4 loaded (major 249)
[    0.995907] io scheduler noop registered
[    0.996908] io scheduler deadline registered (default)
[    0.998155] io scheduler cfq registered
[    0.999306] pci_hotplug: PCI Hot Plug PCI Core version: 0.5
[    1.001109] pciehp: PCI Express Hot Plug Controller Driver version: 0.4
[    1.003663] ACPI: AC Adapter [AC] (on-line)
[    1.005535] input: Power Button as /devices/LNXSYSTM:00/LNXPWRBN:00/input/input0
[    1.008698] ACPI: Power Button [PWRF]
[    1.010093] input: Sleep Button as /devices/LNXSYSTM:00/LNXSLPBN:00/input/input1
[    1.012871] ACPI: Sleep Button [SLPF]
[    1.014746] GHES: HEST is not enabled!
[    1.017464] ACPI: Battery Slot [BAT0] (battery present)
[    1.019393] Serial: 8250/16550 driver, 32 ports, IRQ sharing enabled
[    1.042616] 00:02: ttyS0 at I/O 0x3f8 (irq = 4, base_baud = 115200) is a 16550A
[    1.046693] Linux agpgart interface v0.103
[    1.049751] loop: module loaded
[    1.051622] scsi host0: ata_piix
[    1.052714] scsi host1: ata_piix
[    1.054056] ata1: PATA max UDMA/33 cmd 0x1f0 ctl 0x3f6 bmdma 0xd000 irq 14
[    1.056280] ata2: PATA max UDMA/33 cmd 0x170 ctl 0x376 bmdma 0xd008 irq 15
[    1.059194] libphy: Fixed MDIO Bus: probed
[    1.060649] tun: Universal TUN/TAP device driver, 1.6
[    1.062555] tun: (C) 1999-2004 Max Krasnyansky <maxk@qualcomm.com>
[    1.064126] PPP generic driver version 2.4.2
[    1.065381] ehci_hcd: USB 2.0 'Enhanced' Host Controller (EHCI) Driver
[    1.067500] ehci-pci: EHCI PCI platform driver
[    1.068697] ehci-platform: EHCI generic platform driver
[    1.070072] ohci_hcd: USB 1.1 'Open' Host Controller (OHCI) Driver
[    1.071601] ohci-pci: OHCI PCI platform driver
[    1.073328] ohci-platform: OHCI generic platform driver
[    1.075219] uhci_hcd: USB Universal Host Controller Interface driver
[    1.077223] i8042: PNP: PS/2 Controller [PNP0303:PS2K,PNP0f03:PS2M] at 0x60,0x64 irq 1,12
[    1.079944] serio: i8042 KBD port at 0x60,0x64 irq 1
[    1.081277] serio: i8042 AUX port at 0x60,0x64 irq 12
[    1.082776] mousedev: PS/2 mouse device common for all mice
[    1.084895] input: AT Translated Set 2 keyboard as /devices/platform/i8042/serio0/input/input2
[    1.087703] rtc_cmos rtc_cmos: rtc core: registered rtc_cmos as rtc0
[    1.089418] rtc_cmos rtc_cmos: alarms up to one day, 114 bytes nvram
[    1.091133] i2c /dev entries driver
[    1.092469] device-mapper: uevent: version 1.0.3
[    1.094287] device-mapper: ioctl: 4.34.0-ioctl (2015-10-28) initialised: dm-devel@redhat.com
[    1.097424] ledtrig-cpu: registered to indicate activity on CPUs
[    1.099771] NET: Registered protocol family 10
[    1.101599] NET: Registered protocol family 17
[    1.103224] Key type dns_resolver registered
[    1.105048] registered taskstats version 1
[    1.106681] Loading compiled-in X.509 certificates
[    1.108878] Loaded X.509 cert 'Build time autogenerated kernel key: cf00e047681d67edb2720680708b7d9498083038'
[    1.111209] zswap: loaded using pool lzo/zbud
[    1.113998] Key type trusted registered
[    1.117720] Key type encrypted registered
[    1.118780] AppArmor: AppArmor sha1 policy hashing enabled
[    1.119996] ima: No TPM chip found, activating TPM-bypass!
[    1.121271] ima: Allocated hash algorithm: sha1
[    1.122470] evm: HMAC attrs: 0x1
[    1.123717]   Magic number: 5:667:172
[    1.124751] rtc_cmos rtc_cmos: setting system clock to 2021-05-28 09:10:40 UTC (1622193040)
[    1.126818] BIOS EDD facility v0.16 2004-Jun-25, 0 devices found
[    1.128396] EDD information not available.
[    1.238613] Freeing unused kernel memory: 1492K
[    1.240185] Write protecting the kernel read-only data: 14336k
[    1.242648] Freeing unused kernel memory: 1584K
[    1.244444] Freeing unused kernel memory: 52K
Loading, please wait...
starting version 229
[    1.261612] random: systemd-udevd: uninitialized urandom read (16 bytes read, 3 bits of entropy available)
[    1.262812] random: udevadm: uninitialized urandom read (16 bytes read, 3 bits of entropy available)
[    1.262853] random: udevadm: uninitialized urandom read (16 bytes read, 3 bits of entropy available)
[    1.268401] random: systemd-udevd: uninitialized urandom read (16 bytes read, 3 bits of entropy available)
[    1.271192] random: systemd-udevd: uninitialized urandom read (16 bytes read, 3 bits of entropy available)
[    1.274234] random: udevadm: uninitialized urandom read (16 bytes read, 3 bits of entropy available)
[    1.274283] random: udevadm: uninitialized urandom read (16 bytes read, 3 bits of entropy available)
[    1.274435] random: udevadm: uninitialized urandom read (16 bytes read, 3 bits of entropy available)
[    1.274528] random: udevadm: uninitialized urandom read (16 bytes read, 3 bits of entropy available)
[    1.274591] random: udevadm: uninitialized urandom read (16 bytes read, 3 bits of entropy available)
[    1.334571] e1000: Intel(R) PRO/1000 Network Driver - version 7.3.21-k8-NAPI
[    1.337269] e1000: Copyright (c) 1999-2006 Intel Corporation.
[    1.342420] Fusion MPT base driver 3.04.20
[    1.344106] Copyright (c) 1999-2008 LSI Corporation
[    1.387808] AVX2 version of gcm_enc/dec engaged.
[    1.389561] AES CTR mode by8 optimization enabled
[    1.395621] Fusion MPT SPI Host driver 3.04.20
[    1.400363] mptbase: ioc0: Initiating bringup
[    1.598489] input: ImExPS/2 Generic Explorer Mouse as /devices/platform/i8042/serio1/input/input4
[    1.605221] ioc0: LSI53C1030 A0: Capabilities={Initiator}
[    1.774071] scsi host2: ioc0: LSI53C1030 A0, FwRev=00000000h, Ports=1, MaxQ=256, IRQ=20
[    1.893829] scsi 2:0:0:0: Direct-Access     VBOX     HARDDISK         1.0  PQ: 0 ANSI: 5
[    1.907433] scsi target2:0:0: Beginning Domain Validation
[    1.919294] scsi target2:0:0: Domain Validation skipping write tests
[    1.932171] scsi target2:0:0: Ending Domain Validation
[    1.940391] scsi target2:0:0: asynchronous
[    1.948860] scsi 2:0:1:0: Direct-Access     VBOX     HARDDISK         1.0  PQ: 0 ANSI: 5
[    1.952931] scsi target2:0:1: Beginning Domain Validation
[    1.956708] scsi target2:0:1: Domain Validation skipping write tests
[    1.958985] scsi target2:0:1: Ending Domain Validation
[    1.961491] scsi target2:0:1: asynchronous
[    1.981258] sd 2:0:0:0: Attached scsi generic sg0 type 0
[    1.983864] sd 2:0:1:0: Attached scsi generic sg1 type 0
[    1.986282] sd 2:0:0:0: [sda] 83886080 512-byte logical blocks: (42.9 GB/40.0 GiB)
[    2.003149] sd 2:0:1:0: [sdb] 20480 512-byte logical blocks: (10.5 MB/10.0 MiB)
[    2.006085] sd 2:0:0:0: [sda] Write Protect is off
[    2.007945] sd 2:0:0:0: [sda] Incomplete mode parameter data
[    2.009920] sd 2:0:0:0: [sda] Assuming drive cache: write through
[    2.012155] sd 2:0:1:0: [sdb] Write Protect is off
[    2.014113] sd 2:0:1:0: [sdb] Incomplete mode parameter data
[    2.015794] sd 2:0:1:0: [sdb] Assuming drive cache: write through
[    2.019132]  sda: sda1
[    2.021207] sd 2:0:0:0: [sda] Attached SCSI disk
[    2.023539] sd 2:0:1:0: [sdb] Attached SCSI disk
[    2.302186] e1000 0000:00:03.0 eth0: (PCI:33MHz:32-bit) 02:ed:98:3c:8e:82
[    2.303902] e1000 0000:00:03.0 eth0: Intel(R) PRO/1000 Network Connection
[    2.695338] e1000 0000:00:08.0 eth1: (PCI:33MHz:32-bit) 08:00:27:df:c4:e8
[    2.697131] e1000 0000:00:08.0 eth1: Intel(R) PRO/1000 Network Connection
[    2.699752] e1000 0000:00:03.0 enp0s3: renamed from eth0
[    2.771028] e1000 0000:00:08.0 enp0s8: renamed from eth1
Begin: Loading essential drivers ... [    4.291854] md: linear personality registered for level -1
[    4.296134] md: multipath personality registered for level -4
[    4.300859] md: raid0 personality registered for level 0
[    4.306204] md: raid1 personality registered for level 1
[    4.376698] raid6: sse2x1   gen()  9879 MB/s
[    4.444639] raid6: sse2x1   xor()  6973 MB/s
[    4.512636] raid6: sse2x2   gen() 14257 MB/s
[    4.580625] raid6: sse2x2   xor()  9827 MB/s
[    4.648667] raid6: sse2x4   gen() 16195 MB/s
[    4.716630] raid6: sse2x4   xor() 10644 MB/s
[    4.784642] raid6: avx2x1   gen() 20512 MB/s
[    4.852647] raid6: avx2x2   gen() 24880 MB/s
[    4.920646] raid6: avx2x4   gen() 26825 MB/s
[    4.921785] raid6: using algorithm avx2x4 gen() 26825 MB/s
[    4.923164] raid6: using avx2x2 recovery algorithm
[    4.925411] xor: automatically using best checksumming function:
[    4.964674]    avx       : 22158.000 MB/sec
[    4.967561] async_tx: api initialized (async)
[    4.978917] md: raid6 personality registered for level 6
[    4.980525] md: raid5 personality registered for level 5
[    4.982194] md: raid4 personality registered for level 4
[    4.990212] md: raid10 personality registered for level 10
done.
Begin: Running /scripts/init-premount ... done.
Begin: Mounting root file system ... Begin: Running /scripts/local-top ... done.
Begin: Running /scripts/local-premount ... [    5.023651] Btrfs loaded
Scanning for Btrfs filesystems
done.
Warning: fsck not present, so skipping root file system
[    5.051930] EXT4-fs (sda1): mounted filesystem with ordered data mode. Opts: (null)
done.
Begin: Running /scripts/local-bottom ... done.
Begin: Running /scripts/init-bottom ... done.
[    5.148973] systemd[1]: systemd 229 running in system mode. (+PAM +AUDIT +SELINUX +IMA +APPARMOR +SMACK +SYSVINIT +UTMP +LIBCRYPTSETUP +GCRYPT +GNUTLS +ACL +XZ -LZ4 +SECCOMP +BLKID +ELFUTILS +KMOD -IDN)
[    5.152826] systemd[1]: Detected virtualization oracle.
[    5.154150] systemd[1]: Detected architecture x86-64.

Welcome to [1mUbuntu 16.04.7 LTS[0m!

[    5.166203] systemd[1]: Set hostname to <ubuntu>.
[    5.170619] systemd[1]: Initializing machine ID from random generator.
[    5.172332] systemd[1]: Installed transient /etc/machine-id file.
[    5.327396] systemd[1]: Listening on fsck to fsckd communication Socket.
[[0;32m  OK  [0m] Listening on fsck to fsckd communication Socket.
[    5.330988] systemd[1]: Listening on LVM2 poll daemon socket.
[[0;32m  OK  [0m] Listening on LVM2 poll daemon socket.
[    5.334254] systemd[1]: Set up automount Arbitrary Executable File Formats File System Automount Point.
[[0;32m  OK  [0m] Set up automount Arbitrary Executab...ats File System Automount Point.
[    5.339203] systemd[1]: Created slice User and Session Slice.
[[0;32m  OK  [0m] Created slice User and Session Slice.
[    5.342332] systemd[1]: Reached target Swap.
[[0;32m  OK  [0m] Reached target Swap.
[    5.345237] systemd[1]: Reached target System Time Synchronized.
[[0;32m  OK  [0m] Reached target System Time Synchronized.
[    5.348550] systemd[1]: Listening on udev Kernel Socket.
[[0;32m  OK  [0m] Listening on udev Kernel Socket.
[    5.351540] systemd[1]: Reached target User and Group Name Lookups.
[[0;32m  OK  [0m] Reached target User and Group Name Lookups.
[    5.355883] systemd[1]: Created slice System Slice.
[[0;32m  OK  [0m] Created slice System Slice.
[    5.365244] systemd[1]: Reached target Slices.
[[0;32m  OK  [0m] Reached target Slices.
[    5.367606] systemd[1]: Started Trigger resolvconf update for networkd DNS.
[[0;32m  OK  [0m] Started Trigger resolvconf update for networkd DNS.
[    5.371456] systemd[1]: Listening on Journal Audit Socket.
[[0;32m  OK  [0m] Listening on Journal Audit Socket.
[    5.374459] systemd[1]: Listening on /dev/initctl Compatibility Named Pipe.
[[0;32m  OK  [0m] Listening on /dev/initctl Compatibility Named Pipe.
[    5.377449] systemd[1]: Started Forward Password Requests to Wall Directory Watch.
[[0;32m  OK  [0m] Started Forward Password Requests to Wall Directory Watch.
[    5.381818] systemd[1]: Created slice system-serial\x2dgetty.slice.
[[0;32m  OK  [0m] Created slice system-serial\x2dgetty.slice.
[    5.384885] systemd[1]: Listening on Journal Socket (/dev/log).
[[0;32m  OK  [0m] Listening on Journal Socket (/dev/log).
[    5.388316] systemd[1]: Listening on Syslog Socket.
[[0;32m  OK  [0m] Listening on Syslog Socket.
[    5.390995] systemd[1]: Listening on udev Control Socket.
[[0;32m  OK  [0m] Listening on udev Control Socket.
[    5.394009] systemd[1]: Reached target Encrypted Volumes.
[[0;32m  OK  [0m] Reached target Encrypted Volumes.
[    5.405381] systemd[1]: Listening on Journal Socket.
[[0;32m  OK  [0m] Listening on Journal Socket.
[    5.420939] systemd[1]: Starting Set console keymap...
         Starting Set console keymap...
[    5.425315] systemd[1]: Starting Journal Service...
         Starting Journal Service...
[    5.429032] systemd[1]: Starting Uncomplicated firewall...
         Starting Uncomplicated firewall...
[    5.436958] systemd[1]: Starting Load Kernel Modules...
         Starting Load Kernel Modules...
[    5.442266] systemd[1]: Mounting Huge Pages File System...
         Mounting Huge Pages File System...
[    5.450939] systemd[1]: Mounting Debug File System...
         Mounting Debug F[    5.454385] Loading iSCSI transport class v2.0-870.
ile System...
[    5.460197] systemd[1]: Starting Create list of required static device nodes for the current kernel...
         Starting Create list of required st... nodes for the current kernel...
[    5.467424] systemd[1]: Starting Nameserver information manager...
         Starting Nameserver information manager...
[    5.473122] systemd[1]: Listening on LVM2 metadata daemon socket.
[[0;32m  OK  [0m] Listening on LVM2 metadata daemon socket.
[    5.479868] systemd[1]: Starting File System Check on Root Device...
         Starting File System Check on Root Device...
[    5.484474] systemd[1]: Listening on Device-mapper event daemon FIFOs.
[[0;32m  OK  [0m] Listening on Device-mapper event daemon FIFOs.
[    5.490789] systemd[1]: Starting Monitoring of LVM2 mirrors, snapshots etc. using dmeventd or progress polling...
         Starting Monitoring of LVM2 mirrors... dmeventd or progress polling...
[    5.496627] iscsi: registered transport (tcp)
[    5.497458] systemd[1]: Mounting POSIX Message Queue File System...
         Mounting POSIX Message Queue File System...
[    5.504853] systemd[1]: Mounted POSIX Message Queue File System.
[[0;32m  OK  [0m] Mounted POSIX Message Queue File System.
[    5.509844] systemd[1]: Mounted Debug File System.
[[0;32m  OK  [0m] Mounted Debug File System.
[    5.513842] systemd[1]: Mounted Huge Pages File System.
[[0;32m  OK  [0m] Mounted Huge Pages File System.
[    5.525040] systemd[1]: Started Journal Service.
[[0;32m  OK  [0m] Started Journal Service.
[[0;32m  OK  [0m] Started Uncomplicated firewall.
[[0;32m  OK  [0m] Started Create list of required sta...ce nodes for the current kernel.
[[0;32m  OK  [0m] Started File System Check on Root Device.
[[0;32m  OK  [0m] Started LVM2 metadata daemon.
[[0;32m  OK  [0m] Started File System Check Daemon to report status.
         Starting Remount Root and Kernel File Systems...
         Starting Create Static Device Nodes in /dev...
[    5.578904] iscsi: registered transport (iser)
[    5.580819] EXT4-fs (sda1): re-mounted. Opts: (null)
[[0;32m  OK  [0m] Started Nameserver information manager.
[[0;32m  OK  [0m] Started Set console keymap.
[[0;32m  OK  [0m] Started Load Kernel Modules.
[[0;32m  OK  [0m] Started Remount Root and Kernel File Systems.
[[0;32m  OK  [0m] Started Create Static Device Nodes in /dev.
         Starting udev Kernel Device Manager...
         Starting Flush Journal to Persistent Storage...
         Starting udev Coldplug all Devices...
         Starting Load/Save Random Seed...
         Starting Apply Kernel Variables...
         Mounting FUSE Control File System...
[[0;32m  OK  [0m] Started Load/Save Random Seed.
[[0;32m  OK  [0m] Started Apply Kernel Variables.
[[0;32m  OK  [0m] Mounted FUSE Control File System.
[[0;32m  OK  [0m] Started Flush Journal to Persistent Storage.
[[0;32m  OK  [0m] Started udev Kernel Device Manager.
[[0;32m  OK  [0m] Started Monitoring of LVM2 mirrors,...ng dmeventd or progress polling.
[[0;32m  OK  [0m] Reached target Local File Systems (Pre).
[[0;32m  OK  [0m] Reached target Local File Systems.
         Starting Set console font and keymap...
         Starting LSB: AppArmor initialization...
         Starting Tell Plymouth To Write Out Runtime Data...
         Starting Commit a transient machine-id on disk...
         Starting Create Volatile Files and Directories...
         Starting Initial cloud-init job (pre-networking)...
[[0;32m  OK  [0m] Started udev Coldplug all Devices.
[[0;32m  OK  [0m] Started Dispatch Password Requests to Console Directory Watch.
[[0;32m  OK  [0m] Started Tell Plymouth To Write Out Runtime Data.
[[0;32m  OK  [0m] Started Create Volatile Files and Directories.
         Starting Update UTMP about System Boot/Shutdown...
[[0;32m  OK  [0m] Started Update UTMP about System Boot/Shutdown.
[[0;32m  OK  [0m] Started Commit a transient machine-id on disk.
[[0;32m  OK  [0m] Found device /dev/ttyS0.
[[0;32m  OK  [0m] Listening on Load/Save RF Kill Switch Status /dev/rfkill Watch.
[    7.358928] cloud-init[502]: Cloud-init v. 21.1-19-gbad84ad4-0ubuntu1~16.04.2 running 'init-local' at Fri, 28 May 2021 09:10:46 +0000. Up 6.69 seconds.
[[0;32m  OK  [0m] Started Initial cloud-init job (pre-networking).
[[0;32m  OK  [0m] Reached target Network (Pre).
[[0;32m  OK  [0m] Started Set console font and keymap.
[[0;32m  OK  [0m] Created slice system-getty.slice.
[[0;32m  OK  [0m] Started LSB: AppArmor initialization.
         Starting Load AppArmor profiles managed internally by snapd...
         Starting Raise network interfaces...
[[0;32m  OK  [0m] Started Load AppArmor profiles managed internally by snapd.
[[0;32m  OK  [0m] Started Raise network interfaces.
[[0;32m  OK  [0m] Reached target Network.
         Starting Initial cloud-init job (metadata service crawler)...
[    9.274141] cloud-init[963]: Cloud-init v. 21.1-19-gbad84ad4-0ubuntu1~16.04.2 running 'init' at Fri, 28 May 2021 09:10:48 +0000. Up 8.79 seconds.
[    9.277490] cloud-init[963]: ci-info: ++++++++++++++++++++++++++++++++++++++Net device info+++++++++++++++++++++++++++++++++++++++
[    9.279205] cloud-init[963]: ci-info: +--------+-------+----------------------------+---------------+--------+-------------------+
[    9.280820] cloud-init[963]: ci-info: | Device |   Up  |          Address           |      Mask     | Scope  |     Hw-Address    |
[    9.282492] cloud-init[963]: ci-info: +--------+-------+----------------------------+---------------+--------+-------------------+
[    9.284497] cloud-init[963]: ci-info: | enp0s3 |  True |         10.0.2.15          | 255.255.255.0 | global | 02:ed:98:3c:8e:82 |
[    9.287571] cloud-init[963]: ci-info: | enp0s3 |  True | fe80::ed:98ff:fe3c:8e82/64 |       .       |  link  | 02:ed:98:3c:8e:82 |
[    9.291245] cloud-init[963]: ci-info: | enp0s8 | False |             .              |       .       |   .    | 08:00:27:df:c4:e8 |
[    9.294324] cloud-init[963]: ci-info: |   lo   |  True |         127.0.0.1          |   255.0.0.0   |  host  |         .         |
[    9.297185] cloud-init[963]: ci-info: |   lo   |  True |          ::1/128           |       .       |  host  |         .         |
[    9.299782] cloud-init[963]: ci-info: +--------+-------+----------------------------+---------------+--------+-------------------+
[    9.301587] cloud-init[963]: ci-info: +++++++++++++++++++++++++++Route IPv4 info++++++++++++++++++++++++++++
[    9.303070] cloud-init[963]: ci-info: +-------+-------------+----------+---------------+-----------+-------+
[    9.304586] cloud-init[963]: ci-info: | Route | Destination | Gateway  |    Genmask    | Interface | Flags |
[    9.312385] cloud-init[963]: ci-info: +-------+-------------+----------+---------------+-----------+-------+
[    9.313784] cloud-init[963]: ci-info: |   0   |   0.0.0.0   | 10.0.2.2 |    0.0.0.0    |   enp0s3  |   UG  |
[    9.320385] cloud-init[963]: ci-info: |   1   |   10.0.2.0  | 0.0.0.0  | 255.255.255.0 |   enp0s3  |   U   |
[    9.321803] cloud-init[963]: ci-info: +-------+-------------+----------+---------------+-----------+-------+
[    9.324148] cloud-init[963]: ci-info: +++++++++++++++++++Route IPv6 info+++++++++++++++++++
[    9.326082] cloud-init[963]: ci-info: +-------+-------------+---------+-----------+-------+
[    9.332395] cloud-init[963]: ci-info: | Route | Destination | Gateway | Interface | Flags |
[    9.340420] cloud-init[963]: ci-info: +-------+-------------+---------+-----------+-------+
[    9.342111] cloud-init[963]: ci-info: |   0   |  fe80::/64  |    ::   |   enp0s3  |   U   |
[    9.343175] cloud-init[963]: ci-info: |   3   |   ff00::/8  |    ::   |   enp0s3  |   U   |
[    9.352444] cloud-init[963]: ci-info: +-------+-------------+---------+-----------+-------+
[    9.353678] cloud-init[963]: Generating public/private rsa key pair.
[    9.355042] cloud-init[963]: Your identification has been saved in /etc/ssh/ssh_host_rsa_key.
[    9.356922] cloud-init[963]: Your public key has been saved in /etc/ssh/ssh_host_rsa_key.pub.
[    9.358801] cloud-init[963]: The key fingerprint is:
[    9.359128] cloud-init[963]: SHA256:VDBX2hNcI7k67sRSAeGYZ7Vmq1POQXFkYf32xybZ7A0 root@ubuntu-xenial
[    9.359386] cloud-init[963]: The key's randomart image is:
[    9.360014] cloud-init[963]: +---[RSA 2048]----+
[    9.361623] cloud-init[963]: |        =o=+X=o  |
[    9.362300] cloud-init[963]: |       + * Ooo.. |
[    9.362586] cloud-init[963]: |      o = B o. . |
[    9.363059] cloud-init[963]: |       + + o..  o|
[    9.363473] cloud-init[963]: |        S =.   *.|
[    9.363830] cloud-init[963]: |         Bo.  E B|
[    9.365314] cloud-init[963]: |        +.=.   =o|
[    9.365898] cloud-init[963]: |         +.     o|
[    9.366445] cloud-init[963]: |         ..      |
[    9.366785] cloud-init[963]: +----[SHA256]-----+
[[0;32m  OK  [0m] Started Initial cloud-init job (metadata service crawler).
[[0;32m  OK  [0m] Reached target Network is Online.
[    9.366985] cloud-init[963]: Generating public/private dsa key pair.
[    9.380972]          Starting iSCSI initiator daemon (iscsid)...
[[0;32m  OK  [0m] Reached target System Initialization.
[[0;32m  OK  [0m] Listening on ACPID Listen Socket.
cloud-init[963]: Your identification has been saved in /etc/ssh/ssh_host_dsa_key.
[    9.385752] [[0;32m  OK  [0m] Started Daily Cleanup of Temporary Directories.
[[0;32m  OK  [0m] Listening on D-Bus System Message Bus Socket.
cloud-init         Starting LXD - unix socket.
[[0;32m  OK  [0m] Listening on UUID daemon activation socket.
[963]: Your public key has been saved in /etc/ssh/ssh_host_dsa_key.pub.
[    9.392424] cloud-init[[0;32m  OK  [0m] Started ACPI Events Check.
[[0;32m  OK  [0m] Reached target Paths.
[963]: The key fingerprint is:
[    9.394781] cloud-init[963]: SHA256:ucfcz94tDzcM4OIfwWwoyda5EJqBJuwSIj49+Lh1K5A root@ubuntu-xenial
[    9.401003]          Starting Socket activation for snappy daemon.
[[0;32m  OK  [0m] Started Daily apt download activities.
[[0;32m  OK  [0m] Started Daily apt upgrade and clean activities.
cloud-init[963]: The key's randomart image is:
[    9.403736] [[0;32m  OK  [0m] Started Message of the Day.
[[0;32m  OK  [0m] Reached target Timers.
[[0;32m  OK  [0m] Reached target Cloud-config availability.
cloud-init[963]: +---[DSA 1024]----+[[0;32m  OK  [0m] Listening on LXD - unix socket.
[[0;32m  OK  [0m] Listening on Socket activation for snappy daemon.
[[0;32m  OK  [0m] Reached target Sockets.
[[0;32m  OK  [0m] Reached target Basic System.
         Starting Login Service...
         Starting Virtualbox guest utils...

[    9.411377] cloud-init[963]:          Starting Pollinate to seed the pseudo random number generator...
         Starting LSB: Record successful boot for GRUB...
[[0;32m  OK  [0m] Started Deferred execution scheduler.
         Starting LSB: MD monitoring daemon...
         Starting /etc/rc.local Compatibility...
         Starting System Logging Service...
[[0;32m  OK  [0m] Started D-Bus System Message Bus.
|                 |
[    9.437270] cloud-init[963]: |.   .            |
[    9.444335] cloud-init[963]: |+o o . .   .     |
[    9.445860] cloud-init[963]: |=.=   = +.* .    |
[    9.447419] cloud-init[963]: |.=.o o *S= * .   |
[    9.448584] cloud-init[963]: |.E+ . . +++.. o  |
[    9.449822] cloud-init[963]: | ..o .  .o+.. .o.|
[    9.450644] cloud-init[963]: |  o.. .  .. .o.+o|
[    9.451771] cloud-init[963]: | .  ..     . .+o+|
[    9.452810] cloud-init[963]: +----[SHA256]-----+
[    9.460390] cloud-init[963]: Generating public/private ecdsa key pair.
[    9.462133] cloud-init[963]: Your identification has been saved in /etc/ssh/ssh_host_ecdsa_key.
[    9.464019] cloud-init[963]: Your public key has been saved in /etc/ssh/ssh_host_ecdsa_key.pub.
[    9.465926] cloud-init[963]: The key fingerprint is:
[    9.466969] cloud-init[963]: SHA256:qziWdYUPx7ZIqarElO/gPrKaANRrvyEBpxICjLTeOug root@ubuntu-xenial
[    9.468510] cloud-init[963]: The key's randomart image is:
[    9.469592] cloud-init[963]: +---[ECDSA 256]---+
[    9.476320] cloud-init[963]: |=.               |
[    9.477789] cloud-init[963]: |o.o              |
[    9.479327] cloud-init         Starting Accounts Service...
[[0;32m  OK  [0m] Started FUSE filesystem for LXC.
[[0;32m  OK  [0m] Started Regular background program processing daemon.
[963]: |o+ o     +       |
[    9.484219] [[0;32m  OK  [0m] Started ACPI event daemon.
cloud-init[963]: |+.=..   = =      |
[    9.486672] cloud-init[963]: |ooo=   oSB .     |
[    9.487807]          Starting Snap Daemon...
cloud-init[963]: |+oo.o o o.o      |
         Starting LXD - container startup/shutdown...
[[0;32m  OK  [0m] Started System Logging Service.
[[0;32m  OK  [0m] Started iSCSI initiator daemon (iscsid).
[[0;32m  OK  [0m] Started /etc/rc.local Compatibility.
[    9.490750] cloud-init[963]: |oo+..* ..        |
[    9.505339] cloud-init[963]: |++oo*.o.         |
[    9.507100] cloud-init[963]: |=E++oo.          |
[    9.509089] cloud-init[963]: +----[SHA256]-----+
[    9.510990] cloud-init[963]: Generating public/private ed25519 key pair.
[    9.513263] cloud-init[963]: Your identification has been saved in /etc/ssh/ssh_host_ed25519_key.
[    9.515813] cloud-init[963]: Your public key has been saved in /etc/ssh/ssh_host_ed25519_key.pub.
[    9.518974] cloud-init[963]: The key fingerprint is:
[    9.520835] cloud-init[963]: SHA256:MHOqHelRea/vXKzdUOLSLvB8JYA7nlYsnLLDwnQhoN8 root@ubuntu-xenial
[    9.524509] cloud-init[963]: The key's randomart image is:
[    9.536179] cloud-init[963]: +--[ED25519 256]--+
[    9.541719] cloud-init[963]: |                 |
         Starting Login to default iSCSI targets...
[    9.558012] cloud-init[963]: |    .    .       |
[    9.558669] cloud-init[963]: |   . .+ + ..     |
[    9.559154] cloud-init[963]: |  .   .O.....    |
[[0;32m  OK  [0m] Started Login Service.
[[0;32m  OK  [0m] Started Unattended Upgrades Shutdown.
[[0;32m  OK  [0m] Started LSB: MD monitoring daemon.
[    9.579818] cloud-init[963]: |   . .=.So +... .|[[0;32m  OK  [0m] Started Login to default iSCSI targets.
[[0;32m  OK  [0m] Reached target Remote File Systems (Pre).
[    9.598489] 
[[0;32m  OK  [0m] Reached target Remote File Systems.
cloud-init[963]: |    .+Eoo B.o+.o.|
[    9.611107] cloud-init[963]: |    .ooo +.O. *o |
[    9.613931] cloud-init[963]: |      o + +o+*.o |         Starting LSB: automatic crash report generation...
         Starting LSB: daemon to balance interrupts for SMP systems...
         Starting Permit User Sessions...
         Starting LSB: Set the CPU Frequency Scaling governor to "ondemand"...

[    9.644403] cloud-init[963]: |       . o .=oo .|[[0;32m  OK  [0m] Started LSB: Record successful boot for GRUB.
[[0;32m  OK  [0m] Started Permit User Sessions.
         Starting Terminate Plymouth Boot Screen...
         Starting Hold until boot process finishes up...

[    9.665577] cloud-init[963]: +----[SHA256]-----+
[[0;32m  OK  [0m] Started Terminate Plymouth Boot Screen.
[[0;32m  OK  [0m] Started Hold until boot process finishes up.
         Starting Authenticate and Authorize Users to Run Privileged Tasks...
[[0;32m  OK  [0m] Started Getty on tty1.
[[0;32m  OK  [0m] Started Serial Getty on ttyS0.
[[0;32m  OK  [0m] Reached target Login Prompts.
         Starting Set console scheme...
[[0;32m  OK  [0m] Started LSB: automatic crash report generation.
[[0;32m  OK  [0m] Started LSB: daemon to balance interrupts for SMP systems.
[[0;32m  OK  [0m] Started LSB: Set the CPU Frequency Scaling governor to "ondemand".
[[0;32m  OK  [0m] Started Set console scheme.
[[0;32m  OK  [0m] Started Authenticate and Authorize Users to Run Privileged Tasks.
[[0;32m  OK  [0m] Started Accounts Service.
[[0;32m  OK  [0m] Started LXD - container startup/shutdown.
[[0;32m  OK  [0m] Started Virtualbox guest utils.
[[0;32m  OK  [0m] Started Snap Daemon.
         Starting Wait until snapd is fully seeded...
[[0;32m  OK  [0m] Started Pollinate to seed the pseudo random number generator.
         Starting OpenBSD Secure Shell server...
[[0;32m  OK  [0m] Started OpenBSD Secure Shell server.
[[0;32m  OK  [0m] Created slice User Slice of vagrant.
         Starting User Manager for UID 1000...
[[0;32m  OK  [0m] Started Session 1 of user vagrant.
[[0;32m  OK  [0m] Started User Manager for UID 1000.
[[0;32m  OK  [0m] Started Wait until snapd is fully seeded.
         Starting Apply the settings specified in cloud-config...
[[0;32m  OK  [0m] Reached target Multi-User System.
[[0;32m  OK  [0m] Reached target Graphical Interface.
         Starting Update UTMP about System Runlevel Changes...
[[0;32m  OK  [0m] Started Update UTMP about System Runlevel Changes.
[   14.218577] cloud-init[1449]: Generating locales (this might take a while)...
[   15.508834] cloud-init[1449]:   en_US.UTF-8... done
[   15.511173] cloud-init[1449]: Generation complete.

Ubuntu 16.04.7 LTS ubuntu-xenial ttyS0

ubuntu-xenial login: [   15.981347] cloud-init[1449]: Cloud-init v. 21.1-19-gbad84ad4-0ubuntu1~16.04.2 running 'modules:config' at Fri, 28 May 2021 09:10:53 +0000. Up 14.04 seconds.
ci-info: no authorized SSH keys fingerprints found for user ubuntu.
<14>May 28 09:10:56 ec2: 
<14>May 28 09:10:56 ec2: #############################################################
<14>May 28 09:10:56 ec2: -----BEGIN SSH HOST KEY FINGERPRINTS-----
<14>May 28 09:10:56 ec2: 1024 SHA256:ucfcz94tDzcM4OIfwWwoyda5EJqBJuwSIj49+Lh1K5A root@ubuntu-xenial (DSA)
<14>May 28 09:10:56 ec2: 256 SHA256:qziWdYUPx7ZIqarElO/gPrKaANRrvyEBpxICjLTeOug root@ubuntu-xenial (ECDSA)
<14>May 28 09:10:56 ec2: 256 SHA256:MHOqHelRea/vXKzdUOLSLvB8JYA7nlYsnLLDwnQhoN8 root@ubuntu-xenial (ED25519)
<14>May 28 09:10:56 ec2: 2048 SHA256:VDBX2hNcI7k67sRSAeGYZ7Vmq1POQXFkYf32xybZ7A0 root@ubuntu-xenial (RSA)
<14>May 28 09:10:56 ec2: -----END SSH HOST KEY FINGERPRINTS-----
<14>May 28 09:10:56 ec2: #############################################################
-----BEGIN SSH HOST KEY KEYS-----
ecdsa-sha2-nistp256 AAAAE2VjZHNhLXNoYTItbmlzdHAyNTYAAAAIbmlzdHAyNTYAAABBBNModQjDdM44rZsOV59nghdEHp3u1tAoFHdg6TSrH41p4cBFYYMTG+dJnv8ilpb8mRvYMN1CWcxCNgn125777is= root@ubuntu-xenial
ssh-ed25519 AAAAC3NzaC1lZDI1NTE5AAAAII7Doz93JcCIdpQNoIDj7z5dClAFWmo3G6dgAY2tuv+3 root@ubuntu-xenial
ssh-rsa AAAAB3NzaC1yc2EAAAADAQABAAABAQDQp58n2XrjM9y5AN30nCqyayMoDj08PqhWBk/L+e4MtUzAwNR8/53KpzUHsduIIabGBG9GcpaOUCGz/SHcSjSIXLhxa1nNuc5S8xTULGS2llVu63vDu8/zqt4qrRyu5g4lo/q/slfpllt66yUvpeA6ECowGVH/wS4HYiVlWBmsww1O6KQxX4BnHaHn3nDGQWXwfB/N2r7rNg6UtFht8iH6DGBOKeldvOIYxs4rHiFCqRzdJ5AmJ0sJlo0RLS/irBQhj4TZ8YInRAQXB6lvZjSXwdLP03RMes+Fmhd9TAXYC5dGZ7YGnxvoXLnlfcOnzh2aXWJQznQxuJdf8/pbDXox root@ubuntu-xenial
-----END SSH HOST KEY KEYS-----
[   16.926027] cloud-init[1564]: Cloud-init v. 21.1-19-gbad84ad4-0ubuntu1~16.04.2 running 'modules:final' at Fri, 28 May 2021 09:10:56 +0000. Up 16.68 seconds.
[   16.928848] cloud-init[1564]: ci-info: no authorized SSH keys fingerprints found for user ubuntu.
[   16.930768] cloud-init[1564]: Cloud-init v. 21.1-19-gbad84ad4-0ubuntu1~16.04.2 finished at Fri, 28 May 2021 09:10:56 +0000. Datasource          Stopping Authenticate and Authorize Users to Run Privileged Tasks...
[[0;32m  OK  [0m] Stopped target Timers.
[[0;32m  OK  [0m] Closed Load/Save RF Kill Switch Status /dev/rfkill Watch.
         Stopping Session 4 of user vagrant.
         Stopping ACPI event daemon...
[[0;32m  OK  [0m] Stopped target Cloud-init target.
         Stopping User Manager for UID 1000...
[[0;32m  OK  [0m] Stopped target Graphical Interface.
         Stopping Accounts Service...
[[0;32m  OK  [0m] Stopped Message of the Day.
[[0;32m  OK  [0m] Stopped Execute cloud user/final scripts.
[[0;32m  OK  [0m] Stopped target Multi-User System.
         Stopping Regular background program processing daemon...
         Stopping LSB: Apache2 web server...
         Stopping LSB: daemon to balance interrupts for SMP systems...
         Stopping D-Bus System Message Bus...
[[0;32m  OK  [0m] Stopped target Login Prompts.
         Stopping Getty on tty1...
         Stopping Deferred execution scheduler...
[[0;32m  OK  [0m] Stopped Apply the settings specified in cloud-config.
[[0;32m  OK  [0m] Stopped target Cloud-config availability.
[[0;32m  OK  [0m] Stopped Wait until snapd is fully seeded.
         Stopping LXD - containe         Stopping Serial Getty on ttyS0...
[[0;32m  OK  [0m] Stopped Daily Cleanup of Temporary Directories.
         Stopping LSB: Record successful boot for GRUB...
[[0;32m  OK  [0m] Stopped Daily apt upgrade and clean activities.
         Stopping Virtualbox guest utils...
         Stopping LSB: automatic crash report generation...
         Stopping FUSE filesystem for LXC...
         Stopping System Logging Service...
         Stopping OpenBSD Secure Shell server...
[[0;32m  OK  [0m] Stopped Daily apt download activities.
[[0;32m  OK  [0m] Stopped target System Time Synchronized.
         Stopping LSB: MD monitoring daemon...
         Stopping LSB: Set the CPU Frequency Scaling governor to "ondemand"...
[[0;32m  OK  [0m] Unmounted /var/lib/lxcfs.
[[0;32m  OK  [0m] Stopped Regular background program processing daemon.
[[0;32m  OK  [0m] Stopped ACPI event daemon.
[[0;32m  OK  [0m] Stopped Accounts Service.
[[0;32m  OK  [0m] Stopped Deferred execution scheduler.
[[0;32m  OK  [0m] Stopped System Logging Service.
[[0;32m  OK  [0m] Stopped Authenticate and Authorize Users to Run Privileged Tasks.
[[0;32m  OK  [0m] Stopped Getty on tty1.
[[0;32m  OK  [0m] Stopped Serial Getty on ttyS0.
[[0;32m  OK  [0m] Stopped OpenBSD Secure Shell server.
[[0;32m  OK  [0m] Stopped User Manager for UID 1000.
[[0;32m  OK  [0m] Stopped Session 4 of user vagrant.
[[0;32m  OK  [0m] Stopped D-Bus System Message Bus.
[[0;32m  OK  [0m] Stopped FUSE filesystem for LXC.
[[0;32m  OK  [0m] Stopped LXD - container startup/shutdown.
[[0;32m  OK  [0m] Stopped LSB: daemon to balance interrupts for SMP systems.
[[0;32m  OK  [0m] Stopped LSB: Record successful boot for GRUB.
[[0;32m  OK  [0m] Stopped LSB: automatic crash report generation.
[[0;32m  OK  [0m] Stopped LSB: MD monitoring daemon.
[[0;32m  OK  [0m] Stopped LSB: Set the CPU Frequency Scaling governor to "ondemand".
[[0;32m  OK  [0m] Removed slice User Slice of vagrant.
         Stopping Login Service...
[[0;32m  OK  [0m] Removed slice system-serial\x2dgetty.slice.
[[0;32m  OK  [0m] Removed slice system-getty.slice.
[[0;32m  OK  [0m] Stopped /etc/rc.local Compatibility.
         Stopping Permit User Sessions...
[[0;32m  OK  [0m] Stopped Virtualbox guest utils.
[[0;32m  OK  [0m] Stopped Permit User Sessions.
[[0;32m  OK  [0m] Stopped Login Service.
[[0;32m  OK  [0m] Stopped target User and Group Name Lookups.
[[0;32m  OK  [0m] Stopped LSB: Apache2 web server.
[[0;32m  OK  [0m] Stopped target Basic System.
[[0;32m  OK  [0m] Stopped target Paths.
[[0;32m  OK  [0m] Stopped Forward Password Requests to Wall Directory Watch.
[[0;32m  OK  [0m] Stopped Dispatch Password Requests to Console Directory Watch.
[[0;32m  OK  [0m] Stopped ACPI Events Check.
[[0;32m  OK  [0m] Stopped target Slices.
[[0;32m  OK  [0m] Removed slice User and Session Slice.
[[0;32m  OK  [0m] Stopped target Sockets.
[[0;32m  OK  [0m] Closed Socket activation for snappy daemon.
[[0;32m  OK  [0m] Closed UUID daemon activation socket.
[[0;32m  OK  [0m] Closed ACPID Listen Socket.
[[0;32m  OK  [0m] Closed D-Bus System Message Bus Socket.
[[0;32m  OK  [0m] Closed Syslog Socket.
[[0;32m  OK  [0m] Closed LXD - unix socket.
[[0;32m  OK  [0m] Stopped target System Initialization.
[[0;32m  OK  [0m] Stopped Create Volatile Files and Directories.
[[0;32m  OK  [0m] Stopped target Swap.
         Stopping Load/Save Random Seed...
[[0;32m  OK  [0m] Stopped Commit a transient machine-id on disk.
[[0;32m  OK  [0m] Stopped target Encrypted Volumes.
[[0;32m  OK  [0m] Stopped target Remote File Systems.
         Unmounting /vagrant...
[[0;32m  OK  [0m] Stopped Load/Save Random Seed.
[[0;32m  OK  [0m] Unmounted /vagrant.
[[0;32m  OK  [0m] Stopped target Remote File Systems (Pre).
         Stopping Login to default iSCSI targets...
[[0;32m  OK  [0m] Stopped Login to default iSCSI targets.
         Stopping iSCSI initiator daemon (iscsid)...
[[0;32m  OK  [0m] Stopped iSCSI initiator daemon (iscsid).
[[0;32m  OK  [0m] Stopped target Network is Online.
[[0;32m  OK  [0m] Stopped Initial cloud-init job (metadata service crawler).
[[0;32m  OK  [0m] Stopped target Network.
         Stopping Raise network interfaces...
[[0;32m  OK  [0m] Stopped Raise network interfaces.
[[0;32m  OK  [0m] Stopped Apply Kernel Variables.
[[0;32m  OK  [0m] Stopped target Network (Pre).
[[0;32m  OK  [0m] Stopped Initial cloud-init job (pre-networking).
[[0;32m  OK  [0m] Stopped Load Kernel Modules.
[[0;32m  OK  [0m] Stopped target Local File Systems.
         Unmounting /run/user/1000...
[[0;32m  OK  [0m] Unmounted /run/user/1000.
[[0;32m  OK  [0m] Reached target Unmount All Filesystems.
[[0;32m  OK  [0m] Stopped target Local File Systems (Pre).
[[0;32m  OK  [0m] Stopped Remount Root and Kernel File Systems.
[[0;32m  OK  [0m] Stopped Create Static Device Nodes in /dev.
[[0;32m  OK  [0m] Reached target Shutdown.
[ 2068.266426] reboot: Power down
al File Systems.
         Unmounting /run/user/1000...
[[0;32m  OK  [0m] Stopped target Network (Pre).
[[0;32m  OK  [0m] Stopped Initial cloud-init job (pre-networking).
[[0;32m  OK  [0m] Stopped Apply Kernel Variables.
[[0;32m  OK  [0m] Stopped Load Kernel Modules.
[[0;32m  OK  [0m] Unmounted /run/user/1000.
[[0;32m  OK  [0m] Reached target Unmount All Filesystems.
[[0;32m  OK  [0m] Stopped target Local File Systems (Pre).
[[0;32m  OK  [0m] Stopped Create Static Device Nodes in /dev.
         Stopping Monitoring of LVM2 mirrors... dmeventd or progress polling...
[[0;32m  OK  [0m] Stopped Remount Root and Kernel File Systems.
[[0;32m  OK  [0m] Reached target Shutdown.
[ 1942.780311] reboot: Power down
